(18:41:07) INFO:    [Legendary]:        Legendary location: /opt/Heroic/resources/app.asar.unpacked/build/bin/linux/legendary
(18:41:07) INFO:    [Gog]:              GOGDL location: /opt/Heroic/resources/app.asar.unpacked/build/bin/linux/gogdl
(18:41:07) INFO:    [Connection]:       Connectivity: check-online
(18:41:07) INFO:    [Connection]:       Pinging external endpoints
(18:41:07) INFO:    [Gog]:              Checking for existing gog manifests
(18:41:08) INFO:    [Backend]:          DRM module staus {
  "oimompecagnajdejgnnjijobebaeigek": {
    "status": "new",
    "title": "Widevine Content Decryption Module",
    "version": "4.10.2710.0"
  }
}
(18:41:09) WARNING: [Backend]:          Protocol already registered.
(18:41:09) INFO:    [Legendary]:        Running command: LEGENDARY_CONFIG_PATH=/home/pc/.config/heroic/legendaryConfig/legendary /opt/Heroic/resources/app.asar.unpacked/build/bin/linux/legendary --version
(18:41:09) INFO:    [Gog]:              Running command: GOGDL_CONFIG_PATH=/home/pc/.config/heroic/gogdlConfig /opt/Heroic/resources/app.asar.unpacked/build/bin/linux/gogdl --auth-config-path /home/pc/.config/heroic/gog_store/auth.json --version
(18:41:09) INFO:    [Nile]:             Running command: NILE_CONFIG_PATH=/home/pc/.config/heroic/nile_config /opt/Heroic/resources/app.asar.unpacked/build/bin/linux/nile --version
(18:41:09) INFO:    [Connection]:       Connectivity: online
(18:41:09) INFO:    [Gog]:              Running command: GOGDL_CONFIG_PATH=/home/pc/.config/heroic/gogdlConfig /opt/Heroic/resources/app.asar.unpacked/build/bin/linux/gogdl --auth-config-path /home/pc/.config/heroic/gog_store/auth.json auth
(18:41:09) ERROR:   [Gog]:              Unable to syncQueued playtime, userData not present
(18:41:09) INFO:    [Backend]:          
System Information:
CPU: 8x Intel(R) Core(TM) i5-8250U CPU @ 1.60GHz
Memory: 12.27 GB (used: 1.95 GB)
GPUs:
  GPU 0:
    Name: Advanced Micro Devices, Inc. [AMD/ATI] Jet PRO [Radeon R5 M230 / R7 M260DX / Radeon 520/610 Mobile]
    IDs: D=6665 V=1002 SD=0841 SV=1028
    Driver: amdgpu
  GPU 1:
    Name: Intel Corporation UHD Graphics 620
    IDs: D=5917 V=8086 SD=0841 SV=1028
    Driver: i915
OS: Arch Linux 6.10.3-arch1-2 (linux)

The current system is not a Steam Deck
We are not running inside a Flatpak container

Software Versions:
  Heroic: 2.14.1 Flame Emperor Sabo
  Legendary: 0.20.34 Direct Intervention
  gogdl: 1.0.1
  Nile: 1.0.2 Jonathan Joestar

(18:41:10) INFO:    [Backend]:          AreWeAntiCheatYet data downloaded
(18:41:10) INFO:    [Frontend]:         Refreshing undefined Library
(18:41:10) WARNING: [Backend]:          refresh not implemented on Sideload Library Manager
(18:41:10) INFO:    [Legendary]:        Refreshing library...
(18:41:10) INFO:    [Legendary]:        Refreshing Epic Games...
(18:41:10) INFO:    [Backend]:          Frontend Ready
(18:41:10) INFO:    [Backend]:          Checking for new Heroic Updates
(18:41:10) INFO:    [Legendary]:        Running command: LEGENDARY_CONFIG_PATH=/home/pc/.config/heroic/legendaryConfig/legendary /opt/Heroic/resources/app.asar.unpacked/build/bin/linux/legendary list --third-party
(18:41:10) INFO:    [Backend]:          Checking for current version changelog
(18:41:11) INFO:    [Winetricks]:       Downloading Winetricks
(18:41:14) INFO:    [Legendary]:        Game list updated, got 48 games & DLCs
(18:41:14) WARNING: [Backend]:          listUpdateableGames not implemented on Sideload Library Manager
(18:41:14) INFO:    [WineDownloader]:   Updating wine versions info
(18:41:14) INFO:    [WineDownloader]:   Fetching upstream information...
(18:41:14) INFO:    [Legendary]:        Checking for game updates: LEGENDARY_CONFIG_PATH=/home/pc/.config/heroic/legendaryConfig/legendary /opt/Heroic/resources/app.asar.unpacked/build/bin/linux/legendary list --third-party
(18:41:15) INFO:    [Backend]:          Starting the Download Queue
(18:41:15) INFO:    [WineDownloader]:   wine versions updated
(18:41:17) INFO:    [Legendary]:        Found 0 games to update
(18:41:57) INFO:    [Gog]:              Logging using GOG credentials
(18:41:57) INFO:    [Gog]:              Running command: GOGDL_CONFIG_PATH=/home/pc/.config/heroic/gogdlConfig /opt/Heroic/resources/app.asar.unpacked/build/bin/linux/gogdl --auth-config-path /home/pc/.config/heroic/gog_store/auth.json auth --code <redacted>
(18:41:57) INFO:    [Gog]:              Login Successful
(18:41:57) INFO:    [Gog]:              Checking if login is valid
(18:41:57) INFO:    [Gog]:              Running command: GOGDL_CONFIG_PATH=/home/pc/.config/heroic/gogdlConfig /opt/Heroic/resources/app.asar.unpacked/build/bin/linux/gogdl --auth-config-path /home/pc/.config/heroic/gog_store/auth.json auth
(18:41:58) INFO:    [Gog]:              Saved username to config file
(18:41:58) INFO:    [Frontend]:         Refreshing gog Library
(18:41:58) INFO:    [Gog]:              Running command: GOGDL_CONFIG_PATH=/home/pc/.config/heroic/gogdlConfig /opt/Heroic/resources/app.asar.unpacked/build/bin/linux/gogdl --auth-config-path /home/pc/.config/heroic/gog_store/auth.json auth
(18:41:59) INFO:    [Gog]:              Getting GOG library
(18:41:59) INFO:    [Gog]:              Running command: GOGDL_CONFIG_PATH=/home/pc/.config/heroic/gogdlConfig /opt/Heroic/resources/app.asar.unpacked/build/bin/linux/gogdl --auth-config-path /home/pc/.config/heroic/gog_store/auth.json auth
(18:42:00) INFO:    [Gog]:              Saved games data
(19:10:49) INFO:    [Backend]:          Launching Fallout: New Vegas (5daeb974a22a435988892319b3a4f476)
(19:10:49) INFO:    [Backend]:          Preventing display from sleep
(19:10:49) INFO:    [Backend]:          Checking if wine version exists: Wine Default - wine-9.8 (Staging)
(19:10:49) INFO:    [Backend]:          Preventing machine to sleep
(19:10:49) INFO:    [Backend]:          Checking if wine version exists: Wine Default - wine-9.8 (Staging)
(19:10:49) INFO:    [Backend]:          Checking if wine version exists: Wine Default - wine-9.8 (Staging)
(19:10:49) INFO:    [Backend]:          Checking if wine version exists: Wine Default - wine-9.8 (Staging)
(19:10:49) ERROR:   [Backend]:          Couldn't find all library folders of Wine Default - wine-9.8 (Staging)!
Missing undefined and/or undefined!
Falling back to system libraries!
(19:10:49) DEBUG:   [Backend]:          Running Wine command: wineboot --init
(19:10:55) INFO:    [DXVKInstaller]:    installing dxvk on... /home/pc/Games/Heroic/Prefixes/default/Fallout New Vegas
(19:10:55) INFO:    [DXVKInstaller]:    dxvk already installed!
(19:10:55) INFO:    [DXVKInstaller]:    installing vkd3d on... /home/pc/Games/Heroic/Prefixes/default/Fallout New Vegas
(19:10:55) INFO:    [DXVKInstaller]:    vkd3d already installed!
(19:10:55) ERROR:   [Backend]:          Couldn't find all library folders of Wine Default - wine-9.8 (Staging)!
Missing undefined and/or undefined!
Falling back to system libraries!
(19:10:55) INFO:    [Legendary]:        Launching Fallout: New Vegas: HEROIC_APP_NAME=5daeb974a22a435988892319b3a4f476 HEROIC_APP_RUNNER=legendary HEROIC_APP_SOURCE=epic DRI_PRIME=1 __NV_PRIME_RENDER_OFFLOAD=1 __GLX_VENDOR_LIBRARY_NAME=nvidia STEAM_COMPAT_INSTALL_PATH=/home/hdd2/FalloutNewVegas LD_PRELOAD= DOTNET_BUNDLE_EXTRACT_BASE_DIR= DOTNET_ROOT= WINEPREFIX="/home/pc/Games/Heroic/Prefixes/default/Fallout New Vegas" WINEDLLOVERRIDES=winemenubuilder.exe=d WINE_FULLSCREEN_FSR=1 WINE_FULLSCREEN_FSR_STRENGTH=2 WINEESYNC=1 WINEFSYNC=1 PROTON_EAC_RUNTIME=/home/pc/.config/heroic/tools/runtimes/eac_runtime PROTON_BATTLEYE_RUNTIME=/home/pc/.config/heroic/tools/runtimes/battleye_runtime ORIG_LD_LIBRARY_PATH= LEGENDARY_CONFIG_PATH=/home/pc/.config/heroic/legendaryConfig/legendary /opt/Heroic/resources/app.asar.unpacked/build/bin/linux/legendary launch 5daeb974a22a435988892319b3a4f476 --wine /usr/bin/wine --wrapper "/usr/bin/mangohud --dlsym /usr/bin/gamemoderun" --language en
(19:10:55) INFO:    [Backend]:          Stopping Power Saver Blocker
(19:11:48) INFO:    [Backend]:          Trying to kill 5daeb974a22a435988892319b3a4f476
(19:11:48) INFO:    [Backend]:          Killed 5daeb974a22a435988892319b3a4f476
(19:11:48) INFO:    [Backend]:          Stopping Display Power Saver Blocker
(19:11:48) INFO:    [Frontend]:         Refreshing legendary Library
(19:11:48) INFO:    [Legendary]:        Refreshing library...
(19:11:48) INFO:    [Legendary]:        Refreshing Epic Games...
(19:11:48) INFO:    [Legendary]:        Running command: LEGENDARY_CONFIG_PATH=/home/pc/.config/heroic/legendaryConfig/legendary /opt/Heroic/resources/app.asar.unpacked/build/bin/linux/legendary list --third-party
(19:11:48) INFO:    [Backend]:          Launching Fallout: New Vegas (5daeb974a22a435988892319b3a4f476)
(19:11:48) INFO:    [Backend]:          Preventing display from sleep
(19:11:48) INFO:    [Backend]:          Checking if wine version exists: Wine Default - wine-9.8 (Staging)
(19:11:49) INFO:    [Backend]:          Checking if wine version exists: Wine Default - wine-9.8 (Staging)
(19:11:49) INFO:    [Backend]:          Checking if wine version exists: Wine Default - wine-9.8 (Staging)
(19:11:49) INFO:    [Backend]:          Checking if wine version exists: Wine Default - wine-9.8 (Staging)
(19:11:49) ERROR:   [Backend]:          Couldn't find all library folders of Wine Default - wine-9.8 (Staging)!
Missing undefined and/or undefined!
Falling back to system libraries!
(19:11:49) DEBUG:   [Backend]:          Running Wine command: wineboot --init
(19:11:52) INFO:    [Legendary]:        Game list updated, got 49 games & DLCs
(19:11:52) INFO:    [Frontend]:         Force Update
(19:11:54) INFO:    [DXVKInstaller]:    installing dxvk on... /home/pc/Games/Heroic/Prefixes/default/Fallout New Vegas
(19:11:54) INFO:    [DXVKInstaller]:    dxvk already installed!
(19:11:54) INFO:    [DXVKInstaller]:    installing vkd3d on... /home/pc/Games/Heroic/Prefixes/default/Fallout New Vegas
(19:11:54) INFO:    [DXVKInstaller]:    vkd3d already installed!
(19:11:54) ERROR:   [Backend]:          Couldn't find all library folders of Wine Default - wine-9.8 (Staging)!
Missing undefined and/or undefined!
Falling back to system libraries!
(19:11:54) INFO:    [Legendary]:        Launching Fallout: New Vegas: HEROIC_APP_NAME=5daeb974a22a435988892319b3a4f476 HEROIC_APP_RUNNER=legendary HEROIC_APP_SOURCE=epic DRI_PRIME=1 __NV_PRIME_RENDER_OFFLOAD=1 __GLX_VENDOR_LIBRARY_NAME=nvidia STEAM_COMPAT_INSTALL_PATH=/home/hdd2/FalloutNewVegas LD_PRELOAD= DOTNET_BUNDLE_EXTRACT_BASE_DIR= DOTNET_ROOT= WINEPREFIX="/home/pc/Games/Heroic/Prefixes/default/Fallout New Vegas" WINEDLLOVERRIDES=winemenubuilder.exe=d WINE_FULLSCREEN_FSR=1 WINE_FULLSCREEN_FSR_STRENGTH=2 WINEESYNC=1 WINEFSYNC=1 PROTON_EAC_RUNTIME=/home/pc/.config/heroic/tools/runtimes/eac_runtime PROTON_BATTLEYE_RUNTIME=/home/pc/.config/heroic/tools/runtimes/battleye_runtime ORIG_LD_LIBRARY_PATH= LEGENDARY_CONFIG_PATH=/home/pc/.config/heroic/legendaryConfig/legendary /opt/Heroic/resources/app.asar.unpacked/build/bin/linux/legendary launch 5daeb974a22a435988892319b3a4f476 --wine /usr/bin/wine --wrapper "/usr/bin/mangohud --dlsym /usr/bin/gamemoderun" --language en
(19:11:54) INFO:    [Backend]:          Stopping Power Saver Blocker
(20:18:49) INFO:    [Backend]:          Stopping Display Power Saver Blocker
(20:18:49) INFO:    [Frontend]:         Refreshing legendary Library
(20:18:49) INFO:    [Legendary]:        Refreshing library...
(20:18:49) INFO:    [Legendary]:        Refreshing Epic Games...
(20:18:50) INFO:    [Legendary]:        Running command: LEGENDARY_CONFIG_PATH=/home/pc/.config/heroic/legendaryConfig/legendary /opt/Heroic/resources/app.asar.unpacked/build/bin/linux/legendary list --third-party
(20:18:52) INFO:    [Legendary]:        Game list updated, got 49 games & DLCs
(20:18:54) INFO:    [Backend]:          Launching Grand Theft Auto V (9d2d0eb64d5c44529cece33fe2a46482)
(20:18:54) INFO:    [Backend]:          Checking if wine version exists: Proton - Proton-GE-latest
(20:18:54) INFO:    [Backend]:          Checking if wine version exists: Proton - Proton-GE-latest
(20:18:54) WARNING: [Backend]:          You are using Proton, this can lead to some bugs. Please do not open issues with bugs related to games
(20:18:54) INFO:    [Backend]:          Checking if wine version exists: Proton - Proton-GE-latest
(20:18:54) INFO:    [Backend]:          Checking if wine version exists: Proton - Proton-GE-latest
(20:18:54) DEBUG:   [Backend]:          Running Wine command: run wineboot --init
(20:18:57) INFO:    [Legendary]:        Launching Grand Theft Auto V: HEROIC_APP_NAME=9d2d0eb64d5c44529cece33fe2a46482 HEROIC_APP_RUNNER=legendary HEROIC_APP_SOURCE=epic STEAM_COMPAT_INSTALL_PATH=/home/hdd2/GTAV LD_PRELOAD= DOTNET_BUNDLE_EXTRACT_BASE_DIR= DOTNET_ROOT= STEAM_COMPAT_CLIENT_INSTALL_PATH=/home/pc/.steam/steam STEAM_COMPAT_DATA_PATH="/home/pc/Games/Heroic/Prefixes/default/Grand Theft Auto V" WINE_FULLSCREEN_FSR=1 WINE_FULLSCREEN_FSR_STRENGTH=2 PROTON_NO_ESYNC=1 PROTON_NO_FSYNC=1 PROTON_ENABLE_NVAPI=1 DXVK_NVAPI_ALLOW_OTHER_DRIVERS=1 STEAM_COMPAT_APP_ID=0 SteamAppId=0 SteamGameId=heroic-GTAV PROTON_LOG_DIR=/home/pc LEGENDARY_CONFIG_PATH=/home/pc/.config/heroic/legendaryConfig/legendary /opt/Heroic/resources/app.asar.unpacked/build/bin/linux/legendary launch 9d2d0eb64d5c44529cece33fe2a46482 --no-wine --wrapper "/usr/bin/mangohud --dlsym /usr/bin/gamemoderun '/home/pc/.config/heroic/tools/proton/Proton-GE-latest/proton' waitforexitandrun" --language en
(20:18:57) INFO:    [Backend]:          Stopping Power Saver Blocker
(20:22:29) INFO:    [Legendary]:        Checking if EOS Overlay is enabled: LEGENDARY_CONFIG_PATH=/home/pc/.config/heroic/legendaryConfig/legendary /opt/Heroic/resources/app.asar.unpacked/build/bin/linux/legendary eos-overlay info --prefix "/home/pc/Games/Heroic/Prefixes/default/Grand Theft Auto V/pfx"
(20:22:29) INFO:    [ExtraGameInfo]:    Using cached ExtraGameInfo data for Grand Theft Auto V
(20:22:29) INFO:    [Legendary]:        Getting more details with 'legendary info'
(20:22:29) INFO:    [ExtraGameInfo]:    Using cached ExtraGameInfo data for Grand Theft Auto V
(20:22:29) INFO:    [Legendary]:        Getting more details with 'legendary info'
(20:22:29) INFO:    [Legendary]:        Getting more details with 'legendary info'
(20:22:29) INFO:    [Legendary]:        Running command: LEGENDARY_CONFIG_PATH=/home/pc/.config/heroic/legendaryConfig/legendary /opt/Heroic/resources/app.asar.unpacked/build/bin/linux/legendary info 9d2d0eb64d5c44529cece33fe2a46482 --json --platform Windows
(20:22:29) INFO:    [Legendary]:        Running command: LEGENDARY_CONFIG_PATH=/home/pc/.config/heroic/legendaryConfig/legendary /opt/Heroic/resources/app.asar.unpacked/build/bin/linux/legendary info 9d2d0eb64d5c44529cece33fe2a46482 --json --platform Windows
(20:22:29) INFO:    [Legendary]:        Running command: LEGENDARY_CONFIG_PATH=/home/pc/.config/heroic/legendaryConfig/legendary /opt/Heroic/resources/app.asar.unpacked/build/bin/linux/legendary info 9d2d0eb64d5c44529cece33fe2a46482 --json --platform Windows
(20:22:29) INFO:    [Legendary]:        Abort command "LEGENDARY_CONFIG_PATH=/home/pc/.config/heroic/legendaryConfig/legendary /opt/Heroic/resources/app.asar.unpacked/build/bin/linux/legendary eos-overlay info --prefix "/home/pc/Games/Heroic/Prefixes/default/Grand Theft Auto V/pfx""
(20:22:29) ERROR:   [Legendary]:        Error: Request failed with status code 403
    at createError (/opt/Heroic/resources/app.asar/node_modules/axios/lib/core/createError.js:16:15)
    at settle (/opt/Heroic/resources/app.asar/node_modules/axios/lib/core/settle.js:17:12)
    at IncomingMessage.handleStreamEnd (/opt/Heroic/resources/app.asar/node_modules/axios/lib/adapters/http.js:322:11)
    at IncomingMessage.emit (node:events:526:35)
    at endReadableNT (node:internal/streams/readable:1408:12)
    at process.processTicksAndRejections (node:internal/process/task_queues:82:21)
(20:22:30) INFO:    [Legendary]:        Getting Info from Epic API
(20:22:30) INFO:    [Legendary]:        Getting more details with 'legendary info'
(20:22:30) INFO:    [Legendary]:        Running command: LEGENDARY_CONFIG_PATH=/home/pc/.config/heroic/legendaryConfig/legendary /opt/Heroic/resources/app.asar.unpacked/build/bin/linux/legendary info 9d2d0eb64d5c44529cece33fe2a46482 --json --platform Windows
(20:22:32) INFO:    [Backend]:          9d2d0eb64d5c44529cece33fe2a46482: Setting nvidiaPrime to true
(20:22:34) INFO:    [Backend]:          9d2d0eb64d5c44529cece33fe2a46482: Setting useSteamRuntime to true
(20:22:37) INFO:    [Backend]:          Stopping Display Power Saver Blocker
(20:22:37) INFO:    [Frontend]:         Refreshing legendary Library
(20:22:37) INFO:    [Legendary]:        Refreshing library...
(20:22:37) INFO:    [Legendary]:        Refreshing Epic Games...
(20:22:37) DEBUG:   [Legendary]:        Using cached install info
(20:22:37) DEBUG:   [Legendary]:        Using cached install info
(20:22:38) INFO:    [Legendary]:        Running command: LEGENDARY_CONFIG_PATH=/home/pc/.config/heroic/legendaryConfig/legendary /opt/Heroic/resources/app.asar.unpacked/build/bin/linux/legendary list --third-party
(20:22:38) INFO:    [Backend]:          9d2d0eb64d5c44529cece33fe2a46482: Setting gamescope to {"enableUpscaling":false,"enableLimiter":true,"windowType":"fullscreen","gameWidth":"","gameHeight":"","upscaleHeight":"","upscaleWidth":"","upscaleMethod":"fsr","fpsLimiter":"30","fpsLimiterNoFocus":"","additionalOptions":""}
(20:22:39) INFO:    [Backend]:          9d2d0eb64d5c44529cece33fe2a46482: Setting gamescope to {"enableUpscaling":false,"enableLimiter":false,"windowType":"fullscreen","gameWidth":"","gameHeight":"","upscaleHeight":"","upscaleWidth":"","upscaleMethod":"fsr","fpsLimiter":"30","fpsLimiterNoFocus":"","additionalOptions":""}
(20:22:40) INFO:    [Legendary]:        Game list updated, got 49 games & DLCs
(20:22:40) DEBUG:   [Legendary]:        Using cached install info
(20:22:40) DEBUG:   [Legendary]:        Using cached install info
(20:22:41) INFO:    [Backend]:          9d2d0eb64d5c44529cece33fe2a46482: Setting gamescope to {"enableUpscaling":true,"enableLimiter":false,"windowType":"fullscreen","gameWidth":"","gameHeight":"","upscaleHeight":"","upscaleWidth":"","upscaleMethod":"fsr","fpsLimiter":"30","fpsLimiterNoFocus":"","additionalOptions":""}
(20:22:48) INFO:    [Backend]:          9d2d0eb64d5c44529cece33fe2a46482: Setting gamescope to {"enableUpscaling":true,"enableLimiter":true,"windowType":"fullscreen","gameWidth":"","gameHeight":"","upscaleHeight":"","upscaleWidth":"","upscaleMethod":"fsr","fpsLimiter":"30","fpsLimiterNoFocus":"","additionalOptions":""}
(20:22:49) INFO:    [Backend]:          9d2d0eb64d5c44529cece33fe2a46482: Setting gamescope to {"enableUpscaling":true,"enableLimiter":false,"windowType":"fullscreen","gameWidth":"","gameHeight":"","upscaleHeight":"","upscaleWidth":"","upscaleMethod":"fsr","fpsLimiter":"30","fpsLimiterNoFocus":"","additionalOptions":""}
(20:22:50) INFO:    [Backend]:          9d2d0eb64d5c44529cece33fe2a46482: Setting gamescope to {"enableUpscaling":true,"enableLimiter":true,"windowType":"fullscreen","gameWidth":"","gameHeight":"","upscaleHeight":"","upscaleWidth":"","upscaleMethod":"fsr","fpsLimiter":"30","fpsLimiterNoFocus":"","additionalOptions":""}
(20:22:58) INFO:    [Backend]:          9d2d0eb64d5c44529cece33fe2a46482: Setting enableFSR to false
(20:23:00) DEBUG:   [Legendary]:        Using cached install info
(20:23:01) INFO:    [Backend]:          Launching Grand Theft Auto V (9d2d0eb64d5c44529cece33fe2a46482)
(20:23:01) INFO:    [Backend]:          Checking if wine version exists: Proton - Proton-GE-latest
(20:23:01) DEBUG:   [Legendary]:        Using cached install info
(20:23:01) DEBUG:   [Legendary]:        Using cached install info
(20:23:01) INFO:    [Backend]:          Checking if wine version exists: Proton - Proton-GE-latest
(20:23:01) WARNING: [Backend]:          You are using Proton, this can lead to some bugs. Please do not open issues with bugs related to games
(20:23:01) INFO:    [Backend]:          Checking if wine version exists: Proton - Proton-GE-latest
(20:23:01) INFO:    [Backend]:          Checking if wine version exists: Proton - Proton-GE-latest
(20:23:01) DEBUG:   [Backend]:          Running Wine command: run wineboot --init
(20:23:04) INFO:    [Legendary]:        Launching Grand Theft Auto V: HEROIC_APP_NAME=9d2d0eb64d5c44529cece33fe2a46482 HEROIC_APP_RUNNER=legendary HEROIC_APP_SOURCE=epic DRI_PRIME=1 __NV_PRIME_RENDER_OFFLOAD=1 __GLX_VENDOR_LIBRARY_NAME=nvidia STEAM_COMPAT_INSTALL_PATH=/home/hdd2/GTAV LD_PRELOAD= DOTNET_BUNDLE_EXTRACT_BASE_DIR= DOTNET_ROOT= STEAM_COMPAT_CLIENT_INSTALL_PATH=/home/pc/.steam/steam STEAM_COMPAT_DATA_PATH="/home/pc/Games/Heroic/Prefixes/default/Grand Theft Auto V" WINE_FULLSCREEN_FSR=0 PROTON_NO_ESYNC=1 PROTON_NO_FSYNC=1 PROTON_ENABLE_NVAPI=1 DXVK_NVAPI_ALLOW_OTHER_DRIVERS=1 STEAM_COMPAT_APP_ID=0 SteamAppId=0 SteamGameId=heroic-GTAV PROTON_LOG_DIR=/home/pc LEGENDARY_CONFIG_PATH=/home/pc/.config/heroic/legendaryConfig/legendary /opt/Heroic/resources/app.asar.unpacked/build/bin/linux/legendary launch 9d2d0eb64d5c44529cece33fe2a46482 --no-wine --wrapper "/usr/bin/gamescope -F fsr -f -r 30 -- /usr/bin/mangohud --dlsym /usr/bin/gamemoderun /home/pc/.local/share/Steam/steamapps/common/SteamLinuxRuntime_sniper/_v2-entry-point -- '/home/pc/.config/heroic/tools/proton/Proton-GE-latest/proton' waitforexitandrun" --language en
(20:23:04) INFO:    [Backend]:          Stopping Power Saver Blocker
(20:23:04) DEBUG:   [Legendary]:        Using cached install info
(20:23:04) DEBUG:   [Legendary]:        Using cached install info
(20:23:07) INFO:    [Backend]:          Stopping Display Power Saver Blocker
(20:23:07) INFO:    [Frontend]:         Refreshing legendary Library
(20:23:07) INFO:    [Legendary]:        Refreshing library...
(20:23:07) INFO:    [Legendary]:        Refreshing Epic Games...
(20:23:07) DEBUG:   [Legendary]:        Using cached install info
(20:23:07) DEBUG:   [Legendary]:        Using cached install info
(20:23:07) INFO:    [Legendary]:        Running command: LEGENDARY_CONFIG_PATH=/home/pc/.config/heroic/legendaryConfig/legendary /opt/Heroic/resources/app.asar.unpacked/build/bin/linux/legendary list --third-party
(20:23:10) INFO:    [Legendary]:        Game list updated, got 49 games & DLCs
(20:23:10) DEBUG:   [Legendary]:        Using cached install info
(20:23:10) DEBUG:   [Legendary]:        Using cached install info
(20:23:14) DEBUG:   [Legendary]:        Using cached install info
(20:23:16) INFO:    [Backend]:          9d2d0eb64d5c44529cece33fe2a46482: Setting gamescope to {"enableUpscaling":false,"enableLimiter":true,"windowType":"fullscreen","gameWidth":"","gameHeight":"","upscaleHeight":"","upscaleWidth":"","upscaleMethod":"fsr","fpsLimiter":"30","fpsLimiterNoFocus":"","additionalOptions":""}
(20:23:17) INFO:    [Backend]:          9d2d0eb64d5c44529cece33fe2a46482: Setting gamescope to {"enableUpscaling":false,"enableLimiter":false,"windowType":"fullscreen","gameWidth":"","gameHeight":"","upscaleHeight":"","upscaleWidth":"","upscaleMethod":"fsr","fpsLimiter":"30","fpsLimiterNoFocus":"","additionalOptions":""}
(20:23:24) INFO:    [Backend]:          9d2d0eb64d5c44529cece33fe2a46482: Setting enableFSR to true
(20:23:37) DEBUG:   [Legendary]:        Using cached install info
(20:23:38) INFO:    [Backend]:          Launching Grand Theft Auto V (9d2d0eb64d5c44529cece33fe2a46482)
(20:23:38) INFO:    [Backend]:          Checking if wine version exists: Proton - Proton-GE-latest
(20:23:38) DEBUG:   [Legendary]:        Using cached install info
(20:23:38) DEBUG:   [Legendary]:        Using cached install info
(20:23:38) INFO:    [Backend]:          Checking if wine version exists: Proton - Proton-GE-latest
(20:23:38) WARNING: [Backend]:          You are using Proton, this can lead to some bugs. Please do not open issues with bugs related to games
(20:23:38) INFO:    [Backend]:          Checking if wine version exists: Proton - Proton-GE-latest
(20:23:38) INFO:    [Backend]:          Checking if wine version exists: Proton - Proton-GE-latest
(20:23:38) DEBUG:   [Backend]:          Running Wine command: run wineboot --init
(20:23:41) INFO:    [Legendary]:        Launching Grand Theft Auto V: HEROIC_APP_NAME=9d2d0eb64d5c44529cece33fe2a46482 HEROIC_APP_RUNNER=legendary HEROIC_APP_SOURCE=epic DRI_PRIME=1 __NV_PRIME_RENDER_OFFLOAD=1 __GLX_VENDOR_LIBRARY_NAME=nvidia STEAM_COMPAT_INSTALL_PATH=/home/hdd2/GTAV LD_PRELOAD= DOTNET_BUNDLE_EXTRACT_BASE_DIR= DOTNET_ROOT= STEAM_COMPAT_CLIENT_INSTALL_PATH=/home/pc/.steam/steam STEAM_COMPAT_DATA_PATH="/home/pc/Games/Heroic/Prefixes/default/Grand Theft Auto V" WINE_FULLSCREEN_FSR=1 WINE_FULLSCREEN_FSR_STRENGTH=2 PROTON_NO_ESYNC=1 PROTON_NO_FSYNC=1 PROTON_ENABLE_NVAPI=1 DXVK_NVAPI_ALLOW_OTHER_DRIVERS=1 STEAM_COMPAT_APP_ID=0 SteamAppId=0 SteamGameId=heroic-GTAV PROTON_LOG_DIR=/home/pc LEGENDARY_CONFIG_PATH=/home/pc/.config/heroic/legendaryConfig/legendary /opt/Heroic/resources/app.asar.unpacked/build/bin/linux/legendary launch 9d2d0eb64d5c44529cece33fe2a46482 --no-wine --wrapper "/usr/bin/mangohud --dlsym /usr/bin/gamemoderun /home/pc/.local/share/Steam/steamapps/common/SteamLinuxRuntime_sniper/_v2-entry-point -- '/home/pc/.config/heroic/tools/proton/Proton-GE-latest/proton' waitforexitandrun" --language en
(20:23:41) INFO:    [Backend]:          Stopping Power Saver Blocker
(20:23:41) DEBUG:   [Legendary]:        Using cached install info
(20:23:41) DEBUG:   [Legendary]:        Using cached install info
(20:28:50) INFO:    [Backend]:          Exitting to tray instead of quitting
