(12:25:30) INFO:    [Legendary]:        Legendary location: /opt/Heroic/resources/app.asar.unpacked/build/bin/x64/linux/legendary
(12:25:30) INFO:    [Gog]:              GOGDL location: /opt/Heroic/resources/app.asar.unpacked/build/bin/x64/linux/gogdl
(12:25:30) INFO:    [Connection]:       Connectivity: check-online
(12:25:30) INFO:    [Connection]:       Pinging external endpoints
(12:25:30) INFO:    [Gog]:              Checking for existing gog manifests
(12:25:31) WARNING: [Backend]:          Protocol already registered.
(12:25:31) INFO:    [Legendary]:        Running command: LEGENDARY_CONFIG_PATH=/home/pc/.config/heroic/legendaryConfig/legendary /opt/Heroic/resources/app.asar.unpacked/build/bin/x64/linux/legendary --version
(12:25:31) INFO:    [Gog]:              Running command: GOGDL_CONFIG_PATH=/home/pc/.config/heroic/gogdlConfig /opt/Heroic/resources/app.asar.unpacked/build/bin/x64/linux/gogdl --auth-config-path /home/pc/.config/heroic/gog_store/auth.json --version
(12:25:32) INFO:    [Nile]:             Running command: NILE_CONFIG_PATH=/home/pc/.config/heroic/nile_config /opt/Heroic/resources/app.asar.unpacked/build/bin/x64/linux/nile --version
(12:25:32) INFO:    [Connection]:       Connectivity: online
(12:25:32) INFO:    [Gog]:              Checking if login is valid
(12:25:32) INFO:    [Gog]:              Running command: GOGDL_CONFIG_PATH=/home/pc/.config/heroic/gogdlConfig /opt/Heroic/resources/app.asar.unpacked/build/bin/x64/linux/gogdl --auth-config-path /home/pc/.config/heroic/gog_store/auth.json auth
(12:25:32) INFO:    [Gog]:              Running command: GOGDL_CONFIG_PATH=/home/pc/.config/heroic/gogdlConfig /opt/Heroic/resources/app.asar.unpacked/build/bin/x64/linux/gogdl --auth-config-path /home/pc/.config/heroic/gog_store/auth.json auth
(12:25:32) INFO:    [Gog]:              Running command: GOGDL_CONFIG_PATH=/home/pc/.config/heroic/gogdlConfig /opt/Heroic/resources/app.asar.unpacked/build/bin/x64/linux/gogdl --auth-config-path /home/pc/.config/heroic/gog_store/auth.json auth
(12:25:32) INFO:    [Backend]:          AreWeAntiCheatYet data downloaded
(12:25:33) INFO:    [Backend]:          
System Information:
CPU: 8x Intel(R) Core(TM) i5-8250U CPU @ 1.60GHz
Memory: 12.26 GB (used: 3.77 GB)
GPUs:
  GPU 0:
    Name: Advanced Micro Devices, Inc. [AMD/ATI] Jet PRO [Radeon R5 M230 / R7 M260DX / Radeon 520/610 Mobile]
    IDs: D=6665 V=1002 SD=0841 SV=1028
    Driver: radeon
  GPU 1:
    Name: Intel Corporation UHD Graphics 620
    IDs: D=5917 V=8086 SD=0841 SV=1028
    Driver: i915
OS: Arch Linux 6.10.8-zen1-1-zen (linux)

The current system is not a Steam Deck
We are not running inside a Flatpak container

Software Versions:
  Heroic: 2.15.1 Emeth
  Legendary: 0.20.35 Lowlife (Heroic)
  gogdl: 1.1.1
  comet: comet 0.1.2

  Nile: 1.1.1 Will A. Zeppeli

(12:25:34) INFO:    [Winetricks]:       Downloading Winetricks
(12:25:34) INFO:    [Frontend]:         Refreshing undefined Library
(12:25:34) WARNING: [Backend]:          refresh not implemented on Sideload Library Manager
(12:25:34) INFO:    [Legendary]:        Refreshing library...
(12:25:34) INFO:    [Legendary]:        Refreshing Epic Games...
(12:25:34) INFO:    [Gog]:              Running command: GOGDL_CONFIG_PATH=/home/pc/.config/heroic/gogdlConfig /opt/Heroic/resources/app.asar.unpacked/build/bin/x64/linux/gogdl --auth-config-path /home/pc/.config/heroic/gog_store/auth.json auth
(12:25:34) INFO:    [Backend]:          Frontend Ready
(12:25:34) INFO:    [Gog]:              Saved username to config file
(12:25:34) INFO:    [Gog]:              GOG presence set
(12:25:34) INFO:    [Legendary]:        Running command: LEGENDARY_CONFIG_PATH=/home/pc/.config/heroic/legendaryConfig/legendary /opt/Heroic/resources/app.asar.unpacked/build/bin/x64/linux/legendary list --third-party
(12:25:34) INFO:    [Backend]:          Checking for new Heroic Updates
(12:25:34) INFO:    [Backend]:          Checking for current version changelog
(12:25:35) INFO:    [Gog]:              Getting GOG library
(12:25:35) INFO:    [Gog]:              Running command: GOGDL_CONFIG_PATH=/home/pc/.config/heroic/gogdlConfig /opt/Heroic/resources/app.asar.unpacked/build/bin/x64/linux/gogdl --auth-config-path /home/pc/.config/heroic/gog_store/auth.json auth
(12:25:36) INFO:    [WineDownloader]:   Updating wine versions info
(12:25:36) INFO:    [WineDownloader]:   Fetching upstream information...
(12:25:37) INFO:    [Gog]:              Saved games data
(12:25:37) INFO:    [WineDownloader]:   wine versions updated
(12:25:39) INFO:    [Backend]:          Starting the Download Queue
(12:25:39) INFO:    [Legendary]:        Game list updated, got 51 games & DLCs
(12:25:39) WARNING: [Backend]:          listUpdateableGames not implemented on Sideload Library Manager
(12:25:39) INFO:    [Gog]:              Running command: GOGDL_CONFIG_PATH=/home/pc/.config/heroic/gogdlConfig /opt/Heroic/resources/app.asar.unpacked/build/bin/x64/linux/gogdl --auth-config-path /home/pc/.config/heroic/gog_store/auth.json auth
(12:25:40) INFO:    [Gog]:              Found 0 game(s) to update
(12:25:40) INFO:    [Legendary]:        Checking for game updates: LEGENDARY_CONFIG_PATH=/home/pc/.config/heroic/legendaryConfig/legendary /opt/Heroic/resources/app.asar.unpacked/build/bin/x64/linux/legendary list --third-party
(12:25:44) INFO:    [Legendary]:        Found 0 games to update
(12:26:15) INFO:    [Legendary]:        Checking if EOS Overlay is enabled: LEGENDARY_CONFIG_PATH=/home/pc/.config/heroic/legendaryConfig/legendary /opt/Heroic/resources/app.asar.unpacked/build/bin/x64/linux/legendary eos-overlay info --prefix "/home/pc/Games/Heroic/Prefixes/default/Grand Theft Auto V/pfx"
(12:26:15) INFO:    [ExtraGameInfo]:    Using cached ExtraGameInfo data for Grand Theft Auto V
(12:26:15) INFO:    [Legendary]:        Getting more details with 'legendary info'
(12:26:15) INFO:    [ExtraGameInfo]:    Using cached ExtraGameInfo data for Grand Theft Auto V
(12:26:15) INFO:    [Legendary]:        Getting more details with 'legendary info'
(12:26:15) INFO:    [Legendary]:        Getting more details with 'legendary info'
(12:26:15) INFO:    [Legendary]:        Running command: LEGENDARY_CONFIG_PATH=/home/pc/.config/heroic/legendaryConfig/legendary /opt/Heroic/resources/app.asar.unpacked/build/bin/x64/linux/legendary info 9d2d0eb64d5c44529cece33fe2a46482 --json --platform Windows
(12:26:15) INFO:    [Legendary]:        Running command: LEGENDARY_CONFIG_PATH=/home/pc/.config/heroic/legendaryConfig/legendary /opt/Heroic/resources/app.asar.unpacked/build/bin/x64/linux/legendary info 9d2d0eb64d5c44529cece33fe2a46482 --json --platform Windows
(12:26:15) INFO:    [Legendary]:        Running command: LEGENDARY_CONFIG_PATH=/home/pc/.config/heroic/legendaryConfig/legendary /opt/Heroic/resources/app.asar.unpacked/build/bin/x64/linux/legendary info 9d2d0eb64d5c44529cece33fe2a46482 --json --platform Windows
(12:26:15) INFO:    [Legendary]:        Abort command "LEGENDARY_CONFIG_PATH=/home/pc/.config/heroic/legendaryConfig/legendary /opt/Heroic/resources/app.asar.unpacked/build/bin/x64/linux/legendary eos-overlay info --prefix "/home/pc/Games/Heroic/Prefixes/default/Grand Theft Auto V/pfx""
(12:26:16) INFO:    [Legendary]:        Getting Info from Epic API
(12:26:28) INFO:    [Legendary]:        Running command: LEGENDARY_CONFIG_PATH=/home/pc/.config/heroic/legendaryConfig/legendary /opt/Heroic/resources/app.asar.unpacked/build/bin/x64/linux/legendary move 9d2d0eb64d5c44529cece33fe2a46482 / --skip-move
(12:26:28) INFO:    [Legendary]:        installed.json updated, refreshing library
(12:26:28) INFO:    [Legendary]:        installed.json updated, refreshing library
(12:26:29) INFO:    [Backend]:          Finished changing install path of 9d2d0eb64d5c44529cece33fe2a46482 to /HDD.
(12:26:29) INFO:    [Legendary]:        Getting more details with 'legendary info'
(12:26:29) INFO:    [Legendary]:        Getting more details with 'legendary info'
(12:26:29) INFO:    [Legendary]:        Getting more details with 'legendary info'
(12:26:29) INFO:    [Legendary]:        Running command: LEGENDARY_CONFIG_PATH=/home/pc/.config/heroic/legendaryConfig/legendary /opt/Heroic/resources/app.asar.unpacked/build/bin/x64/linux/legendary info 9d2d0eb64d5c44529cece33fe2a46482 --json --platform Windows
(12:26:29) INFO:    [Legendary]:        Running command: LEGENDARY_CONFIG_PATH=/home/pc/.config/heroic/legendaryConfig/legendary /opt/Heroic/resources/app.asar.unpacked/build/bin/x64/linux/legendary info 9d2d0eb64d5c44529cece33fe2a46482 --json --platform Windows
(12:26:29) INFO:    [Legendary]:        Running command: LEGENDARY_CONFIG_PATH=/home/pc/.config/heroic/legendaryConfig/legendary /opt/Heroic/resources/app.asar.unpacked/build/bin/x64/linux/legendary info 9d2d0eb64d5c44529cece33fe2a46482 --json --platform Windows
(12:27:12) INFO:    [Backend]:          Launching Grand Theft Auto V (9d2d0eb64d5c44529cece33fe2a46482)
(12:27:12) INFO:    [Backend]:          Preventing display from sleep
(12:27:12) INFO:    [Backend]:          Checking if wine version exists: Proton - Proton-GE-latest
(12:27:12) INFO:    [Backend]:          Preventing machine to sleep
(12:27:12) DEBUG:   [Legendary]:        Using cached install info
(12:27:12) DEBUG:   [Legendary]:        Using cached install info
(12:27:12) INFO:    [Backend]:          Checking if wine version exists: Proton - Proton-GE-latest
(12:27:12) INFO:    [Backend]:          Checking if wine version exists: Proton - Proton-GE-latest
(12:27:12) INFO:    [Backend]:          Checking if wine version exists: Proton - Proton-GE-latest
(12:27:12) DEBUG:   [Backend]:          Running Wine command: run wineboot --init
(12:27:16) INFO:    [Legendary]:        Launching Grand Theft Auto V: HEROIC_APP_NAME=9d2d0eb64d5c44529cece33fe2a46482 HEROIC_APP_RUNNER=legendary GAMEID=umu-0 HEROIC_APP_SOURCE=epic STORE=egs DRI_PRIME=1 __NV_PRIME_RENDER_OFFLOAD=1 __GLX_VENDOR_LIBRARY_NAME=nvidia STEAM_COMPAT_INSTALL_PATH=/HDD LD_PRELOAD= STEAM_COMPAT_CLIENT_INSTALL_PATH=/home/pc/.steam/steam WINEPREFIX="/home/pc/Games/Heroic/Prefixes/default/Grand Theft Auto V" STEAM_COMPAT_DATA_PATH="/home/pc/Games/Heroic/Prefixes/default/Grand Theft Auto V" PROTONPATH=/home/pc/.config/heroic/tools/proton/Proton-GE-latest WINE_FULLSCREEN_FSR=1 WINE_FULLSCREEN_FSR_STRENGTH=5 PROTON_ENABLE_NVAPI=1 DXVK_NVAPI_ALLOW_OTHER_DRIVERS=1 STEAM_COMPAT_APP_ID=0 SteamAppId=0 SteamGameId=heroic-GTAV PROTON_LOG_DIR=/home/pc LEGENDARY_CONFIG_PATH=/home/pc/.config/heroic/legendaryConfig/legendary /opt/Heroic/resources/app.asar.unpacked/build/bin/x64/linux/legendary launch 9d2d0eb64d5c44529cece33fe2a46482 --no-wine --wrapper "/usr/bin/mangohud --dlsym /usr/bin/gamemoderun "/home/pc/.config/heroic/tools/proton/Proton-GE-latest/proton" waitforexitandrun" --language en
(12:27:16) INFO:    [Backend]:          Preventing display to sleep
(12:27:16) DEBUG:   [Legendary]:        Using cached install info
(12:27:16) DEBUG:   [Legendary]:        Using cached install info
(12:27:16) INFO:    [Backend]:          Stopping Display Power Saver Blocker
(12:27:16) INFO:    [Frontend]:         Refreshing legendary Library
(12:27:16) INFO:    [Legendary]:        Refreshing library...
(12:27:16) INFO:    [Legendary]:        Refreshing Epic Games...
(12:27:16) INFO:    [Backend]:          Stopping Power Saver Blocker
(12:27:16) INFO:    [Backend]:          Stopping Display Sleep Blocker
(12:27:16) DEBUG:   [Legendary]:        Using cached install info
(12:27:16) DEBUG:   [Legendary]:        Using cached install info
(12:27:17) INFO:    [Legendary]:        Running command: LEGENDARY_CONFIG_PATH=/home/pc/.config/heroic/legendaryConfig/legendary /opt/Heroic/resources/app.asar.unpacked/build/bin/x64/linux/legendary list --third-party
(12:27:20) INFO:    [Legendary]:        Game list updated, got 51 games & DLCs
(12:27:20) DEBUG:   [Legendary]:        Using cached install info
(12:27:20) DEBUG:   [Legendary]:        Using cached install info
(12:27:20) DEBUG:   [Legendary]:        Using cached install info
(12:27:21) DEBUG:   [Legendary]:        Using cached install info
(12:27:24) DEBUG:   [Legendary]:        Using cached install info
(12:27:31) INFO:    [Legendary]:        Running command: LEGENDARY_CONFIG_PATH=/home/pc/.config/heroic/legendaryConfig/legendary /opt/Heroic/resources/app.asar.unpacked/build/bin/x64/linux/legendary move 9d2d0eb64d5c44529cece33fe2a46482 /HDD --skip-move
(12:27:32) INFO:    [Legendary]:        installed.json updated, refreshing library
(12:27:32) INFO:    [Legendary]:        installed.json updated, refreshing library
(12:27:32) INFO:    [Backend]:          Finished changing install path of 9d2d0eb64d5c44529cece33fe2a46482 to /HDD/GTAV.
(12:27:32) DEBUG:   [Legendary]:        Using cached install info
(12:27:32) DEBUG:   [Legendary]:        Using cached install info
(12:27:32) DEBUG:   [Legendary]:        Using cached install info
(12:27:33) INFO:    [Backend]:          Launching Grand Theft Auto V (9d2d0eb64d5c44529cece33fe2a46482)
(12:27:33) INFO:    [Backend]:          Preventing display from sleep
(12:27:33) INFO:    [Backend]:          Checking if wine version exists: Proton - Proton-GE-latest
(12:27:33) INFO:    [Backend]:          Preventing machine to sleep
(12:27:33) DEBUG:   [Legendary]:        Using cached install info
(12:27:33) DEBUG:   [Legendary]:        Using cached install info
(12:27:34) INFO:    [Backend]:          Checking if wine version exists: Proton - Proton-GE-latest
(12:27:34) INFO:    [Backend]:          Checking if wine version exists: Proton - Proton-GE-latest
(12:27:34) INFO:    [Backend]:          Checking if wine version exists: Proton - Proton-GE-latest
(12:27:34) DEBUG:   [Backend]:          Running Wine command: run wineboot --init
(12:27:37) INFO:    [Legendary]:        Launching Grand Theft Auto V: HEROIC_APP_NAME=9d2d0eb64d5c44529cece33fe2a46482 HEROIC_APP_RUNNER=legendary GAMEID=umu-0 HEROIC_APP_SOURCE=epic STORE=egs DRI_PRIME=1 __NV_PRIME_RENDER_OFFLOAD=1 __GLX_VENDOR_LIBRARY_NAME=nvidia STEAM_COMPAT_INSTALL_PATH=/HDD/GTAV LD_PRELOAD= STEAM_COMPAT_CLIENT_INSTALL_PATH=/home/pc/.steam/steam WINEPREFIX="/home/pc/Games/Heroic/Prefixes/default/Grand Theft Auto V" STEAM_COMPAT_DATA_PATH="/home/pc/Games/Heroic/Prefixes/default/Grand Theft Auto V" PROTONPATH=/home/pc/.config/heroic/tools/proton/Proton-GE-latest WINE_FULLSCREEN_FSR=1 WINE_FULLSCREEN_FSR_STRENGTH=5 PROTON_ENABLE_NVAPI=1 DXVK_NVAPI_ALLOW_OTHER_DRIVERS=1 STEAM_COMPAT_APP_ID=0 SteamAppId=0 SteamGameId=heroic-GTAV PROTON_LOG_DIR=/home/pc LEGENDARY_CONFIG_PATH=/home/pc/.config/heroic/legendaryConfig/legendary /opt/Heroic/resources/app.asar.unpacked/build/bin/x64/linux/legendary launch 9d2d0eb64d5c44529cece33fe2a46482 --no-wine --wrapper "/usr/bin/mangohud --dlsym /usr/bin/gamemoderun "/home/pc/.config/heroic/tools/proton/Proton-GE-latest/proton" waitforexitandrun" --language en
(12:27:37) INFO:    [Backend]:          Preventing display to sleep
(12:27:37) DEBUG:   [Legendary]:        Using cached install info
(12:27:37) DEBUG:   [Legendary]:        Using cached install info
(12:30:33) INFO:    [Gog]:              Running command: GOGDL_CONFIG_PATH=/home/pc/.config/heroic/gogdlConfig /opt/Heroic/resources/app.asar.unpacked/build/bin/x64/linux/gogdl --auth-config-path /home/pc/.config/heroic/gog_store/auth.json auth
(12:30:34) INFO:    [Gog]:              GOG presence set
(12:35:33) INFO:    [Gog]:              Running command: GOGDL_CONFIG_PATH=/home/pc/.config/heroic/gogdlConfig /opt/Heroic/resources/app.asar.unpacked/build/bin/x64/linux/gogdl --auth-config-path /home/pc/.config/heroic/gog_store/auth.json auth
(12:35:35) INFO:    [Gog]:              GOG presence set
(12:40:33) INFO:    [Gog]:              Running command: GOGDL_CONFIG_PATH=/home/pc/.config/heroic/gogdlConfig /opt/Heroic/resources/app.asar.unpacked/build/bin/x64/linux/gogdl --auth-config-path /home/pc/.config/heroic/gog_store/auth.json auth
(12:40:35) INFO:    [Gog]:              GOG presence set
(12:45:34) INFO:    [Gog]:              Running command: GOGDL_CONFIG_PATH=/home/pc/.config/heroic/gogdlConfig /opt/Heroic/resources/app.asar.unpacked/build/bin/x64/linux/gogdl --auth-config-path /home/pc/.config/heroic/gog_store/auth.json auth
(12:45:35) INFO:    [Gog]:              GOG presence set
(12:48:40) INFO:    [Backend]:          Stopping Display Power Saver Blocker
(12:48:40) INFO:    [Frontend]:         Refreshing legendary Library
(12:48:40) INFO:    [Legendary]:        Refreshing library...
(12:48:40) INFO:    [Legendary]:        Refreshing Epic Games...
(12:48:40) INFO:    [Backend]:          Stopping Power Saver Blocker
(12:48:40) INFO:    [Backend]:          Stopping Display Sleep Blocker
(12:48:40) DEBUG:   [Legendary]:        Using cached install info
(12:48:40) DEBUG:   [Legendary]:        Using cached install info
(12:48:41) INFO:    [Legendary]:        Running command: LEGENDARY_CONFIG_PATH=/home/pc/.config/heroic/legendaryConfig/legendary /opt/Heroic/resources/app.asar.unpacked/build/bin/x64/linux/legendary list --third-party
(12:48:44) INFO:    [Legendary]:        Game list updated, got 51 games & DLCs
(12:48:44) DEBUG:   [Legendary]:        Using cached install info
(12:48:44) DEBUG:   [Legendary]:        Using cached install info
(12:48:46) INFO:    [Gog]:              Running command: GOGDL_CONFIG_PATH=/home/pc/.config/heroic/gogdlConfig /opt/Heroic/resources/app.asar.unpacked/build/bin/x64/linux/gogdl --auth-config-path /home/pc/.config/heroic/gog_store/auth.json auth
