[9/9/2024, 12:25:31 PM] LEGENDARY_CONFIG_PATH=/home/pc/.config/heroic/legendaryConfig/legendary /opt/Heroic/resources/app.asar.unpacked/build/bin/x64/linux/legendary --version
legendary version "0.20.35", codename "Lowlife (Heroic)"
[9/9/2024, 12:25:34 PM] LEGENDARY_CONFIG_PATH=/home/pc/.config/heroic/legendaryConfig/legendary /opt/Heroic/resources/app.asar.unpacked/build/bin/x64/linux/legendary list --third-party
[cli] INFO: Logging in...
[Core] INFO: Logging in...
[cli] INFO: Getting game list... (this may take a while)

Available games:
 * ARK: Survival Evolved (App name: aafc587fbf654758802c8e41e4fb3255 | Version: 358.26.win)
 * Borderlands 3 (App name: Catnip | Version: 1.0.26_CL_3758051_Borderlands_3)
 * Call of the Wild: The Angler™ (App name: fe4168b810314c2fb93f1803e2fe431e | Version: tortoise_delivery_2829454_2829454)
 * Control (App name: Calluna | Version: 01.13)
 * CYGNI - All Guns Blazing (App name: 25ad72f164b948ab9e05eb18fab2cda8 | Version: A0.16)
 * Death Stranding (App name: Boga | Version: 2742586.206.1)
 * Death Stranding Content (App name: 5bf67f3153364181b54cb9e40ca7fa82 | Version: 1.01)
  + DEATH STRANDING DIGITAL SOUNDTRACK (App name: 84067e3ec8f149b2bbf2342d7a136065 | Version: 1.02)
  + HD Wallpaper (App name: f8bf1e29bbef480a9b28115ad0d644a0 | Version: 1.02)
  + SELECTIONS OF TITAN ART BOOK (App name: c311b22f878749449886949eeb588999 | Version: 1.01)
 * Destiny 2 (App name: 592c359fb0e0413fb46dee2d24448eb4 | Version: 9522713)
 * DNF Duel (App name: 82cdbdf05c61474d89c4f9e8a8bf0ea4 | Version: 1.8.1-0)
 * Doki Doki Literature Club Plus! (App name: c5109bdceb3a453bb38c2fdc964ddee8 | Version: Windows_1.0.7)
 * Fall Guys (App name: 0a2d9f6403244d12969e11da6713137b | Version: EGS_7855)
 * Fallout: New Vegas (App name: 5daeb974a22a435988892319b3a4f476 | Version: 0.0.0.15)
  + Fallout New Vegas: Courier's Stash (App name: ee9a44b4530942499ef1c8c390731fce | Version: 0.0.0.3)
  + Fallout New Vegas®: Dead Money (App name: b290229eb58045cbab9501640f3278f3 | Version: 0.0.0.2)
  + Fallout New Vegas®: Gun Runners’ Arsenal™ (App name: 7dcfb9cd9d134728b2646466c34c7b3b | Version: 0.0.0.2)
  + Fallout New Vegas®: Honest Hearts (App name: 562d4a2c1b3147b089a7c453e3ddbcbe | Version: 0.0.0.4)
  + Fallout New Vegas®: Lonesome Road™ (App name: 4fa3d8d9b2cb4714a19a38d1a598be8f | Version: 0.0.0.2)
  + Fallout New Vegas®: Old World Blues (App name: c8dae1ab0570475a8b38a9041e614840 | Version: 0.0.0.3)
 * Fortnite (App name: Fortnite | Version: ++Fortnite+Release-31.10-CL-35815136-Windows)
 * Grand Theft Auto V (App name: 9d2d0eb64d5c44529cece33fe2a46482 | Version: 1.0.3274.0_v2)
 * GRIME (App name: 028263f54a874e35800d142275254d2c | Version: 1.3.5)
 * Homeworld: Deserts of Kharak (App name: c9b51edbca4d496cb39c6871f510620b | Version: 3324007-64)
 * Hue (App name: Herring | Version: 1.0)
 * In Sound Mind (App name: 29ee5d32f328471590b3bd3ac03ed7d0 | Version: 1.027)
 * INDUSTRIA (App name: 78903903b1f1419bae248467f27ff470 | Version: 1.3.2)
 * Invincible Presents: Atom Eve (App name: ef50503adc284a8ba65d4dea1ecce91a | Version: 1.0.25523)
 * Kao the Kangaroo (App name: 7763cb8916654651a50593a813ae7c38 | Version: 1.6.0)
 * LISA: The Joyful - Definitive Edition (App name: a42a95a46dc942318350cd4d0ee3163b | Version: 1.5_4)
 * LISA: The Painful - Definitive Edition (App name: ee6a6b5ad66e4d94abe462ba331ddc4b | Version: 1.5_2)
 * Lost Castle (App name: 7d5ec41fb5ae49c5beca9360034fd57e | Version: 2.08.1)
 * Marvel's Guardians of the Galaxy (App name: 63a665088eb1480298f1e57943b225d8 | Version: 2984448)
  + Marvel's Guardians of the Galaxy: Social-Lord Outfit (App name: 9596620d263b40c083ddf1f0c662c8ff | Version: 2978210)
 * Midnight Ghost Hunt (App name: 456f53b28c384f02865874299f956501 | Version: 1.2.0)
 * Mothergunship (App name: ee5c6a659d0f478fba0049fa44429a1f | Version: 1.0.196)
 * PAYDAY 2 (App name: 7d6b8784bab94d6cac5fea5ab7bb07a4 | Version: 1.92.1422)
 * PC Building Simulator (App name: ab277c0995e945d2b2c50c46883627f1 | Version: v1.15.4_91)
 * Rise of the Tomb Raider: 20 Year Celebration (App name: f7cc1c999ac146f39b356f53e3489514 | Version: TR2_30112021_1027.0_1224023_303770_132827583431143041_)
 * Rocket League® (App name: Sugar | Version: BC2_Update52+458534)
 * Shadow of the Tomb Raider: Definitive Edition (App name: 890d9cf396d04922a1559333df419fed | Version: TR11_10072023_492.0_1227914_740629_133334955480774690_)
 * Star Trek Online (App name: 0fb6e06aacd14e88b1aaea8f54dd8525 | Version: CL_2023_07_14_17_29)
 * Stubbs the Zombie in Rebel Without a Pulse (App name: 272d51db75be476f9ad60c0e7fc24470 | Version: 1.0.0)
 * The Callisto Protocol (App name: 256ba8bdd1ff4c26a0b2d3776d1a1bf6 | Version: 1.16.0.0-1.71290.0.712379)
 * The Elder Scrolls Online (App name: 4d0ff75b922447649057c237c0bd1545 | Version: EGSStarter_v2.9a_d6_live_public)
 * The Evil Within (App name: 591e049d72b349daa64784a171379357 | Version: 0.0.0.6)
 * The Falconeer (App name: 32dbb6444ce14e9198129b746c0d056f | Version: 1.4.30.0)
 * The Sims™ 4 (App name: huddle | Version: None)
  - This game has to be activated, installed, and launched via Origin, use "legendary launch --origin huddle" to activate and/or run the game.
 * Tomb Raider GAME OF THE YEAR EDITION (App name: d6264d56f5ba434e91d4b0a0b056c83a | Version: TRAS_15112021_838.0_1224060,275025(132814434654404397))
 * VALORANT (App name: 602eb4abc8764c87b7f2607a1ef8c18e | Version: 1168-327)

Total: 41
[9/9/2024, 12:25:40 PM] LEGENDARY_CONFIG_PATH=/home/pc/.config/heroic/legendaryConfig/legendary /opt/Heroic/resources/app.asar.unpacked/build/bin/x64/linux/legendary list --third-party
[cli] INFO: Logging in...
[Core] INFO: Trying to re-use existing login session...
[cli] INFO: Getting game list... (this may take a while)

Available games:
 * ARK: Survival Evolved (App name: aafc587fbf654758802c8e41e4fb3255 | Version: 358.26.win)
 * Borderlands 3 (App name: Catnip | Version: 1.0.26_CL_3758051_Borderlands_3)
 * Call of the Wild: The Angler™ (App name: fe4168b810314c2fb93f1803e2fe431e | Version: tortoise_delivery_2829454_2829454)
 * Control (App name: Calluna | Version: 01.13)
 * CYGNI - All Guns Blazing (App name: 25ad72f164b948ab9e05eb18fab2cda8 | Version: A0.16)
 * Death Stranding (App name: Boga | Version: 2742586.206.1)
 * Death Stranding Content (App name: 5bf67f3153364181b54cb9e40ca7fa82 | Version: 1.01)
  + DEATH STRANDING DIGITAL SOUNDTRACK (App name: 84067e3ec8f149b2bbf2342d7a136065 | Version: 1.02)
  + HD Wallpaper (App name: f8bf1e29bbef480a9b28115ad0d644a0 | Version: 1.02)
  + SELECTIONS OF TITAN ART BOOK (App name: c311b22f878749449886949eeb588999 | Version: 1.01)
 * Destiny 2 (App name: 592c359fb0e0413fb46dee2d24448eb4 | Version: 9522713)
 * DNF Duel (App name: 82cdbdf05c61474d89c4f9e8a8bf0ea4 | Version: 1.8.1-0)
 * Doki Doki Literature Club Plus! (App name: c5109bdceb3a453bb38c2fdc964ddee8 | Version: Windows_1.0.7)
 * Fall Guys (App name: 0a2d9f6403244d12969e11da6713137b | Version: EGS_7855)
 * Fallout: New Vegas (App name: 5daeb974a22a435988892319b3a4f476 | Version: 0.0.0.15)
  + Fallout New Vegas: Courier's Stash (App name: ee9a44b4530942499ef1c8c390731fce | Version: 0.0.0.3)
  + Fallout New Vegas®: Dead Money (App name: b290229eb58045cbab9501640f3278f3 | Version: 0.0.0.2)
  + Fallout New Vegas®: Gun Runners’ Arsenal™ (App name: 7dcfb9cd9d134728b2646466c34c7b3b | Version: 0.0.0.2)
  + Fallout New Vegas®: Honest Hearts (App name: 562d4a2c1b3147b089a7c453e3ddbcbe | Version: 0.0.0.4)
  + Fallout New Vegas®: Lonesome Road™ (App name: 4fa3d8d9b2cb4714a19a38d1a598be8f | Version: 0.0.0.2)
  + Fallout New Vegas®: Old World Blues (App name: c8dae1ab0570475a8b38a9041e614840 | Version: 0.0.0.3)
 * Fortnite (App name: Fortnite | Version: ++Fortnite+Release-31.10-CL-35815136-Windows)
 * Grand Theft Auto V (App name: 9d2d0eb64d5c44529cece33fe2a46482 | Version: 1.0.3274.0_v2)
 * GRIME (App name: 028263f54a874e35800d142275254d2c | Version: 1.3.5)
 * Homeworld: Deserts of Kharak (App name: c9b51edbca4d496cb39c6871f510620b | Version: 3324007-64)
 * Hue (App name: Herring | Version: 1.0)
 * In Sound Mind (App name: 29ee5d32f328471590b3bd3ac03ed7d0 | Version: 1.027)
 * INDUSTRIA (App name: 78903903b1f1419bae248467f27ff470 | Version: 1.3.2)
 * Invincible Presents: Atom Eve (App name: ef50503adc284a8ba65d4dea1ecce91a | Version: 1.0.25523)
 * Kao the Kangaroo (App name: 7763cb8916654651a50593a813ae7c38 | Version: 1.6.0)
 * LISA: The Joyful - Definitive Edition (App name: a42a95a46dc942318350cd4d0ee3163b | Version: 1.5_4)
 * LISA: The Painful - Definitive Edition (App name: ee6a6b5ad66e4d94abe462ba331ddc4b | Version: 1.5_2)
 * Lost Castle (App name: 7d5ec41fb5ae49c5beca9360034fd57e | Version: 2.08.1)
 * Marvel's Guardians of the Galaxy (App name: 63a665088eb1480298f1e57943b225d8 | Version: 2984448)
  + Marvel's Guardians of the Galaxy: Social-Lord Outfit (App name: 9596620d263b40c083ddf1f0c662c8ff | Version: 2978210)
 * Midnight Ghost Hunt (App name: 456f53b28c384f02865874299f956501 | Version: 1.2.0)
 * Mothergunship (App name: ee5c6a659d0f478fba0049fa44429a1f | Version: 1.0.196)
 * PAYDAY 2 (App name: 7d6b8784bab94d6cac5fea5ab7bb07a4 | Version: 1.92.1422)
 * PC Building Simulator (App name: ab277c0995e945d2b2c50c46883627f1 | Version: v1.15.4_91)
 * Rise of the Tomb Raider: 20 Year Celebration (App name: f7cc1c999ac146f39b356f53e3489514 | Version: TR2_30112021_1027.0_1224023_303770_132827583431143041_)
 * Rocket League® (App name: Sugar | Version: BC2_Update52+458534)
 * Shadow of the Tomb Raider: Definitive Edition (App name: 890d9cf396d04922a1559333df419fed | Version: TR11_10072023_492.0_1227914_740629_133334955480774690_)
 * Star Trek Online (App name: 0fb6e06aacd14e88b1aaea8f54dd8525 | Version: CL_2023_07_14_17_29)
 * Stubbs the Zombie in Rebel Without a Pulse (App name: 272d51db75be476f9ad60c0e7fc24470 | Version: 1.0.0)
 * The Callisto Protocol (App name: 256ba8bdd1ff4c26a0b2d3776d1a1bf6 | Version: 1.16.0.0-1.71290.0.712379)
 * The Elder Scrolls Online (App name: 4d0ff75b922447649057c237c0bd1545 | Version: EGSStarter_v2.9a_d6_live_public)
 * The Evil Within (App name: 591e049d72b349daa64784a171379357 | Version: 0.0.0.6)
 * The Falconeer (App name: 32dbb6444ce14e9198129b746c0d056f | Version: 1.4.30.0)
 * The Sims™ 4 (App name: huddle | Version: None)
  - This game has to be activated, installed, and launched via Origin, use "legendary launch --origin huddle" to activate and/or run the game.
 * Tomb Raider GAME OF THE YEAR EDITION (App name: d6264d56f5ba434e91d4b0a0b056c83a | Version: TRAS_15112021_838.0_1224060,275025(132814434654404397))
 * VALORANT (App name: 602eb4abc8764c87b7f2607a1ef8c18e | Version: 1168-327)

Total: 41
[9/9/2024, 12:26:15 PM] LEGENDARY_CONFIG_PATH=/home/pc/.config/heroic/legendaryConfig/legendary /opt/Heroic/resources/app.asar.unpacked/build/bin/x64/linux/legendary eos-overlay info --prefix "/home/pc/Games/Heroic/Prefixes/default/Grand Theft Auto V/pfx"
[9/9/2024, 12:26:15 PM] LEGENDARY_CONFIG_PATH=/home/pc/.config/heroic/legendaryConfig/legendary /opt/Heroic/resources/app.asar.unpacked/build/bin/x64/linux/legendary info 9d2d0eb64d5c44529cece33fe2a46482 --json --platform Windows
[9/9/2024, 12:26:15 PM] LEGENDARY_CONFIG_PATH=/home/pc/.config/heroic/legendaryConfig/legendary /opt/Heroic/resources/app.asar.unpacked/build/bin/x64/linux/legendary info 9d2d0eb64d5c44529cece33fe2a46482 --json --platform Windows
[9/9/2024, 12:26:15 PM] LEGENDARY_CONFIG_PATH=/home/pc/.config/heroic/legendaryConfig/legendary /opt/Heroic/resources/app.asar.unpacked/build/bin/x64/linux/legendary info 9d2d0eb64d5c44529cece33fe2a46482 --json --platform Windows
[cli] INFO: Using prefix "/home/pc/Games/Heroic/Prefixes/default/Grand Theft Auto V/pfx"
[cli] INFO: No Legendary-managed installation found.
[cli] INFO: Found available Overlay installations in:
[cli] INFO: Overlay enabled: No
[cli] INFO: Enabled Overlay path: None
[cli] INFO: No enabled Vulkan layers.
[Core] INFO: Trying to re-use existing login session...
[9/9/2024, 12:26:28 PM] LEGENDARY_CONFIG_PATH=/home/pc/.config/heroic/legendaryConfig/legendary /opt/Heroic/resources/app.asar.unpacked/build/bin/x64/linux/legendary move 9d2d0eb64d5c44529cece33fe2a46482 / --skip-move
[cli] INFO: Moving "GTAV" from "/run/media/pc/Files_N_Backup" to "/"
[cli] INFO: Not moving, just rewriting legendary metadata...
[cli] INFO: Finished.
{"game": {"app_name": "9d2d0eb64d5c44529cece33fe2a46482", "title": "Grand Theft Auto V", "version": "1.0.3274.0_v2", "platform_versions": {"Windows": "1.0.3274.0_v2"}, "cloud_saves_supported": false, "cloud_save_folder": null, "cloud_save_folder_mac": null, "is_dlc": false, "external_activation": null, "launch_options": [], "command_line": null, "owned_dlc": []}, "install": {"platform": "Windows", "version": "1.0.3274.0_v2", "disk_size": 121281363546, "install_path": "/run/media/pc/Files_N_Backup/GTAV", "save_path": null, "synced_egl_guid": "", "install_tags": [], "requires_ovt": false, "installed_dlc": []}, "manifest": {"size": 7478590, "type": "binary", "version": 17, "feature_level": 17, "app_name": "9d2d0eb64d5c44529cece33fe2a46482", "launch_exe": "PlayGTAV.exe", "launch_command": "", "build_version": "1.0.3274.0_v2", "build_id": "-n33NvKafLzbXNfgjsxYBNBucns", "prerequisites": null, "uninstaller": null, "install_tags": [""], "num_files": 386, "num_chunks": 115404, "disk_size": 121281363546, "download_size": 119175027164, "tag_disk_size": [], "tag_download_size": []}}
[9/9/2024, 12:26:29 PM] LEGENDARY_CONFIG_PATH=/home/pc/.config/heroic/legendaryConfig/legendary /opt/Heroic/resources/app.asar.unpacked/build/bin/x64/linux/legendary info 9d2d0eb64d5c44529cece33fe2a46482 --json --platform Windows
[9/9/2024, 12:26:29 PM] LEGENDARY_CONFIG_PATH=/home/pc/.config/heroic/legendaryConfig/legendary /opt/Heroic/resources/app.asar.unpacked/build/bin/x64/linux/legendary info 9d2d0eb64d5c44529cece33fe2a46482 --json --platform Windows
[9/9/2024, 12:26:29 PM] LEGENDARY_CONFIG_PATH=/home/pc/.config/heroic/legendaryConfig/legendary /opt/Heroic/resources/app.asar.unpacked/build/bin/x64/linux/legendary info 9d2d0eb64d5c44529cece33fe2a46482 --json --platform Windows
[Core] INFO: Trying to re-use existing login session...
{"game": {"app_name": "9d2d0eb64d5c44529cece33fe2a46482", "title": "Grand Theft Auto V", "version": "1.0.3274.0_v2", "platform_versions": {"Windows": "1.0.3274.0_v2"}, "cloud_saves_supported": false, "cloud_save_folder": null, "cloud_save_folder_mac": null, "is_dlc": false, "external_activation": null, "launch_options": [], "command_line": null, "owned_dlc": []}, "install": {"platform": "Windows", "version": "1.0.3274.0_v2", "disk_size": 121281363546, "install_path": "/GTAV", "save_path": null, "synced_egl_guid": "", "install_tags": [], "requires_ovt": false, "installed_dlc": []}, "manifest": {"size": 7478590, "type": "binary", "version": 17, "feature_level": 17, "app_name": "9d2d0eb64d5c44529cece33fe2a46482", "launch_exe": "PlayGTAV.exe", "launch_command": "", "build_version": "1.0.3274.0_v2", "build_id": "-n33NvKafLzbXNfgjsxYBNBucns", "prerequisites": null, "uninstaller": null, "install_tags": [""], "num_files": 386, "num_chunks": 115404, "disk_size": 121281363546, "download_size": 119175027164, "tag_disk_size": [], "tag_download_size": []}}
[9/9/2024, 12:27:16 PM] HEROIC_APP_NAME=9d2d0eb64d5c44529cece33fe2a46482 HEROIC_APP_RUNNER=legendary GAMEID=umu-0 HEROIC_APP_SOURCE=epic STORE=egs DRI_PRIME=1 __NV_PRIME_RENDER_OFFLOAD=1 __GLX_VENDOR_LIBRARY_NAME=nvidia STEAM_COMPAT_INSTALL_PATH=/HDD LD_PRELOAD= STEAM_COMPAT_CLIENT_INSTALL_PATH=/home/pc/.steam/steam WINEPREFIX="/home/pc/Games/Heroic/Prefixes/default/Grand Theft Auto V" STEAM_COMPAT_DATA_PATH="/home/pc/Games/Heroic/Prefixes/default/Grand Theft Auto V" PROTONPATH=/home/pc/.config/heroic/tools/proton/Proton-GE-latest WINE_FULLSCREEN_FSR=1 WINE_FULLSCREEN_FSR_STRENGTH=5 PROTON_ENABLE_NVAPI=1 DXVK_NVAPI_ALLOW_OTHER_DRIVERS=1 STEAM_COMPAT_APP_ID=0 SteamAppId=0 SteamGameId=heroic-GTAV PROTON_LOG_DIR=/home/pc LEGENDARY_CONFIG_PATH=/home/pc/.config/heroic/legendaryConfig/legendary /opt/Heroic/resources/app.asar.unpacked/build/bin/x64/linux/legendary launch 9d2d0eb64d5c44529cece33fe2a46482 --no-wine --wrapper "/usr/bin/mangohud --dlsym /usr/bin/gamemoderun "/home/pc/.config/heroic/tools/proton/Proton-GE-latest/proton" waitforexitandrun" --language en
[cli] CRITICAL: Install directory "/GTAV" appears to be deleted, cannot launch 9d2d0eb64d5c44529cece33fe2a46482!
[9/9/2024, 12:27:17 PM] LEGENDARY_CONFIG_PATH=/home/pc/.config/heroic/legendaryConfig/legendary /opt/Heroic/resources/app.asar.unpacked/build/bin/x64/linux/legendary list --third-party
[cli] INFO: Logging in...
[Core] INFO: Trying to re-use existing login session...
[cli] INFO: Getting game list... (this may take a while)

Available games:
 * ARK: Survival Evolved (App name: aafc587fbf654758802c8e41e4fb3255 | Version: 358.26.win)
 * Borderlands 3 (App name: Catnip | Version: 1.0.26_CL_3758051_Borderlands_3)
 * Call of the Wild: The Angler™ (App name: fe4168b810314c2fb93f1803e2fe431e | Version: tortoise_delivery_2829454_2829454)
 * Control (App name: Calluna | Version: 01.13)
 * CYGNI - All Guns Blazing (App name: 25ad72f164b948ab9e05eb18fab2cda8 | Version: A0.16)
 * Death Stranding (App name: Boga | Version: 2742586.206.1)
 * Death Stranding Content (App name: 5bf67f3153364181b54cb9e40ca7fa82 | Version: 1.01)
  + DEATH STRANDING DIGITAL SOUNDTRACK (App name: 84067e3ec8f149b2bbf2342d7a136065 | Version: 1.02)
  + HD Wallpaper (App name: f8bf1e29bbef480a9b28115ad0d644a0 | Version: 1.02)
  + SELECTIONS OF TITAN ART BOOK (App name: c311b22f878749449886949eeb588999 | Version: 1.01)
 * Destiny 2 (App name: 592c359fb0e0413fb46dee2d24448eb4 | Version: 9522713)
 * DNF Duel (App name: 82cdbdf05c61474d89c4f9e8a8bf0ea4 | Version: 1.8.1-0)
 * Doki Doki Literature Club Plus! (App name: c5109bdceb3a453bb38c2fdc964ddee8 | Version: Windows_1.0.7)
 * Fall Guys (App name: 0a2d9f6403244d12969e11da6713137b | Version: EGS_7855)
 * Fallout: New Vegas (App name: 5daeb974a22a435988892319b3a4f476 | Version: 0.0.0.15)
  + Fallout New Vegas: Courier's Stash (App name: ee9a44b4530942499ef1c8c390731fce | Version: 0.0.0.3)
  + Fallout New Vegas®: Dead Money (App name: b290229eb58045cbab9501640f3278f3 | Version: 0.0.0.2)
  + Fallout New Vegas®: Gun Runners’ Arsenal™ (App name: 7dcfb9cd9d134728b2646466c34c7b3b | Version: 0.0.0.2)
  + Fallout New Vegas®: Honest Hearts (App name: 562d4a2c1b3147b089a7c453e3ddbcbe | Version: 0.0.0.4)
  + Fallout New Vegas®: Lonesome Road™ (App name: 4fa3d8d9b2cb4714a19a38d1a598be8f | Version: 0.0.0.2)
  + Fallout New Vegas®: Old World Blues (App name: c8dae1ab0570475a8b38a9041e614840 | Version: 0.0.0.3)
 * Fortnite (App name: Fortnite | Version: ++Fortnite+Release-31.10-CL-35815136-Windows)
 * Grand Theft Auto V (App name: 9d2d0eb64d5c44529cece33fe2a46482 | Version: 1.0.3274.0_v2)
 * GRIME (App name: 028263f54a874e35800d142275254d2c | Version: 1.3.5)
 * Homeworld: Deserts of Kharak (App name: c9b51edbca4d496cb39c6871f510620b | Version: 3324007-64)
 * Hue (App name: Herring | Version: 1.0)
 * In Sound Mind (App name: 29ee5d32f328471590b3bd3ac03ed7d0 | Version: 1.027)
 * INDUSTRIA (App name: 78903903b1f1419bae248467f27ff470 | Version: 1.3.2)
 * Invincible Presents: Atom Eve (App name: ef50503adc284a8ba65d4dea1ecce91a | Version: 1.0.25523)
 * Kao the Kangaroo (App name: 7763cb8916654651a50593a813ae7c38 | Version: 1.6.0)
 * LISA: The Joyful - Definitive Edition (App name: a42a95a46dc942318350cd4d0ee3163b | Version: 1.5_4)
 * LISA: The Painful - Definitive Edition (App name: ee6a6b5ad66e4d94abe462ba331ddc4b | Version: 1.5_2)
 * Lost Castle (App name: 7d5ec41fb5ae49c5beca9360034fd57e | Version: 2.08.1)
 * Marvel's Guardians of the Galaxy (App name: 63a665088eb1480298f1e57943b225d8 | Version: 2984448)
  + Marvel's Guardians of the Galaxy: Social-Lord Outfit (App name: 9596620d263b40c083ddf1f0c662c8ff | Version: 2978210)
 * Midnight Ghost Hunt (App name: 456f53b28c384f02865874299f956501 | Version: 1.2.0)
 * Mothergunship (App name: ee5c6a659d0f478fba0049fa44429a1f | Version: 1.0.196)
 * PAYDAY 2 (App name: 7d6b8784bab94d6cac5fea5ab7bb07a4 | Version: 1.92.1422)
 * PC Building Simulator (App name: ab277c0995e945d2b2c50c46883627f1 | Version: v1.15.4_91)
 * Rise of the Tomb Raider: 20 Year Celebration (App name: f7cc1c999ac146f39b356f53e3489514 | Version: TR2_30112021_1027.0_1224023_303770_132827583431143041_)
 * Rocket League® (App name: Sugar | Version: BC2_Update52+458534)
 * Shadow of the Tomb Raider: Definitive Edition (App name: 890d9cf396d04922a1559333df419fed | Version: TR11_10072023_492.0_1227914_740629_133334955480774690_)
 * Star Trek Online (App name: 0fb6e06aacd14e88b1aaea8f54dd8525 | Version: CL_2023_07_14_17_29)
 * Stubbs the Zombie in Rebel Without a Pulse (App name: 272d51db75be476f9ad60c0e7fc24470 | Version: 1.0.0)
 * The Callisto Protocol (App name: 256ba8bdd1ff4c26a0b2d3776d1a1bf6 | Version: 1.16.0.0-1.71290.0.712379)
 * The Elder Scrolls Online (App name: 4d0ff75b922447649057c237c0bd1545 | Version: EGSStarter_v2.9a_d6_live_public)
 * The Evil Within (App name: 591e049d72b349daa64784a171379357 | Version: 0.0.0.6)
 * The Falconeer (App name: 32dbb6444ce14e9198129b746c0d056f | Version: 1.4.30.0)
 * The Sims™ 4 (App name: huddle | Version: None)
  - This game has to be activated, installed, and launched via Origin, use "legendary launch --origin huddle" to activate and/or run the game.
 * Tomb Raider GAME OF THE YEAR EDITION (App name: d6264d56f5ba434e91d4b0a0b056c83a | Version: TRAS_15112021_838.0_1224060,275025(132814434654404397))
 * VALORANT (App name: 602eb4abc8764c87b7f2607a1ef8c18e | Version: 1168-327)

Total: 41
[9/9/2024, 12:27:31 PM] LEGENDARY_CONFIG_PATH=/home/pc/.config/heroic/legendaryConfig/legendary /opt/Heroic/resources/app.asar.unpacked/build/bin/x64/linux/legendary move 9d2d0eb64d5c44529cece33fe2a46482 /HDD --skip-move
[cli] INFO: Moving "GTAV" from "/" to "/HDD"
[cli] INFO: Not moving, just rewriting legendary metadata...
[cli] INFO: Finished.
[9/9/2024, 12:27:37 PM] HEROIC_APP_NAME=9d2d0eb64d5c44529cece33fe2a46482 HEROIC_APP_RUNNER=legendary GAMEID=umu-0 HEROIC_APP_SOURCE=epic STORE=egs DRI_PRIME=1 __NV_PRIME_RENDER_OFFLOAD=1 __GLX_VENDOR_LIBRARY_NAME=nvidia STEAM_COMPAT_INSTALL_PATH=/HDD/GTAV LD_PRELOAD= STEAM_COMPAT_CLIENT_INSTALL_PATH=/home/pc/.steam/steam WINEPREFIX="/home/pc/Games/Heroic/Prefixes/default/Grand Theft Auto V" STEAM_COMPAT_DATA_PATH="/home/pc/Games/Heroic/Prefixes/default/Grand Theft Auto V" PROTONPATH=/home/pc/.config/heroic/tools/proton/Proton-GE-latest WINE_FULLSCREEN_FSR=1 WINE_FULLSCREEN_FSR_STRENGTH=5 PROTON_ENABLE_NVAPI=1 DXVK_NVAPI_ALLOW_OTHER_DRIVERS=1 STEAM_COMPAT_APP_ID=0 SteamAppId=0 SteamGameId=heroic-GTAV PROTON_LOG_DIR=/home/pc LEGENDARY_CONFIG_PATH=/home/pc/.config/heroic/legendaryConfig/legendary /opt/Heroic/resources/app.asar.unpacked/build/bin/x64/linux/legendary launch 9d2d0eb64d5c44529cece33fe2a46482 --no-wine --wrapper "/usr/bin/mangohud --dlsym /usr/bin/gamemoderun "/home/pc/.config/heroic/tools/proton/Proton-GE-latest/proton" waitforexitandrun" --language en
[cli] INFO: Logging in...
[Core] INFO: Trying to re-use existing login session...
[cli] INFO: Checking for updates...
[Core] INFO: Getting authentication token...
[cli] INFO: Launching 9d2d0eb64d5c44529cece33fe2a46482...
gamemodeauto: 
gamemodeauto: 
[34mProtonFixes[406027] INFO: Running protonfixes[0m
[34mProtonFixes[406027] INFO: Running checks[0m
[34mProtonFixes[406027] INFO: All checks successful[0m
[34mProtonFixes[406027] INFO: Using global defaults for UNKNOWN (0)[0m
[34mProtonFixes[406027] INFO: No global protonfix found for UNKNOWN (0)[0m
gamemodeauto: 
wine: using kernel write watches, use_kernel_writewatch 1.
fsync: up and running.
wine: using kernel write watches, use_kernel_writewatch 1.
wine: using kernel write watches, use_kernel_writewatch 1.
wine: using kernel write watches, use_kernel_writewatch 1.
wine: using kernel write watches, use_kernel_writewatch 1.
wine: using kernel write watches, use_kernel_writewatch 1.
wine: using kernel write watches, use_kernel_writewatch 1.
wine: using kernel write watches, use_kernel_writewatch 1.
wine: using kernel write watches, use_kernel_writewatch 1.
wine: using kernel write watches, use_kernel_writewatch 1.
[S_API] SteamAPI_Init(): SteamAPI_IsSteamRunning() did not locate a running instance of Steam.
[S_API FAIL] SteamAPI_Init() failed
wine: using kernel write watches, use_kernel_writewatch 1.
ERROR: ld.so: object '/usr/$LIB/mangohud/libMangoHud_dlsym.so' from LD_PRELOAD cannot be preloaded (cannot open shared object file): ignored.
ERROR: ld.so: object '/usr/$LIB/mangohud/libMangoHud_opengl.so' from LD_PRELOAD cannot be preloaded (cannot open shared object file): ignored.
wine: using kernel write watches, use_kernel_writewatch 1.
wine: using kernel write watches, use_kernel_writewatch 1.
wine: using kernel write watches, use_kernel_writewatch 1.
wine: using kernel write watches, use_kernel_writewatch 1.
wine: setpriority 3 for pid -1 failed: 3
wine: setpriority 3 for pid -1 failed: 3
wine: setpriority 3 for pid -1 failed: 3
wine: using kernel write watches, use_kernel_writewatch 1.
wine: setpriority 3 for pid -1 failed: 3
wine: setpriority 3 for pid -1 failed: 3
wine: setpriority 3 for pid -1 failed: 3
wine: setpriority 3 for pid -1 failed: 3
wine: setpriority 3 for pid -1 failed: 3
wine: setpriority 3 for pid -1 failed: 3
wine: setpriority 3 for pid -1 failed: 3
wine: using kernel write watches, use_kernel_writewatch 1.
wine: using kernel write watches, use_kernel_writewatch 1.
wine: using kernel write watches, use_kernel_writewatch 1.
wine: using kernel write watches, use_kernel_writewatch 1.
wine: using kernel write watches, use_kernel_writewatch 1.
wine: setpriority 0 for pid -1 failed: 3
wine: setpriority 0 for pid -1 failed: 3
wine: setpriority 0 for pid -1 failed: 3
wine: setpriority 0 for pid -1 failed: 3
wine: using kernel write watches, use_kernel_writewatch 1.
wine: using kernel write watches, use_kernel_writewatch 1.
wine: Read access denied for device L"\\??\\Z:\\", FS volume label and serial are not available.
wine: Read access denied for device L"\\??\\Z:\\", FS volume label and serial are not available.
wine: using kernel write watches, use_kernel_writewatch 1.
wine: using kernel write watches, use_kernel_writewatch 1.
wine: using kernel write watches, use_kernel_writewatch 1.
wine: using kernel write watches, use_kernel_writewatch 1.
wine: setpriority -10 for pid -1 failed: 3
wine: using kernel write watches, use_kernel_writewatch 1.
wine: setpriority -10 for pid -1 failed: 3
wine: setpriority -2 for pid -1 failed: 3
wine: setpriority -2 for pid -1 failed: 3
wine: setpriority -2 for pid -1 failed: 3
wine: setpriority -2 for pid -1 failed: 3
wine: setpriority -2 for pid -1 failed: 3
wine: setpriority -2 for pid -1 failed: 3
wine: setpriority 2 for pid -1 failed: 3
wine: setpriority -10 for pid -1 failed: 3
wine: setpriority 2 for pid -1 failed: 3
wine: setpriority -10 for pid -1 failed: 3
wine: setpriority 3 for pid -1 failed: 3
wine: setpriority -1 for pid -1 failed: 3
ac_compute_device_uuid's output is based on invalid pci bus info.
wine: setpriority 3 for pid -1 failed: 3
wine: setpriority 3 for pid -1 failed: 3
wine: setpriority 3 for pid -1 failed: 3
wine: setpriority 3 for pid -1 failed: 3
wine: setpriority 3 for pid -1 failed: 3
wine: setpriority -1 for pid -1 failed: 3
wine: setpriority -2 for pid -1 failed: 3
wine: setpriority -1 for pid -1 failed: 3
wine: setpriority -1 for pid -1 failed: 3
wine: setpriority -1 for pid -1 failed: 3
wine: setpriority -1 for pid -1 failed: 3
wine: setpriority -1 for pid -1 failed: 3
wine: setpriority -1 for pid -1 failed: 3
wine: setpriority -10 for pid -1 failed: 3
wine: setpriority -10 for pid -1 failed: 3
wine: setpriority -10 for pid -1 failed: 3
wine: setpriority -10 for pid -1 failed: 3
wine: setpriority 2 for pid -1 failed: 3
wine: setpriority 2 for pid -1 failed: 3
wine: setpriority 2 for pid -1 failed: 3
wine: setpriority 3 for pid -1 failed: 3
wine: setpriority 3 for pid -1 failed: 3
wine: setpriority 3 for pid -1 failed: 3
wine: setpriority 3 for pid -1 failed: 3
wine: setpriority 2 for pid -1 failed: 3
wine: setpriority -10 for pid -1 failed: 3
wine: using kernel write watches, use_kernel_writewatch 1.
wine: setpriority -1 for pid -1 failed: 3
wine: setpriority -1 for pid -1 failed: 3
wine: setpriority -1 for pid -1 failed: 3
wine: setpriority -1 for pid -1 failed: 3
wine: setpriority 2 for pid -1 failed: 3
wine: setpriority 3 for pid -1 failed: 3
wine: setpriority 3 for pid -1 failed: 3
wine: setpriority 3 for pid -1 failed: 3
wine: using kernel write watches, use_kernel_writewatch 1.
wine: setpriority -1 for pid -1 failed: 3
wine: setpriority -1 for pid -1 failed: 3
wine: setpriority -2 for pid -1 failed: 3
wine: setpriority 3 for pid -1 failed: 3
wine: setpriority 3 for pid -1 failed: 3
wine: setpriority 3 for pid -1 failed: 3
wine: setpriority 3 for pid -1 failed: 3
wine: setpriority -2 for pid -1 failed: 3
wine: setpriority -2 for pid -1 failed: 3
wine: setpriority -2 for pid -1 failed: 3
wine: setpriority -2 for pid -1 failed: 3
wine: setpriority -2 for pid -1 failed: 3
wine: setpriority -2 for pid -1 failed: 3
wine: setpriority -2 for pid -1 failed: 3
wine: setpriority -2 for pid -1 failed: 3
wine: setpriority -2 for pid -1 failed: 3
wine: using kernel write watches, use_kernel_writewatch 1.
wine: using kernel write watches, use_kernel_writewatch 1.
wine: using kernel write watches, use_kernel_writewatch 1.
wine: setpriority 0 for pid -1 failed: 3
wine: setpriority 0 for pid -1 failed: 3
wine: setpriority 0 for pid -1 failed: 3
wine: setpriority 0 for pid -1 failed: 3
wine: setpriority 0 for pid -1 failed: 3
wine: using kernel write watches, use_kernel_writewatch 1.
wine: setpriority 2 for pid -1 failed: 3
wine: using kernel write watches, use_kernel_writewatch 1.
wine: using kernel write watches, use_kernel_writewatch 1.
wine: using kernel write watches, use_kernel_writewatch 1.
wine: using kernel write watches, use_kernel_writewatch 1.
wine: using kernel write watches, use_kernel_writewatch 1.
wine: setpriority 2 for pid -1 failed: 3
wine: using kernel write watches, use_kernel_writewatch 1.
gamemodeauto: 
[9/9/2024, 12:48:41 PM] LEGENDARY_CONFIG_PATH=/home/pc/.config/heroic/legendaryConfig/legendary /opt/Heroic/resources/app.asar.unpacked/build/bin/x64/linux/legendary list --third-party
[cli] INFO: Logging in...
[Core] INFO: Trying to re-use existing login session...
[cli] INFO: Getting game list... (this may take a while)

Available games:
 * ARK: Survival Evolved (App name: aafc587fbf654758802c8e41e4fb3255 | Version: 358.26.win)
 * Borderlands 3 (App name: Catnip | Version: 1.0.26_CL_3758051_Borderlands_3)
 * Call of the Wild: The Angler™ (App name: fe4168b810314c2fb93f1803e2fe431e | Version: tortoise_delivery_2829454_2829454)
 * Control (App name: Calluna | Version: 01.13)
 * CYGNI - All Guns Blazing (App name: 25ad72f164b948ab9e05eb18fab2cda8 | Version: A0.16)
 * Death Stranding (App name: Boga | Version: 2742586.206.1)
 * Death Stranding Content (App name: 5bf67f3153364181b54cb9e40ca7fa82 | Version: 1.01)
  + DEATH STRANDING DIGITAL SOUNDTRACK (App name: 84067e3ec8f149b2bbf2342d7a136065 | Version: 1.02)
  + HD Wallpaper (App name: f8bf1e29bbef480a9b28115ad0d644a0 | Version: 1.02)
  + SELECTIONS OF TITAN ART BOOK (App name: c311b22f878749449886949eeb588999 | Version: 1.01)
 * Destiny 2 (App name: 592c359fb0e0413fb46dee2d24448eb4 | Version: 9522713)
 * DNF Duel (App name: 82cdbdf05c61474d89c4f9e8a8bf0ea4 | Version: 1.8.1-0)
 * Doki Doki Literature Club Plus! (App name: c5109bdceb3a453bb38c2fdc964ddee8 | Version: Windows_1.0.7)
 * Fall Guys (App name: 0a2d9f6403244d12969e11da6713137b | Version: EGS_7855)
 * Fallout: New Vegas (App name: 5daeb974a22a435988892319b3a4f476 | Version: 0.0.0.15)
  + Fallout New Vegas: Courier's Stash (App name: ee9a44b4530942499ef1c8c390731fce | Version: 0.0.0.3)
  + Fallout New Vegas®: Dead Money (App name: b290229eb58045cbab9501640f3278f3 | Version: 0.0.0.2)
  + Fallout New Vegas®: Gun Runners’ Arsenal™ (App name: 7dcfb9cd9d134728b2646466c34c7b3b | Version: 0.0.0.2)
  + Fallout New Vegas®: Honest Hearts (App name: 562d4a2c1b3147b089a7c453e3ddbcbe | Version: 0.0.0.4)
  + Fallout New Vegas®: Lonesome Road™ (App name: 4fa3d8d9b2cb4714a19a38d1a598be8f | Version: 0.0.0.2)
  + Fallout New Vegas®: Old World Blues (App name: c8dae1ab0570475a8b38a9041e614840 | Version: 0.0.0.3)
 * Fortnite (App name: Fortnite | Version: ++Fortnite+Release-31.10-CL-35815136-Windows)
 * Grand Theft Auto V (App name: 9d2d0eb64d5c44529cece33fe2a46482 | Version: 1.0.3274.0_v2)
 * GRIME (App name: 028263f54a874e35800d142275254d2c | Version: 1.3.5)
 * Homeworld: Deserts of Kharak (App name: c9b51edbca4d496cb39c6871f510620b | Version: 3324007-64)
 * Hue (App name: Herring | Version: 1.0)
 * In Sound Mind (App name: 29ee5d32f328471590b3bd3ac03ed7d0 | Version: 1.027)
 * INDUSTRIA (App name: 78903903b1f1419bae248467f27ff470 | Version: 1.3.2)
 * Invincible Presents: Atom Eve (App name: ef50503adc284a8ba65d4dea1ecce91a | Version: 1.0.25523)
 * Kao the Kangaroo (App name: 7763cb8916654651a50593a813ae7c38 | Version: 1.6.0)
 * LISA: The Joyful - Definitive Edition (App name: a42a95a46dc942318350cd4d0ee3163b | Version: 1.5_4)
 * LISA: The Painful - Definitive Edition (App name: ee6a6b5ad66e4d94abe462ba331ddc4b | Version: 1.5_2)
 * Lost Castle (App name: 7d5ec41fb5ae49c5beca9360034fd57e | Version: 2.08.1)
 * Marvel's Guardians of the Galaxy (App name: 63a665088eb1480298f1e57943b225d8 | Version: 2984448)
  + Marvel's Guardians of the Galaxy: Social-Lord Outfit (App name: 9596620d263b40c083ddf1f0c662c8ff | Version: 2978210)
 * Midnight Ghost Hunt (App name: 456f53b28c384f02865874299f956501 | Version: 1.2.0)
 * Mothergunship (App name: ee5c6a659d0f478fba0049fa44429a1f | Version: 1.0.196)
 * PAYDAY 2 (App name: 7d6b8784bab94d6cac5fea5ab7bb07a4 | Version: 1.92.1422)
 * PC Building Simulator (App name: ab277c0995e945d2b2c50c46883627f1 | Version: v1.15.4_91)
 * Rise of the Tomb Raider: 20 Year Celebration (App name: f7cc1c999ac146f39b356f53e3489514 | Version: TR2_30112021_1027.0_1224023_303770_132827583431143041_)
 * Rocket League® (App name: Sugar | Version: BC2_Update52+458534)
 * Shadow of the Tomb Raider: Definitive Edition (App name: 890d9cf396d04922a1559333df419fed | Version: TR11_10072023_492.0_1227914_740629_133334955480774690_)
 * Star Trek Online (App name: 0fb6e06aacd14e88b1aaea8f54dd8525 | Version: CL_2023_07_14_17_29)
 * Stubbs the Zombie in Rebel Without a Pulse (App name: 272d51db75be476f9ad60c0e7fc24470 | Version: 1.0.0)
 * The Callisto Protocol (App name: 256ba8bdd1ff4c26a0b2d3776d1a1bf6 | Version: 1.16.0.0-1.71290.0.712379)
 * The Elder Scrolls Online (App name: 4d0ff75b922447649057c237c0bd1545 | Version: EGSStarter_v2.9a_d6_live_public)
 * The Evil Within (App name: 591e049d72b349daa64784a171379357 | Version: 0.0.0.6)
 * The Falconeer (App name: 32dbb6444ce14e9198129b746c0d056f | Version: 1.4.30.0)
 * The Sims™ 4 (App name: huddle | Version: None)
  - This game has to be activated, installed, and launched via Origin, use "legendary launch --origin huddle" to activate and/or run the game.
 * Tomb Raider GAME OF THE YEAR EDITION (App name: d6264d56f5ba434e91d4b0a0b056c83a | Version: TRAS_15112021_838.0_1224060,275025(132814434654404397))
 * VALORANT (App name: 602eb4abc8764c87b7f2607a1ef8c18e | Version: 1168-327)

Total: 41
