(18:05:12) INFO:    [Legendary]:        Legendary location: /opt/Heroic/resources/app.asar.unpacked/build/bin/x64/linux/legendary
(18:05:12) INFO:    [Gog]:              GOGDL location: /opt/Heroic/resources/app.asar.unpacked/build/bin/x64/linux/gogdl
(18:05:12) INFO:    [Connection]:       Connectivity: check-online
(18:05:12) INFO:    [Connection]:       Pinging external endpoints
(18:05:12) INFO:    [Gog]:              Checking for existing gog manifests
(18:05:13) WARNING: [Backend]:          Protocol already registered.
(18:05:13) INFO:    [Legendary]:        Running command: LEGENDARY_CONFIG_PATH=/home/pc/.config/heroic/legendaryConfig/legendary /opt/Heroic/resources/app.asar.unpacked/build/bin/x64/linux/legendary --version
(18:05:13) INFO:    [Gog]:              Running command: GOGDL_CONFIG_PATH=/home/pc/.config/heroic/gogdlConfig /opt/Heroic/resources/app.asar.unpacked/build/bin/x64/linux/gogdl --auth-config-path /home/pc/.config/heroic/gog_store/auth.json --version
(18:05:13) INFO:    [Nile]:             Running command: NILE_CONFIG_PATH=/home/pc/.config/heroic/nile_config /opt/Heroic/resources/app.asar.unpacked/build/bin/x64/linux/nile --version
(18:05:14) INFO:    [Connection]:       Connectivity: online
(18:05:14) INFO:    [Gog]:              Checking if login is valid
(18:05:14) INFO:    [Gog]:              Running command: GOGDL_CONFIG_PATH=/home/pc/.config/heroic/gogdlConfig /opt/Heroic/resources/app.asar.unpacked/build/bin/x64/linux/gogdl --auth-config-path /home/pc/.config/heroic/gog_store/auth.json auth
(18:05:14) INFO:    [Gog]:              Running command: GOGDL_CONFIG_PATH=/home/pc/.config/heroic/gogdlConfig /opt/Heroic/resources/app.asar.unpacked/build/bin/x64/linux/gogdl --auth-config-path /home/pc/.config/heroic/gog_store/auth.json auth
(18:05:14) INFO:    [Gog]:              Running command: GOGDL_CONFIG_PATH=/home/pc/.config/heroic/gogdlConfig /opt/Heroic/resources/app.asar.unpacked/build/bin/x64/linux/gogdl --auth-config-path /home/pc/.config/heroic/gog_store/auth.json auth
(18:05:14) INFO:    [Backend]:          AreWeAntiCheatYet data downloaded
(18:05:14) INFO:    [Backend]:          
System Information:
CPU: 8x Intel(R) Core(TM) i5-8250U CPU @ 1.60GHz
Memory: 12.26 GB (used: 1.69 GB)
GPUs:
  GPU 0:
    Name: Advanced Micro Devices, Inc. [AMD/ATI] Jet PRO [Radeon R5 M230 / R7 M260DX / Radeon 520/610 Mobile]
    IDs: D=6665 V=1002 SD=0841 SV=1028
    Driver: radeon
  GPU 1:
    Name: Intel Corporation UHD Graphics 620
    IDs: D=5917 V=8086 SD=0841 SV=1028
    Driver: i915
OS: Arch Linux 6.10.8-zen1-1-zen (linux)

The current system is not a Steam Deck
We are not running inside a Flatpak container

Software Versions:
  Heroic: 2.15.1 Emeth
  Legendary: 0.20.35 Lowlife (Heroic)
  gogdl: 1.1.1
  comet: comet 0.1.2

  Nile: 1.1.1 Will A. Zeppeli

(18:05:14) INFO:    [Frontend]:         Refreshing undefined Library
(18:05:14) WARNING: [Backend]:          refresh not implemented on Sideload Library Manager
(18:05:14) INFO:    [Legendary]:        Refreshing library...
(18:05:14) INFO:    [Legendary]:        Refreshing Epic Games...
(18:05:14) INFO:    [Gog]:              Running command: GOGDL_CONFIG_PATH=/home/pc/.config/heroic/gogdlConfig /opt/Heroic/resources/app.asar.unpacked/build/bin/x64/linux/gogdl --auth-config-path /home/pc/.config/heroic/gog_store/auth.json auth
(18:05:14) INFO:    [Backend]:          Frontend Ready
(18:05:14) INFO:    [Gog]:              Getting GOG library
(18:05:14) INFO:    [Gog]:              Running command: GOGDL_CONFIG_PATH=/home/pc/.config/heroic/gogdlConfig /opt/Heroic/resources/app.asar.unpacked/build/bin/x64/linux/gogdl --auth-config-path /home/pc/.config/heroic/gog_store/auth.json auth
(18:05:14) INFO:    [Backend]:          Checking for new Heroic Updates
(18:05:14) INFO:    [Backend]:          Checking for current version changelog
(18:05:14) INFO:    [Legendary]:        Running command: LEGENDARY_CONFIG_PATH=/home/pc/.config/heroic/legendaryConfig/legendary /opt/Heroic/resources/app.asar.unpacked/build/bin/x64/linux/legendary list --third-party
(18:05:15) INFO:    [Gog]:              GOG presence set
(18:05:15) INFO:    [Gog]:              Saved username to config file
(18:05:15) INFO:    [Gog]:              Saved games data
(18:05:16) INFO:    [Winetricks]:       Downloading Winetricks
(18:05:16) INFO:    [Backend]:          Launching Grand Theft Auto V (9d2d0eb64d5c44529cece33fe2a46482)
(18:05:16) INFO:    [Backend]:          Preventing display from sleep
(18:05:16) INFO:    [Backend]:          Checking if wine version exists: Proton - Proton-GE-latest
(18:05:16) INFO:    [Backend]:          Preventing machine to sleep
(18:05:16) INFO:    [Backend]:          Checking if wine version exists: Proton - Proton-GE-latest
(18:05:16) INFO:    [Backend]:          Checking if wine version exists: Proton - Proton-GE-latest
(18:05:16) INFO:    [Backend]:          Checking if wine version exists: Proton - Proton-GE-latest
(18:05:16) DEBUG:   [Backend]:          Running Wine command: run wineboot --init
(18:05:17) INFO:    [Legendary]:        Game list updated, got 51 games & DLCs
(18:05:17) WARNING: [Backend]:          listUpdateableGames not implemented on Sideload Library Manager
(18:05:17) INFO:    [Gog]:              Running command: GOGDL_CONFIG_PATH=/home/pc/.config/heroic/gogdlConfig /opt/Heroic/resources/app.asar.unpacked/build/bin/x64/linux/gogdl --auth-config-path /home/pc/.config/heroic/gog_store/auth.json auth
(18:05:18) INFO:    [Gog]:              Found 0 game(s) to update
(18:05:18) INFO:    [Legendary]:        Checking for game updates: LEGENDARY_CONFIG_PATH=/home/pc/.config/heroic/legendaryConfig/legendary /opt/Heroic/resources/app.asar.unpacked/build/bin/x64/linux/legendary list --third-party
(18:05:18) INFO:    [WineDownloader]:   Updating wine versions info
(18:05:18) INFO:    [WineDownloader]:   Fetching upstream information...
(18:05:19) INFO:    [Legendary]:        Launching Grand Theft Auto V: HEROIC_APP_NAME=9d2d0eb64d5c44529cece33fe2a46482 HEROIC_APP_RUNNER=legendary GAMEID=umu-0 HEROIC_APP_SOURCE=epic STORE=egs DRI_PRIME=1 __NV_PRIME_RENDER_OFFLOAD=1 __GLX_VENDOR_LIBRARY_NAME=nvidia STEAM_COMPAT_INSTALL_PATH=/run/media/pc/Files_N_Backup/GTAV LD_PRELOAD= STEAM_COMPAT_CLIENT_INSTALL_PATH=/home/pc/.steam/steam WINEPREFIX="/home/pc/Games/Heroic/Prefixes/default/Grand Theft Auto V" STEAM_COMPAT_DATA_PATH="/home/pc/Games/Heroic/Prefixes/default/Grand Theft Auto V" PROTONPATH=/home/pc/.config/heroic/tools/proton/Proton-GE-latest WINE_FULLSCREEN_FSR=1 WINE_FULLSCREEN_FSR_STRENGTH=5 PROTON_ENABLE_NVAPI=1 DXVK_NVAPI_ALLOW_OTHER_DRIVERS=1 STEAM_COMPAT_APP_ID=0 SteamAppId=0 SteamGameId=heroic-GTAV PROTON_LOG_DIR=/home/pc LEGENDARY_CONFIG_PATH=/home/pc/.config/heroic/legendaryConfig/legendary /opt/Heroic/resources/app.asar.unpacked/build/bin/x64/linux/legendary launch 9d2d0eb64d5c44529cece33fe2a46482 --no-wine --wrapper "/usr/bin/mangohud --dlsym /usr/bin/gamemoderun "/home/pc/.config/heroic/tools/proton/Proton-GE-latest/proton" waitforexitandrun" --language en
(18:05:19) INFO:    [Backend]:          Preventing display to sleep
(18:05:19) INFO:    [Backend]:          Starting the Download Queue
(18:05:19) INFO:    [WineDownloader]:   wine versions updated
(18:05:21) INFO:    [Legendary]:        Found 0 games to update
(18:10:14) INFO:    [Gog]:              Running command: GOGDL_CONFIG_PATH=/home/pc/.config/heroic/gogdlConfig /opt/Heroic/resources/app.asar.unpacked/build/bin/x64/linux/gogdl --auth-config-path /home/pc/.config/heroic/gog_store/auth.json auth
(18:10:16) INFO:    [Gog]:              GOG presence set
(18:15:14) INFO:    [Gog]:              Running command: GOGDL_CONFIG_PATH=/home/pc/.config/heroic/gogdlConfig /opt/Heroic/resources/app.asar.unpacked/build/bin/x64/linux/gogdl --auth-config-path /home/pc/.config/heroic/gog_store/auth.json auth
(18:15:16) INFO:    [Gog]:              GOG presence set
(18:20:14) INFO:    [Gog]:              Running command: GOGDL_CONFIG_PATH=/home/pc/.config/heroic/gogdlConfig /opt/Heroic/resources/app.asar.unpacked/build/bin/x64/linux/gogdl --auth-config-path /home/pc/.config/heroic/gog_store/auth.json auth
(18:20:16) INFO:    [Gog]:              GOG presence set
(18:25:14) INFO:    [Gog]:              Running command: GOGDL_CONFIG_PATH=/home/pc/.config/heroic/gogdlConfig /opt/Heroic/resources/app.asar.unpacked/build/bin/x64/linux/gogdl --auth-config-path /home/pc/.config/heroic/gog_store/auth.json auth
(18:25:16) INFO:    [Gog]:              GOG presence set
(18:30:15) INFO:    [Gog]:              Running command: GOGDL_CONFIG_PATH=/home/pc/.config/heroic/gogdlConfig /opt/Heroic/resources/app.asar.unpacked/build/bin/x64/linux/gogdl --auth-config-path /home/pc/.config/heroic/gog_store/auth.json auth
(18:30:15) INFO:    [Gog]:              GOG presence set
(18:35:15) INFO:    [Gog]:              Running command: GOGDL_CONFIG_PATH=/home/pc/.config/heroic/gogdlConfig /opt/Heroic/resources/app.asar.unpacked/build/bin/x64/linux/gogdl --auth-config-path /home/pc/.config/heroic/gog_store/auth.json auth
(18:35:16) INFO:    [Gog]:              GOG presence set
(18:40:15) INFO:    [Gog]:              Running command: GOGDL_CONFIG_PATH=/home/pc/.config/heroic/gogdlConfig /opt/Heroic/resources/app.asar.unpacked/build/bin/x64/linux/gogdl --auth-config-path /home/pc/.config/heroic/gog_store/auth.json auth
(18:40:16) INFO:    [Gog]:              GOG presence set
(18:45:15) INFO:    [Gog]:              Running command: GOGDL_CONFIG_PATH=/home/pc/.config/heroic/gogdlConfig /opt/Heroic/resources/app.asar.unpacked/build/bin/x64/linux/gogdl --auth-config-path /home/pc/.config/heroic/gog_store/auth.json auth
(18:45:16) INFO:    [Gog]:              GOG presence set
(18:48:19) INFO:    [Legendary]:        Checking if EOS Overlay is enabled: LEGENDARY_CONFIG_PATH=/home/pc/.config/heroic/legendaryConfig/legendary /opt/Heroic/resources/app.asar.unpacked/build/bin/x64/linux/legendary eos-overlay info --prefix "/home/pc/Games/Heroic/Prefixes/default/Grand Theft Auto V/pfx"
(18:48:19) INFO:    [ExtraGameInfo]:    Using cached ExtraGameInfo data for Grand Theft Auto V
(18:48:19) INFO:    [Legendary]:        Getting more details with 'legendary info'
(18:48:19) INFO:    [ExtraGameInfo]:    Using cached ExtraGameInfo data for Grand Theft Auto V
(18:48:19) INFO:    [Legendary]:        Getting more details with 'legendary info'
(18:48:19) INFO:    [Legendary]:        Getting more details with 'legendary info'
(18:48:19) INFO:    [Legendary]:        Running command: LEGENDARY_CONFIG_PATH=/home/pc/.config/heroic/legendaryConfig/legendary /opt/Heroic/resources/app.asar.unpacked/build/bin/x64/linux/legendary info 9d2d0eb64d5c44529cece33fe2a46482 --json --platform Windows
(18:48:19) INFO:    [Legendary]:        Running command: LEGENDARY_CONFIG_PATH=/home/pc/.config/heroic/legendaryConfig/legendary /opt/Heroic/resources/app.asar.unpacked/build/bin/x64/linux/legendary info 9d2d0eb64d5c44529cece33fe2a46482 --json --platform Windows
(18:48:19) INFO:    [Legendary]:        Running command: LEGENDARY_CONFIG_PATH=/home/pc/.config/heroic/legendaryConfig/legendary /opt/Heroic/resources/app.asar.unpacked/build/bin/x64/linux/legendary info 9d2d0eb64d5c44529cece33fe2a46482 --json --platform Windows
(18:48:20) INFO:    [Legendary]:        Abort command "LEGENDARY_CONFIG_PATH=/home/pc/.config/heroic/legendaryConfig/legendary /opt/Heroic/resources/app.asar.unpacked/build/bin/x64/linux/legendary eos-overlay info --prefix "/home/pc/Games/Heroic/Prefixes/default/Grand Theft Auto V/pfx""
(18:48:20) INFO:    [Legendary]:        Getting Info from Epic API
(18:50:15) INFO:    [Gog]:              Running command: GOGDL_CONFIG_PATH=/home/pc/.config/heroic/gogdlConfig /opt/Heroic/resources/app.asar.unpacked/build/bin/x64/linux/gogdl --auth-config-path /home/pc/.config/heroic/gog_store/auth.json auth
(18:50:16) INFO:    [Gog]:              GOG presence set
(18:53:14) ERROR:   [Backend]:          Aborting not possible. Could not find a matching abort controller for 9d2d0eb64d5c44529cece33fe2a46482
(18:53:14) INFO:    [Backend]:          Trying to kill 9d2d0eb64d5c44529cece33fe2a46482
(18:53:14) INFO:    [Backend]:          Killed 9d2d0eb64d5c44529cece33fe2a46482
(18:53:14) INFO:    [Backend]:          Checking if wine version exists: Proton - Proton-GE-latest
(18:53:14) DEBUG:   [Backend]:          Running Wine command: run wineboot -k
(18:53:16) INFO:    [Backend]:          Stopping Display Power Saver Blocker
(18:53:16) INFO:    [Frontend]:         Refreshing legendary Library
(18:53:16) INFO:    [Legendary]:        Refreshing library...
(18:53:16) INFO:    [Legendary]:        Refreshing Epic Games...
(18:53:17) INFO:    [Backend]:          Stopping Power Saver Blocker
(18:53:17) INFO:    [Backend]:          Stopping Display Sleep Blocker
(18:53:17) INFO:    [Legendary]:        Running command: LEGENDARY_CONFIG_PATH=/home/pc/.config/heroic/legendaryConfig/legendary /opt/Heroic/resources/app.asar.unpacked/build/bin/x64/linux/legendary list --third-party
(18:53:20) INFO:    [Legendary]:        Game list updated, got 51 games & DLCs
(18:53:31) INFO:    [ExtraGameInfo]:    Getting ExtraGameInfo data for LISA The Painful - Definitive Edition
(18:53:31) INFO:    [ExtraGameInfo]:    Getting PCGamingWiki data for LISA The Painful: Definitive Edition
(18:53:31) INFO:    [ExtraGameInfo]:    Getting HowLongToBeat data for LISA The Painful - Definitive Edition
(18:53:31) INFO:    [ExtraGameInfo]:    Getting GamesDB data for LISA The Painful - Definitive Edition
(18:53:31) INFO:    [ExtraGameInfo]:    Getting ExtraGameInfo data for LISA The Painful - Definitive Edition
(18:53:31) INFO:    [ExtraGameInfo]:    Getting PCGamingWiki data for LISA The Painful: Definitive Edition
(18:53:31) INFO:    [ExtraGameInfo]:    Getting HowLongToBeat data for LISA The Painful - Definitive Edition
(18:53:31) INFO:    [ExtraGameInfo]:    Getting GamesDB data for LISA The Painful - Definitive Edition
(18:53:31) INFO:    [Legendary]:        Getting more details with 'legendary info'
(18:53:31) INFO:    [Legendary]:        Getting more details with 'legendary info'
(18:53:31) INFO:    [Legendary]:        Running command: LEGENDARY_CONFIG_PATH=/home/pc/.config/heroic/legendaryConfig/legendary /opt/Heroic/resources/app.asar.unpacked/build/bin/x64/linux/legendary info ee6a6b5ad66e4d94abe462ba331ddc4b --json --platform Windows
(18:53:32) ERROR:   [ExtraGameInfo]:    Got AxiosError when sending HowLongToBeat request for LISA The Painful - Definitive Edition: {
  "message": "Request failed with status code 404",
  "name": "Error",
  "stack": "Error: Request failed with status code 404\n    at createError (/opt/Heroic/resources/app.asar/node_modules/axios/lib/core/createError.js:16:15)\n    at settle (/opt/Heroic/resources/app.asar/node_modules/axios/lib/core/settle.js:17:12)\n    at IncomingMessage.handleStreamEnd (/opt/Heroic/resources/app.asar/node_modules/axios/lib/adapters/http.js:322:11)\n    at IncomingMessage.emit (node:events:531:35)\n    at endReadableNT (node:internal/streams/readable:1696:12)\n    at processTicksAndRejections (node:internal/process/task_queues:82:21)",
  "config": {
    "transitional": {
      "silentJSONParsing": true,
      "forcedJSONParsing": true,
      "clarifyTimeoutError": false
    },
    "transformRequest": [
      null
    ],
    "transformResponse": [
      null
    ],
    "timeout": 0,
    "xsrfCookieName": "XSRF-TOKEN",
    "xsrfHeaderName": "X-XSRF-TOKEN",
    "maxContentLength": -1,
    "maxBodyLength": -1,
    "headers": {
      "Accept": "*/*",
      "Content-Type": "application/json",
      "User-Agent": "HeroicGamesLauncher/2.15.1",
      "Referer": "https://howlongtobeat.com/",
      "Content-Length": 382
    },
    "method": "post",
    "url": "https://www.howlongtobeat.com/api/search",
    "data": "{\"searchType\":\"games\",\"searchTerms\":[\"LISA\",\"The\",\"Painful\",\"-\",\"Definitive\",\"Edition\"],\"searchPage\":1,\"size\":20,\"searchOptions\":{\"games\":{\"userId\":0,\"platform\":\"\",\"sortCategory\":\"popular\",\"rangeCategory\":\"main\",\"rangeTime\":{\"min\":0,\"max\":0},\"gameplay\":{\"perspective\":\"\",\"flow\":\"\",\"genre\":\"\"},\"modifier\":\"\"},\"users\":{\"sortCategory\":\"postcount\"},\"filter\":\"\",\"sort\":0,\"randomizer\":0}}"
  },
  "status": 404
}
(18:53:32) ERROR:   [ExtraGameInfo]:    Got AxiosError when sending HowLongToBeat request for LISA The Painful - Definitive Edition: {
  "message": "Request failed with status code 404",
  "name": "Error",
  "stack": "Error: Request failed with status code 404\n    at createError (/opt/Heroic/resources/app.asar/node_modules/axios/lib/core/createError.js:16:15)\n    at settle (/opt/Heroic/resources/app.asar/node_modules/axios/lib/core/settle.js:17:12)\n    at IncomingMessage.handleStreamEnd (/opt/Heroic/resources/app.asar/node_modules/axios/lib/adapters/http.js:322:11)\n    at IncomingMessage.emit (node:events:531:35)\n    at endReadableNT (node:internal/streams/readable:1696:12)\n    at processTicksAndRejections (node:internal/process/task_queues:82:21)",
  "config": {
    "transitional": {
      "silentJSONParsing": true,
      "forcedJSONParsing": true,
      "clarifyTimeoutError": false
    },
    "transformRequest": [
      null
    ],
    "transformResponse": [
      null
    ],
    "timeout": 0,
    "xsrfCookieName": "XSRF-TOKEN",
    "xsrfHeaderName": "X-XSRF-TOKEN",
    "maxContentLength": -1,
    "maxBodyLength": -1,
    "headers": {
      "Accept": "*/*",
      "Content-Type": "application/json",
      "User-Agent": "HeroicGamesLauncher/2.15.1",
      "Referer": "https://howlongtobeat.com/",
      "Content-Length": 382
    },
    "method": "post",
    "url": "https://www.howlongtobeat.com/api/search",
    "data": "{\"searchType\":\"games\",\"searchTerms\":[\"LISA\",\"The\",\"Painful\",\"-\",\"Definitive\",\"Edition\"],\"searchPage\":1,\"size\":20,\"searchOptions\":{\"games\":{\"userId\":0,\"platform\":\"\",\"sortCategory\":\"popular\",\"rangeCategory\":\"main\",\"rangeTime\":{\"min\":0,\"max\":0},\"gameplay\":{\"perspective\":\"\",\"flow\":\"\",\"genre\":\"\"},\"modifier\":\"\"},\"users\":{\"sortCategory\":\"postcount\"},\"filter\":\"\",\"sort\":0,\"randomizer\":0}}"
  },
  "status": 404
}
(18:53:34) INFO:    [Legendary]:        Running command: LEGENDARY_CONFIG_PATH=/home/pc/.config/heroic/legendaryConfig/legendary /opt/Heroic/resources/app.asar.unpacked/build/bin/x64/linux/legendary info ee6a6b5ad66e4d94abe462ba331ddc4b --json --platform Windows
(18:53:35) DEBUG:   [Backend]:          SteamDeck data for 335670 {"success":1,"results":{"appid":335670,"resolved_category":2,"resolved_items":[{"display_type":3,"loc_token":"#SteamDeckVerified_TestResult_DefaultControllerConfigNotFullyFunctional"},{"display_type":3,"loc_token":"#SteamDeckVerified_TestResult_ControllerGlyphsDoNotMatchDeckDevice"},{"display_type":3,"loc_token":"#SteamDeckVerified_TestResult_TextInputDoesNotAutomaticallyInvokesKeyboard"},{"display_type":3,"loc_token":"#SteamDeckVerified_TestResult_NativeResolutionNotDefault"},{"display_type":4,"loc_token":"#SteamDeckVerified_TestResult_InterfaceTextIsLegible"},{"display_type":4,"loc_token":"#SteamDeckVerified_TestResult_DefaultConfigurationIsPerformant"}],"steam_deck_blog_url":"","search_id":null}}
(18:53:35) DEBUG:   [Backend]:          ProtonDB data for 335670 {"bestReportedTier":"platinum","confidence":"moderate","score":0.68,"tier":"platinum","total":13,"trendingTier":"platinum"}
(18:53:36) DEBUG:   [Backend]:          ProtonDB data for 335670 {"bestReportedTier":"platinum","confidence":"moderate","score":0.68,"tier":"platinum","total":13,"trendingTier":"platinum"}
(18:53:36) DEBUG:   [Backend]:          SteamDeck data for 335670 {"success":1,"results":{"appid":335670,"resolved_category":2,"resolved_items":[{"display_type":3,"loc_token":"#SteamDeckVerified_TestResult_DefaultControllerConfigNotFullyFunctional"},{"display_type":3,"loc_token":"#SteamDeckVerified_TestResult_ControllerGlyphsDoNotMatchDeckDevice"},{"display_type":3,"loc_token":"#SteamDeckVerified_TestResult_TextInputDoesNotAutomaticallyInvokesKeyboard"},{"display_type":3,"loc_token":"#SteamDeckVerified_TestResult_NativeResolutionNotDefault"},{"display_type":4,"loc_token":"#SteamDeckVerified_TestResult_InterfaceTextIsLegible"},{"display_type":4,"loc_token":"#SteamDeckVerified_TestResult_DefaultConfigurationIsPerformant"}],"steam_deck_blog_url":"","search_id":null}}
(18:54:10) INFO:    [Backend]:          agEcsNzT3EDWpMS87p4WaR: Setting enviromentOptions to []
(18:55:15) INFO:    [Gog]:              Running command: GOGDL_CONFIG_PATH=/home/pc/.config/heroic/gogdlConfig /opt/Heroic/resources/app.asar.unpacked/build/bin/x64/linux/gogdl --auth-config-path /home/pc/.config/heroic/gog_store/auth.json auth
(18:55:16) INFO:    [Gog]:              GOG presence set
(18:56:33) INFO:    [Gog]:              Running command: GOGDL_CONFIG_PATH=/home/pc/.config/heroic/gogdlConfig /opt/Heroic/resources/app.asar.unpacked/build/bin/x64/linux/gogdl --auth-config-path /home/pc/.config/heroic/gog_store/auth.json auth
