Mono path[0] = '/home/esata/Bzzzt Demo/game/Bzzzt_Data/Managed'
Mono config path = '/home/esata/Bzzzt Demo/game/Bzzzt_Data/MonoBleedingEdge/etc'
Preloaded 'libsteam_api.so'
Display 0 'HDMI-A-1 24"': 1920x1080 (primary device).
Desktop is 1920 x 1080 @ 100 Hz
Initialize engine version: 2021.3.9f1 (ad3870b89536)
[Subsystems] Discovering subsystems at path /home/esata/Bzzzt Demo/game/Bzzzt_Data/UnitySubsystems
GfxDevice: creating device client; threaded=1; jobified=0
Renderer: Mesa Intel(R) UHD Graphics 620 (KBL GT2)
Vendor:   Intel
Version:  4.6 (Core Profile) Mesa 24.1.6-arch1.1
GLES:     0
 GL_3DFX_texture_compression_FXT1 GL_AMD_conservative_depth GL_AMD_depth_clamp_separate GL_AMD_draw_buffers_blend GL_AMD_gpu_shader_int64 GL_AMD_multi_draw_indirect GL_AMD_performance_monitor GL_AMD_pinned_memory GL_AMD_query_buffer_object GL_AMD_seamless_cubemap_per_texture GL_AMD_shader_stencil_export GL_AMD_shader_trinary_minmax GL_AMD_texture_texture4 GL_AMD_vertex_shader_layer GL_AMD_vertex_shader_viewport_index GL_ANGLE_texture_compression_dxt3 GL_ANGLE_texture_compression_dxt5 GL_ARB_ES2_compatibility GL_ARB_ES3_1_compatibility GL_ARB_ES3_2_compatibility GL_ARB_ES3_compatibility GL_ARB_arrays_of_arrays GL_ARB_base_instance GL_ARB_blend_func_extended GL_ARB_buffer_storage GL_ARB_clear_buffer_object GL_ARB_clear_texture GL_ARB_clip_control GL_ARB_compressed_texture_pixel_storage GL_ARB_compute_shader GL_ARB_compute_variable_group_size GL_ARB_conditional_render_inverted GL_ARB_conservative_depth GL_ARB_copy_buffer GL_ARB_copy_image GL_ARB_cull_distance GL_ARB_debug_output GL_ARB_depth_buffer_float GL_ARB
_depth_clamp GL_ARB_derivative_control GL_ARB_direct_state_access GL_ARB_draw_buffers GL_ARB_draw_buffers_blend GL_ARB_draw_elements_base_vertex GL_ARB_draw_indirect GL_ARB_draw_instanced GL_ARB_enhanced_layouts GL_ARB_explicit_attrib_location GL_ARB_explicit_uniform_location GL_ARB_fragment_coord_conventions GL_ARB_fragment_layer_viewport GL_ARB_fragment_shader GL_ARB_fragment_shader_interlock GL_ARB_framebuffer_no_attachments GL_ARB_framebuffer_object GL_ARB_framebuffer_sRGB GL_ARB_get_program_binary GL_ARB_get_texture_sub_image GL_ARB_gl_spirv GL_ARB_gpu_shader5 GL_ARB_gpu_shader_fp64 GL_ARB_gpu_shader_int64 GL_ARB_half_float_pixel GL_ARB_half_float_vertex GL_ARB_indirect_parameters GL_ARB_instanced_arrays GL_ARB_internalformat_query GL_ARB_internalformat_query2 GL_ARB_invalidate_subdata GL_ARB_map_buffer_alignment GL_ARB_map_buffer_range GL_ARB_multi_bind GL_ARB_multi_draw_indirect GL_ARB_occlusion_query2 GL_ARB_parallel_shader_compile GL_ARB_pipeline_statistics_query GL_ARB_pixel_buffer_object GL_ARB_po
int_sprite GL_ARB_polygon_offset_clamp GL_ARB_post_depth_coverage GL_ARB_program_interface_query GL_ARB_provoking_vertex GL_ARB_query_buffer_object GL_ARB_robust_buffer_access_behavior GL_ARB_robustness GL_ARB_sample_shading GL_ARB_sampler_objects GL_ARB_seamless_cube_map GL_ARB_seamless_cubemap_per_texture GL_ARB_separate_shader_objects GL_ARB_shader_atomic_counter_ops GL_ARB_shader_atomic_counters GL_ARB_shader_ballot GL_ARB_shader_bit_encoding GL_ARB_shader_clock GL_ARB_shader_draw_parameters GL_ARB_shader_group_vote GL_ARB_shader_image_load_store GL_ARB_shader_image_size GL_ARB_shader_objects GL_ARB_shader_precision GL_ARB_shader_stencil_export GL_ARB_shader_storage_buffer_object GL_ARB_shader_subroutine GL_ARB_shader_texture_image_samples GL_ARB_shader_texture_lod GL_ARB_shader_viewport_layer_array GL_ARB_shading_language_420pack GL_ARB_shading_language_include GL_ARB_shading_language_packing GL_ARB_spirv_extensions GL_ARB_stencil_texturing GL_ARB_sync GL_ARB_tessellation_shader GL_ARB_texture_barrier G
L_ARB_texture_border_clamp GL_ARB_texture_buffer_object GL_ARB_texture_buffer_object_rgb32 GL_ARB_texture_buffer_range GL_ARB_texture_compression_bptc GL_ARB_texture_compression_rgtc GL_ARB_texture_cube_map_array GL_ARB_texture_filter_anisotropic GL_ARB_texture_float GL_ARB_texture_gather GL_ARB_texture_mirror_clamp_to_edge GL_ARB_texture_multisample GL_ARB_texture_non_power_of_two GL_ARB_texture_query_levels GL_ARB_texture_query_lod GL_ARB_texture_rectangle GL_ARB_texture_rg GL_ARB_texture_rgb10_a2ui GL_ARB_texture_stencil8 GL_ARB_texture_storage GL_ARB_texture_storage_multisample GL_ARB_texture_swizzle GL_ARB_texture_view GL_ARB_timer_query GL_ARB_transform_feedback2 GL_ARB_transform_feedback3 GL_ARB_transform_feedback_instanced GL_ARB_transform_feedback_overflow_query GL_ARB_uniform_buffer_object GL_ARB_vertex_array_bgra GL_ARB_vertex_array_object GL_ARB_vertex_attrib_64bit GL_ARB_vertex_attrib_binding GL_ARB_vertex_buffer_object GL_ARB_vertex_shader GL_ARB_vertex_type_10f_11f_11f_rev GL_ARB_vertex_type_2
_10_10_10_rev GL_ARB_viewport_array GL_ATI_blend_equation_separate GL_ATI_texture_float GL_EXT_EGL_image_storage GL_EXT_EGL_sync GL_EXT_abgr GL_EXT_blend_equation_separate GL_EXT_debug_label GL_EXT_demote_to_helper_invocation GL_EXT_draw_buffers2 GL_EXT_draw_instanced GL_EXT_framebuffer_blit GL_EXT_framebuffer_multisample GL_EXT_framebuffer_multisample_blit_scaled GL_EXT_framebuffer_object GL_EXT_framebuffer_sRGB GL_EXT_memory_object GL_EXT_memory_object_fd GL_EXT_packed_depth_stencil GL_EXT_packed_float GL_EXT_pixel_buffer_object GL_EXT_polygon_offset_clamp GL_EXT_provoking_vertex GL_EXT_semaphore GL_EXT_semaphore_fd GL_EXT_shader_framebuffer_fetch GL_EXT_shader_framebuffer_fetch_non_coherent GL_EXT_shader_integer_mix GL_EXT_shader_samples_identical GL_EXT_texture_array GL_EXT_texture_compression_dxt1 GL_EXT_texture_compression_rgtc GL_EXT_texture_compression_s3tc GL_EXT_texture_filter_anisotropic GL_EXT_texture_integer GL_EXT_texture_sRGB GL_EXT_texture_sRGB_R8 GL_EXT_texture_sRGB_decode GL_EXT_texture_sha
dow_lod GL_EXT_texture_shared_exponent GL_EXT_texture_snorm GL_EXT_texture_storage GL_EXT_texture_swizzle GL_EXT_timer_query GL_EXT_transform_feedback GL_EXT_vertex_array_bgra GL_EXT_vertex_attrib_64bit GL_IBM_multimode_draw_arrays GL_INTEL_blackhole_render GL_INTEL_conservative_rasterization GL_INTEL_performance_query GL_INTEL_shader_atomic_float_minmax GL_INTEL_shader_integer_functions2 GL_KHR_blend_equation_advanced GL_KHR_blend_equation_advanced_coherent GL_KHR_context_flush_control GL_KHR_debug GL_KHR_no_error GL_KHR_parallel_shader_compile GL_KHR_robust_buffer_access_behavior GL_KHR_robustness GL_KHR_texture_compression_astc_ldr GL_KHR_texture_compression_astc_sliced_3d GL_MESA_framebuffer_flip_y GL_MESA_pack_invert GL_MESA_shader_integer_functions GL_MESA_texture_const_bandwidth GL_MESA_texture_signed_rgba GL_NV_alpha_to_coverage_dither_control GL_NV_compute_shader_derivatives GL_NV_conditional_render GL_NV_copy_image GL_NV_depth_clamp GL_NV_fragment_shader_interlock GL_NV_packed_depth_stencil GL_NV_t
exture_barrier GL_OES_EGL_image GL_S3_s3tc
OPENGL LOG: Creating OpenGL 4.6 graphics device ; Context level  <OpenGL 4.5> ; Context handle 541391888
Begin MonoManager ReloadAssembly
- Completed reload, in  0.071 seconds
Default vsync count 1
requesting resize 1920 x 1080
Using native desktop resolution 1920 x 1080
requesting fullscreen 1920 x 1080 at 0 Hz
Desktop is 1920 x 1080 @ 100 Hz
UnloadTime: 0.677812 ms
InControl (version 1.8.8 build 9375)
0.35347s - Instancing Main Script
0.52830s - Main Script Found
Registry Settings Found - Loading
0.75479s - Registry Save Found and Saved
0.76463s - Main Init
2.88425s - --- Autodetected Best Resolution --- : 1920 x 1080 @ 60Hz
2.90025s - LAUNCHING NEW GAME:-1
requesting resize 1920 x 1080
Using native desktop resolution 1920 x 1080
requesting fullscreen 1920 x 1080 at 60 Hz
Desktop is 1920 x 1080 @ 100 Hz
Change in attached Unity joysticks detected; refreshing device list.
3.05024s - Attached gamepad: Unknown
Device 1 matched profile GenericLinuxUnityProfile (Generic Controller)
3.91259s - Switching Level - Destroying Old One
3.95111s - Initializing Level: LevelIntro(Clone) - ID: 0
3.96136s - Level Loaded: LevelIntro(Clone) (LevelDefinition)
Going to main menu - cutscene launched.
9.80363s - Showing Confirmation dialog: ContinueStory
12.98133s - Loading level: LevelW1S2 with save ID: 1
13.99272s - Switching Level - Destroying Old One
14.03254s - Initializing Level: LevelW1S2(Clone) - ID: 2
14.04102s - Level Loaded: LevelW1S2(Clone) (LevelDefinition)
25.04297s - Killing Player
26.72256s - Switching Level - Destroying Old One
26.75617s - Initializing Level: LevelW1S2(Clone) - ID: 2
26.76179s - Level Loaded: LevelW1S2(Clone) (LevelDefinition)
30.21345s - Killing Player
31.88933s - Switching Level - Destroying Old One
31.92924s - Initializing Level: LevelW1S2(Clone) - ID: 2
31.93543s - Level Loaded: LevelW1S2(Clone) (LevelDefinition)
44.76304s - Killing Player
46.43695s - Switching Level - Destroying Old One
46.47634s - Initializing Level: LevelW1S2(Clone) - ID: 2
46.48267s - Level Loaded: LevelW1S2(Clone) (LevelDefinition)
54.54489s - End Level
55.65936s - Stage Score: 0
55.65946s - Stage Score Best Time, Saved First Time:0
Saving Current Game
55.68002s - Screws Score: 300, Time Score: 0, Multiplier: 1, Total: 350
55.68110s - Flawless stored = 0
55.68123s - Beaten Times stored = 0
55.68126s - Screws stored = 0
55.68130s - Silver or Gold = 0
55.68134s - Silver or Gold = 0
61.90419s - Switching Level - Destroying Old One
61.94696s - Initializing Level: LevelW1S9(Clone) - ID: 3
61.95512s - Level Loaded: LevelW1S9(Clone) (LevelDefinition)
67.01910s - Killing Player
68.70219s - Switching Level - Destroying Old One
68.74324s - Initializing Level: LevelW1S9(Clone) - ID: 3
68.75103s - Level Loaded: LevelW1S9(Clone) (LevelDefinition)
73.44904s - Killing Player
75.13276s - Switching Level - Destroying Old One
75.17410s - Initializing Level: LevelW1S9(Clone) - ID: 3
75.18249s - Level Loaded: LevelW1S9(Clone) (LevelDefinition)
88.51607s - Killing Player
90.20490s - Switching Level - Destroying Old One
90.24712s - Initializing Level: LevelW1S9(Clone) - ID: 3
90.25542s - Level Loaded: LevelW1S9(Clone) (LevelDefinition)
103.77410s - End Level
103.97030s - Stage Score: 0
103.97040s - Stage Score Best Time, Saved First Time:0
Saving Current Game
103.97110s - Screws Score: 300, Time Score: 0, Multiplier: 1, Total: 350
103.97120s - Flawless stored = 0
103.97120s - Beaten Times stored = 0
103.97130s - Screws stored = 0
103.97130s - Silver or Gold = 0
103.97130s - Silver or Gold = 0
106.79110s - Switching Level - Destroying Old One
106.83840s - Initializing Level: LevelW1S4(Clone) - ID: 4
106.84940s - Level Loaded: LevelW1S4(Clone) (LevelDefinition)
143.43540s - End Level
143.67820s - Stage Score: 0
143.67830s - Stage Score Best Time, Saved First Time:0
Saving Current Game
143.67880s - Screws Score: 500, Time Score: 0, Multiplier: 1, Total: 550
143.67890s - Flawless stored = 0
143.67890s - Beaten Times stored = 0
143.67890s - Screws stored = 0
143.67890s - Silver or Gold = 0
143.67890s - Silver or Gold = 0
145.99830s - Switching Level - Destroying Old One
146.03750s - Initializing Level: LevelW1S5(Clone) - ID: 5
146.04390s - Level Loaded: LevelW1S5(Clone) (LevelDefinition)
151.90080s - Killing Player
153.57720s - Switching Level - Destroying Old One
153.61640s - Initializing Level: LevelW1S5(Clone) - ID: 5
153.62290s - Level Loaded: LevelW1S5(Clone) (LevelDefinition)
159.80310s - Killing Player
161.49260s - Switching Level - Destroying Old One
161.53200s - Initializing Level: LevelW1S5(Clone) - ID: 5
161.53860s - Level Loaded: LevelW1S5(Clone) (LevelDefinition)
182.50720s - Killing Player
184.18750s - Switching Level - Destroying Old One
184.22640s - Initializing Level: LevelW1S5(Clone) - ID: 5
184.23270s - Level Loaded: LevelW1S5(Clone) (LevelDefinition)
204.07810s - End Level
204.26790s - Stage Score: 0
204.26800s - Stage Score Best Time, Saved First Time:0
Saving Current Game
204.26860s - Screws Score: 250, Time Score: 0, Multiplier: 1, Total: 300
204.26870s - Flawless stored = 0
204.26870s - Beaten Times stored = 0
204.26870s - Screws stored = 0
204.26870s - Silver or Gold = 0
204.26870s - Silver or Gold = 0
207.05210s - Switching Level - Destroying Old One
207.10190s - Initializing Level: LevelPreciseJumping(Clone) - ID: 6
207.11600s - Level Loaded: LevelPreciseJumping(Clone) (LevelDefinition)
213.09720s - Killing Player
214.78440s - Switching Level - Destroying Old One
214.83880s - Initializing Level: LevelPreciseJumping(Clone) - ID: 6
214.85280s - Level Loaded: LevelPreciseJumping(Clone) (LevelDefinition)
218.26210s - Killing Player
219.95620s - Switching Level - Destroying Old One
220.00850s - Initializing Level: LevelPreciseJumping(Clone) - ID: 6
220.02230s - Level Loaded: LevelPreciseJumping(Clone) (LevelDefinition)
239.25440s - Killing Player
240.92610s - Switching Level - Destroying Old One
240.97850s - Initializing Level: LevelPreciseJumping(Clone) - ID: 6
240.99250s - Level Loaded: LevelPreciseJumping(Clone) (LevelDefinition)
269.22050s - Killing Player
270.90470s - Switching Level - Destroying Old One
270.95570s - Initializing Level: LevelPreciseJumping(Clone) - ID: 6
270.96950s - Level Loaded: LevelPreciseJumping(Clone) (LevelDefinition)
275.02850s - Killing Player
276.71560s - Switching Level - Destroying Old One
276.76740s - Initializing Level: LevelPreciseJumping(Clone) - ID: 6
276.78120s - Level Loaded: LevelPreciseJumping(Clone) (LevelDefinition)
288.85680s - Killing Player
290.55200s - Switching Level - Destroying Old One
290.61170s - Initializing Level: LevelPreciseJumping(Clone) - ID: 6
290.62500s - Level Loaded: LevelPreciseJumping(Clone) (LevelDefinition)
308.27790s - Killing Player
309.96370s - Switching Level - Destroying Old One
310.01400s - Initializing Level: LevelPreciseJumping(Clone) - ID: 6
310.02760s - Level Loaded: LevelPreciseJumping(Clone) (LevelDefinition)
342.95400s - Killing Player
344.63150s - Switching Level - Destroying Old One
344.68330s - Initializing Level: LevelPreciseJumping(Clone) - ID: 6
344.69690s - Level Loaded: LevelPreciseJumping(Clone) (LevelDefinition)
349.78430s - Killing Player
351.46550s - Switching Level - Destroying Old One
351.51750s - Initializing Level: LevelPreciseJumping(Clone) - ID: 6
351.53140s - Level Loaded: LevelPreciseJumping(Clone) (LevelDefinition)
352.79440s - Showing Confirmation dialog: GamePause
353.51690s - Showing Confirmation dialog: GamePause
357.12870s - Switching Level - Destroying Old One
357.17900s - Initializing Level: LevelIntro(Clone) - ID: 0
357.18390s - Level Loaded: LevelIntro(Clone) (LevelDefinition)
Going to main menu - cutscene launched.
358.85760s - Showing Confirmation dialog: QuitGameMenu
Setting up 4 worker threads for Enlighten.
Memory Statistics:
[ALLOC_TEMP_TLS] TLS Allocator
  StackAllocators : 
    [ALLOC_TEMP_MAIN]
      Peak usage frame count: [2.0 KB-4.0 KB]: 62 frames, [8.0 KB-16.0 KB]: 3313 frames, [16.0 KB-32.0 KB]: 19690 frames, [32.0 KB-64.0 KB]: 27 frames, [64.0 KB-128.0 KB]: 8 frames, [128.0 KB-256.0 KB]: 12 frames, [256.0 KB-0.5 MB]: 7 frames, [0.5 MB-1.0 MB]: 10 frames, [2.0 MB-4.0 MB]: 2 frames
      Initial Block Size 4.0 MB
      Current Block Size 4.0 MB
      Peak Allocated Bytes 2.9 MB
      Overflow Count 0
    [ALLOC_TEMP_Loading.AsyncRead]
      Initial Block Size 64.0 KB
      Current Block Size 64.0 KB
      Peak Allocated Bytes 128 B
      Overflow Count 0
    [ALLOC_TEMP_Loading.PreloadManager]
      Initial Block Size 256.0 KB
      Current Block Size 256.0 KB
      Peak Allocated Bytes 16.6 KB
      Overflow Count 4
    [ALLOC_TEMP_Background Job.Worker 8]
      Initial Block Size 32.0 KB
      Current Block Size 32.0 KB
      Peak Allocated Bytes 0 B
      Overflow Count 0
    [ALLOC_TEMP_Job.Worker 6]
      Initial Block Size 256.0 KB
      Current Block Size 256.0 KB
      Peak Allocated Bytes 22.4 KB
      Overflow Count 0
    [ALLOC_TEMP_Job.Worker 0]
      Initial Block Size 256.0 KB
      Current Block Size 256.0 KB
      Peak Allocated Bytes 22.9 KB
      Overflow Count 0
    [ALLOC_TEMP_Background Job.Worker 10]
      Initial Block Size 32.0 KB
      Current Block Size 32.0 KB
      Peak Allocated Bytes 0 B
      Overflow Count 0
    [ALLOC_TEMP_Background Job.Worker 9]
      Initial Block Size 32.0 KB
      Current Block Size 32.0 KB
      Peak Allocated Bytes 0 B
      Overflow Count 0
    [ALLOC_TEMP_Job.Worker 5]
      Initial Block Size 256.0 KB
      Current Block Size 256.0 KB
      Peak Allocated Bytes 22.4 KB
      Overflow Count 0
    [ALLOC_TEMP_Background Job.Worker 14]
      Initial Block Size 32.0 KB
      Current Block Size 32.0 KB
      Peak Allocated Bytes 0 B
      Overflow Count 0
    [ALLOC_TEMP_Background Job.Worker 6]
      Initial Block Size 32.0 KB
      Current Block Size 32.0 KB
      Peak Allocated Bytes 0 B
      Overflow Count 0
    [ALLOC_TEMP_Job.Worker 4]
      Initial Block Size 256.0 KB
      Current Block Size 256.0 KB
      Peak Allocated Bytes 22.4 KB
      Overflow Count 0
    [ALLOC_TEMP_Job.Worker 3]
      Initial Block Size 256.0 KB
      Current Block Size 256.0 KB
      Peak Allocated Bytes 22.6 KB
      Overflow Count 0
    [ALLOC_TEMP_Background Job.Worker 12]
      Initial Block Size 32.0 KB
      Current Block Size 32.0 KB
      Peak Allocated Bytes 0 B
      Overflow Count 0
    [ALLOC_TEMP_EnlightenWorker] x 4
      Initial Block Size 64.0 KB
      Current Block Size 64.0 KB
      Peak Allocated Bytes 0 B
      Overflow Count 0
    [ALLOC_TEMP_Background Job.Worker 15]
      Initial Block Size 32.0 KB
      Current Block Size 32.0 KB
      Peak Allocated Bytes 0 B
      Overflow Count 0
    [ALLOC_TEMP_Background Job.Worker 1]
      Initial Block Size 32.0 KB
      Current Block Size 32.0 KB
      Peak Allocated Bytes 0 B
      Overflow Count 0
    [ALLOC_TEMP_Background Job.Worker 2]
      Initial Block Size 32.0 KB
      Current Block Size 32.0 KB
      Peak Allocated Bytes 0 B
      Overflow Count 0
    [ALLOC_TEMP_Background Job.Worker 7]
      Initial Block Size 32.0 KB
      Current Block Size 32.0 KB
      Peak Allocated Bytes 0 B
      Overflow Count 0
    [ALLOC_TEMP_UnityGfxDeviceWorker]
      Initial Block Size 256.0 KB
      Current Block Size 256.0 KB
      Peak Allocated Bytes 22.4 KB
      Overflow Count 0
    [ALLOC_TEMP_AssetGarbageCollectorHelper] x 7
      Initial Block Size 64.0 KB
      Current Block Size 64.0 KB
      Peak Allocated Bytes 0 B
      Overflow Count 0
    [ALLOC_TEMP_Background Job.Worker 5]
      Initial Block Size 32.0 KB
      Current Block Size 32.0 KB
      Peak Allocated Bytes 0 B
      Overflow Count 0
    [ALLOC_TEMP_Background Job.Worker 13]
      Initial Block Size 32.0 KB
      Current Block Size 32.0 KB
      Peak Allocated Bytes 0 B
      Overflow Count 0
    [ALLOC_TEMP_Job.Worker 1]
      Initial Block Size 256.0 KB
      Current Block Size 256.0 KB
      Peak Allocated Bytes 22.4 KB
      Overflow Count 0
    [ALLOC_TEMP_Job.Worker 2]
      Initial Block Size 256.0 KB
      Current Block Size 256.0 KB
      Peak Allocated Bytes 22.4 KB
      Overflow Count 0
    [ALLOC_TEMP_Background Job.Worker 3]
      Initial Block Size 32.0 KB
      Current Block Size 32.0 KB
      Peak Allocated Bytes 0 B
      Overflow Count 0
    [ALLOC_TEMP_Background Job.Worker 11]
      Initial Block Size 32.0 KB
      Current Block Size 32.0 KB
      Peak Allocated Bytes 0 B
      Overflow Count 0
    [ALLOC_TEMP_Background Job.Worker 0]
      Initial Block Size 32.0 KB
      Current Block Size 32.0 KB
      Peak Allocated Bytes 0 B
      Overflow Count 0
    [ALLOC_TEMP_Background Job.Worker 4]
      Initial Block Size 32.0 KB
      Current Block Size 32.0 KB
      Peak Allocated Bytes 0 B
      Overflow Count 0
    [ALLOC_TEMP_BatchDeleteObjects]
      Initial Block Size 64.0 KB
      Current Block Size 64.0 KB
      Peak Allocated Bytes 0 B
      Overflow Count 0
[ALLOC_DEFAULT] Dual Thread Allocator
  Peak main deferred allocation count 6613
    [ALLOC_BUCKET]
      Large Block size 4.0 MB
      Used Block count 1
      Peak Allocated bytes 4.0 MB
      Failed Allocations. Bucket layout:
        16B: 33 Subsections = 33792 buckets. Failed count: 819770
        32B: 5 Subsections = 2560 buckets. Failed count: 377653
        48B: 15 Subsections = 5120 buckets. Failed count: 4231879
        64B: 169 Subsections = 43264 buckets. Failed count: 1417715
        80B: 28 Subsections = 5734 buckets. Failed count: 577815
        96B: 3 Subsections = 512 buckets. Failed count: 112479
        112B: 2 Subsections = 292 buckets. Failed count: 6561
        128B: 1 Subsections = 128 buckets. Failed count: 60014
    [ALLOC_DEFAULT_MAIN]
      Peak usage frame count: [16.0 MB-32.0 MB]: 1 frames, [64.0 MB-128.0 MB]: 23130 frames
      Requested Block Size 16.0 MB
      Peak Block count 10
      Peak Allocated memory 118.5 MB
      Peak Large allocation bytes 12.0 MB
    [ALLOC_DEFAULT_THREAD]
      Peak usage frame count: [16.0 MB-32.0 MB]: 23131 frames
      Requested Block Size 16.0 MB
      Peak Block count 1
      Peak Allocated memory 30.9 MB
      Peak Large allocation bytes 16.0 MB
[ALLOC_TEMP_JOB_1_FRAME]
  Initial Block Size 2.0 MB
  Used Block Count 1
  Overflow Count (too large) 0
  Overflow Count (full) 0
[ALLOC_TEMP_JOB_2_FRAMES]
  Initial Block Size 2.0 MB
  Used Block Count 1
  Overflow Count (too large) 0
  Overflow Count (full) 0
[ALLOC_TEMP_JOB_4_FRAMES (JobTemp)]
  Initial Block Size 2.0 MB
  Used Block Count 3
  Overflow Count (too large) 0
  Overflow Count (full) 0
[ALLOC_TEMP_JOB_ASYNC (Background)]
  Initial Block Size 1.0 MB
  Used Block Count 3
  Overflow Count (too large) 0
  Overflow Count (full) 0
[ALLOC_GFX] Dual Thread Allocator
  Peak main deferred allocation count 62
    [ALLOC_BUCKET]
      Large Block size 4.0 MB
      Used Block count 1
      Peak Allocated bytes 4.0 MB
      Failed Allocations. Bucket layout:
        16B: 33 Subsections = 33792 buckets. Failed count: 819770
        32B: 5 Subsections = 2560 buckets. Failed count: 377653
        48B: 15 Subsections = 5120 buckets. Failed count: 4231879
        64B: 169 Subsections = 43264 buckets. Failed count: 1417715
        80B: 28 Subsections = 5734 buckets. Failed count: 577815
        96B: 3 Subsections = 512 buckets. Failed count: 112479
        112B: 2 Subsections = 292 buckets. Failed count: 6561
        128B: 1 Subsections = 128 buckets. Failed count: 60014
    [ALLOC_GFX_MAIN]
      Peak usage frame count: [64.0 KB-128.0 KB]: 1 frames, [2.0 MB-4.0 MB]: 23130 frames
      Requested Block Size 16.0 MB
      Peak Block count 1
      Peak Allocated memory 2.7 MB
      Peak Large allocation bytes 0 B
    [ALLOC_GFX_THREAD]
      Peak usage frame count: [1.0 KB-2.0 KB]: 1 frames, [2.0 KB-4.0 KB]: 73 frames, [32.0 KB-64.0 KB]: 1 frames, [64.0 KB-128.0 KB]: 791 frames, [128.0 KB-256.0 KB]: 13577 frames, [256.0 KB-0.5 MB]: 8688 frames
      Requested Block Size 16.0 MB
      Peak Block count 1
      Peak Allocated memory 294.1 KB
      Peak Large allocation bytes 0 B
[ALLOC_CACHEOBJECTS] Dual Thread Allocator
  Peak main deferred allocation count 0
    [ALLOC_BUCKET]
      Large Block size 4.0 MB
      Used Block count 1
      Peak Allocated bytes 4.0 MB
      Failed Allocations. Bucket layout:
        16B: 33 Subsections = 33792 buckets. Failed count: 819770
        32B: 5 Subsections = 2560 buckets. Failed count: 377653
        48B: 15 Subsections = 5120 buckets. Failed count: 4231879
        64B: 169 Subsections = 43264 buckets. Failed count: 1417715
        80B: 28 Subsections = 5734 buckets. Failed count: 577815
        96B: 3 Subsections = 512 buckets. Failed count: 112479
        112B: 2 Subsections = 292 buckets. Failed count: 6561
        128B: 1 Subsections = 128 buckets. Failed count: 60014
    [ALLOC_CACHEOBJECTS_MAIN]
      Peak usage frame count: [16.0 MB-32.0 MB]: 1 frames, [64.0 MB-128.0 MB]: 23130 frames
      Requested Block Size 4.0 MB
      Peak Block count 26
      Peak Allocated memory 106.3 MB
      Peak Large allocation bytes 17.8 MB
    [ALLOC_CACHEOBJECTS_THREAD]
      Peak usage frame count: [32.0 KB-64.0 KB]: 23130 frames, [128.0 KB-256.0 KB]: 1 frames
      Requested Block Size 4.0 MB
      Peak Block count 1
      Peak Allocated memory 160.7 KB
      Peak Large allocation bytes 0 B
[ALLOC_TYPETREE] Dual Thread Allocator
  Peak main deferred allocation count 0
    [ALLOC_BUCKET]
      Large Block size 4.0 MB
      Used Block count 1
      Peak Allocated bytes 4.0 MB
      Failed Allocations. Bucket layout:
        16B: 33 Subsections = 33792 buckets. Failed count: 819770
        32B: 5 Subsections = 2560 buckets. Failed count: 377653
        48B: 15 Subsections = 5120 buckets. Failed count: 4231879
        64B: 169 Subsections = 43264 buckets. Failed count: 1417715
        80B: 28 Subsections = 5734 buckets. Failed count: 577815
        96B: 3 Subsections = 512 buckets. Failed count: 112479
        112B: 2 Subsections = 292 buckets. Failed count: 6561
        128B: 1 Subsections = 128 buckets. Failed count: 60014
    [ALLOC_TYPETREE_MAIN]
      Peak usage frame count: [8.0 KB-16.0 KB]: 1 frames, [32.0 KB-64.0 KB]: 672 frames, [64.0 KB-128.0 KB]: 22458 frames
      Requested Block Size 2.0 MB
      Peak Block count 1
      Peak Allocated memory 70.5 KB
      Peak Large allocation bytes 0 B
    [ALLOC_TYPETREE_THREAD]
      Peak usage frame count: [0-1.0 KB]: 23131 frames
      Requested Block Size 2.0 MB
      Peak Block count 0
      Peak Allocated memory 0 B
      Peak Large allocation bytes 0 B
