2024-08-02 10:46:53 INFO [electron]   "init store"
2024-08-02 10:46:53 INFO [electron]   "init request"
2024-08-02 10:46:53 INFO [electron]   "init i18n"
2024-08-02 10:46:53 INFO [electron]   {"updater":{"downloadUrl":"https://appest-public.s3.amazonaws.com/download/linux/","delay":2000,"interval":600000},"apk_version":"2.0.30","product_mode":true,"package_mode":false,"product_name":"TickTick","is_cn_site":false,"cdn_domain":"d107mjio2rjf74.cloudfront.net/web","site_domain":"ticktick.com","ex_api_domain":"ext.ticktick.com","brother_product_name":"滴答清单","brother_site_domain":"dida365.com","api_domain":"api.ticktick.com","cookie_domain":".ticktick.com","protocol":"https://","help_domain":"help.ticktick.com","support_api_domain":"ticket.ticktick.com","deploy_path":"/task/src/main/webapp/static/deploy","version":"2030"}
2024-08-02 10:46:53 INFO [electron]   "timezone Asia/Calcutta"
2024-08-02 10:46:53 INFO [electron]   "date -330"
2024-08-02 10:46:53 INFO [electron]   {"platform":"electron","os":"linux","device":"Linux x64","name":"archlinux","version":"2030","id":"667552f36b8fcbb80a7a1e24","channel":"website","campaign":"","websocket":""}
2024-08-02 10:46:53 INFO [electron]   "init main window"
2024-08-02 10:46:54 INFO [electron]   "init"
2024-08-02 10:46:54 INFO [electron]   "init menu"
2024-08-02 10:46:54 INFO [electron]   "init update service"
2024-08-02 10:46:54 INFO [electron]   "init notification"
2024-08-02 10:46:54 INFO [electron]   "init tray"
2024-08-02 10:46:54 INFO [electron]   "fetch get begin https://api.ticktick.com/api/v2/user/profile"
2024-08-02 10:46:54 INFO [electron]   "token 154BB8FE91446783736F9014E26C7B5A4422F2AD2B00EB2D1AD8197E564A6AB62643D8D485D071E9EC7E54FC4038CE4961412A8ED18E6E41425464E61AD07ACECF816B76FA3FFDC30802783E86EB154FE5AA2E6602103F407741B8B361B4C3E882BEE463B1431075BC4DD36207DCA5A8E5AA2E6602103F4045573F4A5F263436971FAFF2723DC1F58F28AAAA97CA8747129AA14463B5401E7D8B58FF9D1BFC1975DCC8785A2277E1"
2024-08-02 10:46:54 INFO [electron]   "token 154BB8FE91446783736F9014E26C7B5A4422F2AD2B00EB2D1AD8197E564A6AB62643D8D485D071E9EC7E54FC4038CE4961412A8ED18E6E41425464E61AD07ACECF816B76FA3FFDC30802783E86EB154FE5AA2E6602103F407741B8B361B4C3E882BEE463B1431075BC4DD36207DCA5A8E5AA2E6602103F4045573F4A5F263436971FAFF2723DC1F58F28AAAA97CA8747129AA14463B5401E7D8B58FF9D1BFC1975DCC8785A2277E1"
2024-08-02 10:46:54 INFO [electron]   "launchLogin main"
2024-08-02 10:46:54 INFO [electron]   "fetch get begin https://api.ticktick.com/api/v2/user/status"
2024-08-02 10:46:54 INFO [electron]   "token 154BB8FE91446783736F9014E26C7B5A4422F2AD2B00EB2D1AD8197E564A6AB62643D8D485D071E9EC7E54FC4038CE4961412A8ED18E6E41425464E61AD07ACECF816B76FA3FFDC30802783E86EB154FE5AA2E6602103F407741B8B361B4C3E882BEE463B1431075BC4DD36207DCA5A8E5AA2E6602103F4045573F4A5F263436971FAFF2723DC1F58F28AAAA97CA8747129AA14463B5401E7D8B58FF9D1BFC1975DCC8785A2277E1"
2024-08-02 10:46:54 INFO [electron]   "get error https://api.ticktick.com/api/v2/user/profile"
2024-08-02 10:46:54 INFO [electron]   {"id":"667552f36b8fcbb80a7a1e24","platform":"electron","ver":"2030","channel":"website","os":"linux","osv":"","device":"Linux x64","name":"archlinux","campaign":"","websocket":"","ctime":"2024-08-02T05:16:53.000+0000","atime":"2024-08-02T05:16:53.000+0000","userCode":"","hl":"en_US","tz":"Asia/Calcutta","locale":"en-US"}
2024-08-02 10:46:54 INFO [electron]   "fetch post begin https://xapi.ticktick.com/datacollect/event/push"
2024-08-02 10:46:54 INFO [electron]   "token 154BB8FE91446783736F9014E26C7B5A4422F2AD2B00EB2D1AD8197E564A6AB62643D8D485D071E9EC7E54FC4038CE4961412A8ED18E6E41425464E61AD07ACECF816B76FA3FFDC30802783E86EB154FE5AA2E6602103F407741B8B361B4C3E882BEE463B1431075BC4DD36207DCA5A8E5AA2E6602103F4045573F4A5F263436971FAFF2723DC1F58F28AAAA97CA8747129AA14463B5401E7D8B58FF9D1BFC1975DCC8785A2277E1"
2024-08-02 10:46:54 INFO [electron]   "globalUser {\"inboxId\":\"inbox122395868\",\"username\":\"saurabh1kmr@outlook.com\",\"pro\":false,\"teamUser\":false,\"ds\":false,\"proEndDate\":\"1970-01-01T00:00:00.000+0000\",\"userId\":\"122395868\"}"
2024-08-02 10:46:54 INFO [electron]   "locale en_US"
2024-08-02 10:46:55 INFO [electron]   "update userInfo {\"inboxId\":\"inbox122395868\",\"username\":\"saurabh1kmr@outlook.com\",\"pro\":false,\"teamUser\":false,\"ds\":false,\"proEndDate\":\"1970-01-01T00:00:00.000+0000\",\"userId\":\"122395868\"}"
2024-08-02 10:46:55 INFO [electron]   "get end https://api.ticktick.com/api/v2/user/status"
2024-08-02 10:46:56 INFO [electron]   "main-dom-ready"
2024-08-02 10:46:57 INFO [electron]   "post end https://xapi.ticktick.com/datacollect/event/push"
2024-08-02 10:46:58 INFO [electron]   "update check"
2024-08-02 10:46:58 INFO [electron]   "fetch getFile begin https://pull.ticktick.com/linux/release_note.json?timeStamp=1722575818352"
2024-08-02 10:46:58 INFO [electron]   "getFile end https://pull.ticktick.com/linux/release_note.json?timeStamp=1722575818352"
2024-08-02 11:00:40 INFO [electron]   "notification show"
2024-08-02 11:38:40 INFO [electron]   "notification show"
2024-08-02 13:31:10 INFO [electron]   "mainWindow-close"
2024-08-02 13:31:10 INFO [electron]   "dumpEndddddd"
2024-08-02 13:31:10 INFO [electron]   "window-all-closed"
2024-08-02 13:31:10 INFO [electron]   "before-quit"
2024-08-02 13:31:10 INFO [electron]   "will-quit"
2024-08-02 13:31:10 INFO [electron]   "quittttt"
2024-08-02 13:31:34 INFO [electron]   "init store"
2024-08-02 13:31:34 INFO [electron]   "init request"
2024-08-02 13:31:34 INFO [electron]   "init i18n"
2024-08-02 13:31:34 INFO [electron]   {"updater":{"downloadUrl":"https://appest-public.s3.amazonaws.com/download/linux/","delay":2000,"interval":600000},"apk_version":"2.0.30","product_mode":true,"package_mode":false,"product_name":"TickTick","is_cn_site":false,"cdn_domain":"d107mjio2rjf74.cloudfront.net/web","site_domain":"ticktick.com","ex_api_domain":"ext.ticktick.com","brother_product_name":"滴答清单","brother_site_domain":"dida365.com","api_domain":"api.ticktick.com","cookie_domain":".ticktick.com","protocol":"https://","help_domain":"help.ticktick.com","support_api_domain":"ticket.ticktick.com","deploy_path":"/task/src/main/webapp/static/deploy","version":"2030"}
2024-08-02 13:31:34 INFO [electron]   "timezone Asia/Calcutta"
2024-08-02 13:31:34 INFO [electron]   "date -330"
2024-08-02 13:31:34 INFO [electron]   {"platform":"electron","os":"linux","device":"Linux x64","name":"archlinux","version":"2030","id":"667552f36b8fcbb80a7a1e24","channel":"website","campaign":"","websocket":""}
2024-08-02 13:31:34 INFO [electron]   "init main window"
2024-08-02 13:31:34 INFO [electron]   "init"
2024-08-02 13:31:34 INFO [electron]   "init menu"
2024-08-02 13:31:34 INFO [electron]   "init update service"
2024-08-02 13:31:34 INFO [electron]   "init notification"
2024-08-02 13:31:34 INFO [electron]   "init tray"
2024-08-02 13:31:34 INFO [electron]   "fetch get begin https://api.ticktick.com/api/v2/user/profile"
2024-08-02 13:31:34 INFO [electron]   "token 154BB8FE91446783736F9014E26C7B5A4422F2AD2B00EB2D1AD8197E564A6AB62643D8D485D071E9EC7E54FC4038CE4961412A8ED18E6E41425464E61AD07ACECF816B76FA3FFDC30802783E86EB154FE5AA2E6602103F407741B8B361B4C3E882BEE463B1431075BC4DD36207DCA5A8E5AA2E6602103F4045573F4A5F263436971FAFF2723DC1F58F28AAAA97CA8747129AA14463B5401E7D8B58FF9D1BFC1975DCC8785A2277E1"
2024-08-02 13:31:34 INFO [electron]   "token 154BB8FE91446783736F9014E26C7B5A4422F2AD2B00EB2D1AD8197E564A6AB62643D8D485D071E9EC7E54FC4038CE4961412A8ED18E6E41425464E61AD07ACECF816B76FA3FFDC30802783E86EB154FE5AA2E6602103F407741B8B361B4C3E882BEE463B1431075BC4DD36207DCA5A8E5AA2E6602103F4045573F4A5F263436971FAFF2723DC1F58F28AAAA97CA8747129AA14463B5401E7D8B58FF9D1BFC1975DCC8785A2277E1"
2024-08-02 13:31:34 INFO [electron]   "launchLogin main"
2024-08-02 13:31:34 INFO [electron]   "fetch get begin https://api.ticktick.com/api/v2/user/status"
2024-08-02 13:31:34 INFO [electron]   "token 154BB8FE91446783736F9014E26C7B5A4422F2AD2B00EB2D1AD8197E564A6AB62643D8D485D071E9EC7E54FC4038CE4961412A8ED18E6E41425464E61AD07ACECF816B76FA3FFDC30802783E86EB154FE5AA2E6602103F407741B8B361B4C3E882BEE463B1431075BC4DD36207DCA5A8E5AA2E6602103F4045573F4A5F263436971FAFF2723DC1F58F28AAAA97CA8747129AA14463B5401E7D8B58FF9D1BFC1975DCC8785A2277E1"
2024-08-02 13:31:34 INFO [electron]   "globalUser {\"inboxId\":\"inbox122395868\",\"username\":\"saurabh1kmr@outlook.com\",\"pro\":false,\"teamUser\":false,\"ds\":false,\"proEndDate\":\"1970-01-01T00:00:00.000+0000\",\"userId\":\"122395868\"}"
2024-08-02 13:31:34 INFO [electron]   "locale en_US"
2024-08-02 13:31:35 INFO [electron]   "update userInfo {\"inboxId\":\"inbox122395868\",\"username\":\"saurabh1kmr@outlook.com\",\"pro\":false,\"teamUser\":false,\"ds\":false,\"proEndDate\":\"1970-01-01T00:00:00.000+0000\",\"userId\":\"122395868\"}"
2024-08-02 13:31:35 INFO [electron]   "get end https://api.ticktick.com/api/v2/user/status"
2024-08-02 13:31:35 INFO [electron]   {"id":"667552f36b8fcbb80a7a1e24","platform":"electron","ver":"2030","channel":"website","os":"linux","osv":"","device":"Linux x64","name":"archlinux","campaign":"","websocket":"","ctime":"2024-08-02T08:01:34.000+0000","atime":"2024-08-02T08:01:34.000+0000","userCode":"df26ede499b649908b258d8ee17b7dce","hl":"en_US","tz":"Asia/Calcutta","locale":"en-US"}
2024-08-02 13:31:35 INFO [electron]   "fetch post begin https://xapi.ticktick.com/datacollect/event/push"
2024-08-02 13:31:35 INFO [electron]   "token 154BB8FE91446783736F9014E26C7B5A4422F2AD2B00EB2D1AD8197E564A6AB62643D8D485D071E9EC7E54FC4038CE4961412A8ED18E6E41425464E61AD07ACECF816B76FA3FFDC30802783E86EB154FE5AA2E6602103F407741B8B361B4C3E882BEE463B1431075BC4DD36207DCA5A8E5AA2E6602103F4045573F4A5F263436971FAFF2723DC1F58F28AAAA97CA8747129AA14463B5401E7D8B58FF9D1BFC1975DCC8785A2277E1"
2024-08-02 13:31:35 INFO [electron]   "get end https://api.ticktick.com/api/v2/user/profile"
2024-08-02 13:31:36 INFO [electron]   "post end https://xapi.ticktick.com/datacollect/event/push"
2024-08-02 13:31:37 INFO [electron]   "main-dom-ready"
2024-08-02 13:31:39 INFO [electron]   "update check"
2024-08-02 13:31:39 INFO [electron]   "fetch getFile begin https://pull.ticktick.com/linux/release_note.json?timeStamp=1722585699908"
2024-08-02 13:31:40 INFO [electron]   "getFile end https://pull.ticktick.com/linux/release_note.json?timeStamp=1722585699908"
