[2024-06-19 19:48:44.483] [info]  [Motrix] Logger init
[2024-06-19 19:48:44.488] [warn]  [Motrix] Logger init
[2024-06-19 19:48:44.612] [info]  [Motrix] openedAtLogin: false
[2024-06-19 19:48:44.805] [info]  [Motrix] Context.init===> {
  platform: 'linux',
  arch: 'x64',
  'log-path': '/home/pc/.config/Motrix/logs',
  'session-path': '/home/pc/.config/Motrix/download.session',
  'engine-path': '/opt/Motrix/resources/engine',
  'aria2-bin-path': '/opt/Motrix/resources/engine/aria2c',
  'aria2-conf-path': '/opt/Motrix/resources/engine/aria2.conf'
}
[2024-06-19 19:48:45.748] [warn]  [Motrix] auto sync tracker data: [
  'udp://93.158.213.92:1337/announce\n' +
    '\n' +
    'udp://66.160.128.46:1337/announce\n' +
    '\n' +
    'udp://185.243.218.213:80/announce\n' +
    '\n' +
    'udp://89.234.156.205:451/announce\n' +
    '\n' +
    'udp://104.244.77.87:6969/announce\n' +
    '\n' +
    'udp://208.83.20.20:6969/announce\n' +
    '\n' +
    'udp://135.125.202.143:6969/announce\n' +
    '\n' +
    'udp://23.153.248.83:6969/announce\n' +
    '\n' +
    'udp://176.31.250.174:6969/announce\n' +
    '\n' +
    'udp://15.204.56.171:6969/announce\n' +
    '\n' +
    'udp://45.9.60.30:6969/announce\n' +
    '\n' +
    'udp://37.27.4.53:6969/announce\n' +
    '\n' +
    'udp://94.243.222.100:6969/announce\n' +
    '\n',
  'udp://tracker.opentrackr.org:1337/announce\n' +
    '\n' +
    'udp://open.demonii.com:1337/announce\n' +
    '\n' +
    'udp://open.stealth.si:80/announce\n' +
    '\n' +
    'udp://tracker-udp.gbitt.info:80/announce\n' +
    '\n' +
    'https://tracker.gbitt.info:443/announce\n' +
    '\n' +
    'http://tracker.gbitt.info:80/announce\n' +
    '\n' +
    'udp://tracker.torrent.eu.org:451/announce\n' +
    '\n' +
    'udp://open.u-p.pw:6969/announce\n' +
    '\n' +
    'udp://exodus.desync.com:6969/announce\n' +
    '\n' +
    'https://tracker.tamersunion.org:443/announce\n' +
    '\n' +
    'https://tracker.renfei.net:443/announce\n' +
    '\n' +
    'http://tracker.renfei.net:8080/announce\n' +
    '\n' +
    'udp://tracker.tryhackx.org:6969/announce\n' +
    '\n' +
    'udp://tracker.theoks.net:6969/announce\n' +
    '\n' +
    'udp://tracker.0x7c0.com:6969/announce\n' +
    '\n' +
    'udp://tamas3.ynh.fr:6969/announce\n' +
    '\n' +
    'udp://run.publictracker.xyz:6969/announce\n' +
    '\n' +
    'udp://opentracker.io:6969/announce\n' +
    '\n' +
    'udp://oh.fuuuuuck.com:6969/announce\n' +
    '\n' +
    'udp://new-line.net:6969/announce\n' +
    '\n'
]
[2024-06-19 19:48:46.653] [warn]  [Motrix] UPnPManager map 21301 failed, error:  UPnP port mapping failed
[2024-06-19 19:48:46.654] [warn]  [Motrix] UPnPManager map 26701 failed, error:  UPnP port mapping failed
[2024-06-19 22:04:12.520] [info]  [Motrix] Logger init
[2024-06-19 22:04:12.528] [warn]  [Motrix] Logger init
[2024-06-19 22:04:12.640] [info]  [Motrix] openedAtLogin: false
[2024-06-19 22:04:12.893] [info]  [Motrix] Context.init===> {
  platform: 'linux',
  arch: 'x64',
  'log-path': '/home/pc/.config/Motrix/logs',
  'session-path': '/home/pc/.config/Motrix/download.session',
  'engine-path': '/opt/Motrix/resources/engine',
  'aria2-bin-path': '/opt/Motrix/resources/engine/aria2c',
  'aria2-conf-path': '/opt/Motrix/resources/engine/aria2.conf'
}
[2024-06-19 22:04:14.732] [warn]  [Motrix] UPnPManager map 21301 failed, error:  UPnP port mapping failed
[2024-06-19 22:04:14.733] [warn]  [Motrix] UPnPManager map 26701 failed, error:  UPnP port mapping failed
[2024-06-20 10:04:43.646] [info]  [Motrix] Logger init
[2024-06-20 10:04:43.656] [warn]  [Motrix] Logger init
[2024-06-20 10:04:43.767] [info]  [Motrix] openedAtLogin: false
[2024-06-20 10:04:44.023] [info]  [Motrix] Context.init===> {
  platform: 'linux',
  arch: 'x64',
  'log-path': '/home/pc/.config/Motrix/logs',
  'session-path': '/home/pc/.config/Motrix/download.session',
  'engine-path': '/opt/Motrix/resources/engine',
  'aria2-bin-path': '/opt/Motrix/resources/engine/aria2c',
  'aria2-conf-path': '/opt/Motrix/resources/engine/aria2.conf'
}
[2024-06-20 10:04:44.913] [warn]  [Motrix] auto sync tracker data: [
  'udp://93.158.213.92:1337/announce\n' +
    '\n' +
    'udp://66.160.128.46:1337/announce\n' +
    '\n' +
    'udp://109.201.134.183:80/announce\n' +
    '\n' +
    'udp://185.243.218.213:80/announce\n' +
    '\n' +
    'udp://89.234.156.205:451/announce\n' +
    '\n' +
    'udp://104.244.77.87:6969/announce\n' +
    '\n' +
    'udp://23.153.248.83:6969/announce\n' +
    '\n' +
    'udp://45.9.60.30:6969/announce\n' +
    '\n' +
    'udp://23.157.120.14:6969/announce\n' +
    '\n' +
    'udp://208.83.20.20:6969/announce\n' +
    '\n' +
    'udp://135.125.202.143:6969/announce\n' +
    '\n' +
    'udp://176.31.250.174:6969/announce\n' +
    '\n' +
    'udp://15.204.56.171:6969/announce\n' +
    '\n' +
    'udp://94.243.222.100:6969/announce\n' +
    '\n',
  'udp://tracker.opentrackr.org:1337/announce\n' +
    '\n' +
    'udp://open.demonii.com:1337/announce\n' +
    '\n' +
    'udp://open.stealth.si:80/announce\n' +
    '\n' +
    'udp://tracker-udp.gbitt.info:80/announce\n' +
    '\n' +
    'https://tracker.gbitt.info:443/announce\n' +
    '\n' +
    'http://tracker.gbitt.info:80/announce\n' +
    '\n' +
    'udp://tracker.torrent.eu.org:451/announce\n' +
    '\n' +
    'udp://open.u-p.pw:6969/announce\n' +
    '\n' +
    'udp://exodus.desync.com:6969/announce\n' +
    '\n' +
    'https://tracker.tamersunion.org:443/announce\n' +
    '\n' +
    'https://tracker.renfei.net:443/announce\n' +
    '\n' +
    'http://tracker.renfei.net:8080/announce\n' +
    '\n' +
    'udp://tracker.tryhackx.org:6969/announce\n' +
    '\n' +
    'udp://tracker.theoks.net:6969/announce\n' +
    '\n' +
    'udp://tracker.0x7c0.com:6969/announce\n' +
    '\n' +
    'udp://tamas3.ynh.fr:6969/announce\n' +
    '\n' +
    'udp://run.publictracker.xyz:6969/announce\n' +
    '\n' +
    'udp://opentracker.io:6969/announce\n' +
    '\n' +
    'udp://oh.fuuuuuck.com:6969/announce\n' +
    '\n' +
    'udp://new-line.net:6969/announce\n' +
    '\n'
]
[2024-06-20 10:04:45.861] [warn]  [Motrix] UPnPManager map 21301 failed, error:  UPnP port mapping failed
[2024-06-20 10:04:45.862] [warn]  [Motrix] UPnPManager map 26701 failed, error:  UPnP port mapping failed
[2024-06-20 22:10:44.190] [info]  [Motrix] Logger init
[2024-06-20 22:10:44.200] [warn]  [Motrix] Logger init
[2024-06-20 22:10:44.314] [info]  [Motrix] openedAtLogin: false
[2024-06-20 22:10:44.597] [info]  [Motrix] Context.init===> {
  platform: 'linux',
  arch: 'x64',
  'log-path': '/home/pc/.config/Motrix/logs',
  'session-path': '/home/pc/.config/Motrix/download.session',
  'engine-path': '/opt/Motrix/resources/engine',
  'aria2-bin-path': '/opt/Motrix/resources/engine/aria2c',
  'aria2-conf-path': '/opt/Motrix/resources/engine/aria2.conf'
}
[2024-06-20 22:10:45.472] [warn]  [Motrix] auto sync tracker data: [
  'udp://93.158.213.92:1337/announce\n' +
    '\n' +
    'udp://66.160.128.46:1337/announce\n' +
    '\n' +
    'udp://109.201.134.183:80/announce\n' +
    '\n' +
    'udp://185.243.218.213:80/announce\n' +
    '\n' +
    'udp://89.234.156.205:451/announce\n' +
    '\n' +
    'udp://104.244.77.87:6969/announce\n' +
    '\n' +
    'udp://23.153.248.83:6969/announce\n' +
    '\n' +
    'udp://45.9.60.30:6969/announce\n' +
    '\n' +
    'udp://23.157.120.14:6969/announce\n' +
    '\n' +
    'udp://208.83.20.20:6969/announce\n' +
    '\n' +
    'udp://135.125.202.143:6969/announce\n' +
    '\n' +
    'udp://176.31.250.174:6969/announce\n' +
    '\n' +
    'udp://15.204.56.171:6969/announce\n' +
    '\n' +
    'udp://94.243.222.100:6969/announce\n' +
    '\n',
  'udp://tracker.opentrackr.org:1337/announce\n' +
    '\n' +
    'udp://open.demonii.com:1337/announce\n' +
    '\n' +
    'udp://tracker-udp.gbitt.info:80/announce\n' +
    '\n' +
    'https://tracker.gbitt.info:443/announce\n' +
    '\n' +
    'http://tracker.gbitt.info:80/announce\n' +
    '\n' +
    'udp://open.stealth.si:80/announce\n' +
    '\n' +
    'udp://tracker.torrent.eu.org:451/announce\n' +
    '\n' +
    'udp://open.u-p.pw:6969/announce\n' +
    '\n' +
    'udp://tracker.theoks.net:6969/announce\n' +
    '\n' +
    'udp://tracker.0x7c0.com:6969/announce\n' +
    '\n' +
    'udp://opentracker.io:6969/announce\n' +
    '\n' +
    'udp://explodie.org:6969/announce\n' +
    '\n' +
    'udp://exodus.desync.com:6969/announce\n' +
    '\n' +
    'https://tracker.tamersunion.org:443/announce\n' +
    '\n' +
    'https://tracker.renfei.net:443/announce\n' +
    '\n' +
    'http://tracker.renfei.net:8080/announce\n' +
    '\n' +
    'udp://tracker.tryhackx.org:6969/announce\n' +
    '\n' +
    'udp://tamas3.ynh.fr:6969/announce\n' +
    '\n' +
    'udp://run.publictracker.xyz:6969/announce\n' +
    '\n' +
    'udp://new-line.net:6969/announce\n' +
    '\n'
]
[2024-06-20 22:10:46.439] [warn]  [Motrix] UPnPManager map 21301 failed, error:  UPnP port mapping failed
[2024-06-20 22:10:46.440] [warn]  [Motrix] UPnPManager map 26701 failed, error:  UPnP port mapping failed
[2024-06-21 09:55:51.106] [info]  [Motrix] Logger init
[2024-06-21 09:55:51.116] [warn]  [Motrix] Logger init
[2024-06-21 09:55:51.235] [info]  [Motrix] openedAtLogin: false
[2024-06-21 09:55:51.491] [info]  [Motrix] Context.init===> {
  platform: 'linux',
  arch: 'x64',
  'log-path': '/home/pc/.config/Motrix/logs',
  'session-path': '/home/pc/.config/Motrix/download.session',
  'engine-path': '/opt/Motrix/resources/engine',
  'aria2-bin-path': '/opt/Motrix/resources/engine/aria2c',
  'aria2-conf-path': '/opt/Motrix/resources/engine/aria2.conf'
}
[2024-06-21 09:55:53.329] [warn]  [Motrix] UPnPManager map 21301 failed, error:  UPnP port mapping failed
[2024-06-21 09:55:53.330] [warn]  [Motrix] UPnPManager map 26701 failed, error:  UPnP port mapping failed
[2024-06-22 18:34:52.344] [info]  [Motrix] Logger init
[2024-06-22 18:34:52.355] [warn]  [Motrix] Logger init
[2024-06-22 18:34:52.488] [info]  [Motrix] openedAtLogin: false
[2024-06-22 18:34:52.761] [info]  [Motrix] Context.init===> {
  platform: 'linux',
  arch: 'x64',
  'log-path': '/home/pc/.config/Motrix/logs',
  'session-path': '/home/pc/.config/Motrix/download.session',
  'engine-path': '/opt/Motrix/resources/engine',
  'aria2-bin-path': '/opt/Motrix/resources/engine/aria2c',
  'aria2-conf-path': '/opt/Motrix/resources/engine/aria2.conf'
}
[2024-06-22 18:34:53.697] [warn]  [Motrix] auto sync tracker data: [
  'udp://93.158.213.92:1337/announce\n' +
    '\n' +
    'udp://66.160.128.46:1337/announce\n' +
    '\n' +
    'udp://185.243.218.213:80/announce\n' +
    '\n' +
    'udp://89.234.156.205:451/announce\n' +
    '\n' +
    'udp://45.9.60.30:6969/announce\n' +
    '\n' +
    'udp://208.83.20.20:6969/announce\n' +
    '\n' +
    'udp://23.153.248.83:6969/announce\n' +
    '\n' +
    'udp://15.204.56.171:6969/announce\n' +
    '\n' +
    'udp://37.235.176.37:2710/announce\n' +
    '\n' +
    'udp://104.244.77.87:6969/announce\n' +
    '\n' +
    'udp://37.27.4.53:6969/announce\n' +
    '\n' +
    'udp://94.243.222.100:6969/announce\n' +
    '\n' +
    'udp://167.99.185.219:6969/announce\n' +
    '\n' +
    'udp://23.157.120.14:6969/announce\n' +
    '\n' +
    'http://34.89.51.235:80/announce\n' +
    '\n' +
    'udp://125.227.79.123:80/announce\n' +
    '\n' +
    'udp://135.125.202.143:6969/announce\n' +
    '\n',
  'udp://tracker.opentrackr.org:1337/announce\n' +
    '\n' +
    'udp://open.demonii.com:1337/announce\n' +
    '\n' +
    'udp://open.stealth.si:80/announce\n' +
    '\n' +
    'udp://tracker.torrent.eu.org:451/announce\n' +
    '\n' +
    'udp://opentracker.io:6969/announce\n' +
    '\n' +
    'udp://exodus.desync.com:6969/announce\n' +
    '\n' +
    'udp://tracker.0x7c0.com:6969/announce\n' +
    '\n' +
    'udp://run.publictracker.xyz:6969/announce\n' +
    '\n' +
    'udp://retracker.lanta.me:2710/announce\n' +
    '\n' +
    'udp://open.u-p.pw:6969/announce\n' +
    '\n' +
    'udp://oh.fuuuuuck.com:6969/announce\n' +
    '\n' +
    'udp://new-line.net:6969/announce\n' +
    '\n' +
    'udp://moonburrow.club:6969/announce\n' +
    '\n' +
    'udp://explodie.org:6969/announce\n' +
    '\n' +
    'https://tracker.tamersunion.org:443/announce\n' +
    '\n' +
    'https://tracker.renfei.net:443/announce\n' +
    '\n' +
    'http://tracker.renfei.net:8080/announce\n' +
    '\n' +
    'http://tracker.ipv6tracker.org:80/announce\n' +
    '\n' +
    'udp://tracker2.dler.org:80/announce\n' +
    '\n' +
    'udp://tracker.tryhackx.org:6969/announce\n' +
    '\n'
]
[2024-06-22 18:34:54.608] [warn]  [Motrix] UPnPManager map 21301 failed, error:  UPnP port mapping failed
[2024-06-22 18:34:54.609] [warn]  [Motrix] UPnPManager map 26701 failed, error:  UPnP port mapping failed
[2024-06-23 19:37:09.343] [info]  [Motrix] Logger init
[2024-06-23 19:37:09.359] [warn]  [Motrix] Logger init
[2024-06-23 19:37:09.504] [info]  [Motrix] openedAtLogin: false
[2024-06-23 19:37:09.749] [info]  [Motrix] Context.init===> {
  platform: 'linux',
  arch: 'x64',
  'log-path': '/home/pc/.config/Motrix/logs',
  'session-path': '/home/pc/.config/Motrix/download.session',
  'engine-path': '/opt/Motrix/resources/engine',
  'aria2-bin-path': '/opt/Motrix/resources/engine/aria2c',
  'aria2-conf-path': '/opt/Motrix/resources/engine/aria2.conf'
}
[2024-06-23 19:37:10.628] [warn]  [Motrix] auto sync tracker data: [
  'udp://93.158.213.92:1337/announce\n' +
    '\n' +
    'udp://66.160.128.46:1337/announce\n' +
    '\n' +
    'udp://185.243.218.213:80/announce\n' +
    '\n' +
    'udp://89.234.156.205:451/announce\n' +
    '\n' +
    'udp://208.83.20.20:6969/announce\n' +
    '\n' +
    'udp://45.9.60.30:6969/announce\n' +
    '\n' +
    'udp://135.125.202.143:6969/announce\n' +
    '\n' +
    'udp://35.227.59.57:6969/announce\n' +
    '\n' +
    'udp://34.89.51.235:1337/announce\n' +
    '\n' +
    'udp://23.153.248.83:6969/announce\n' +
    '\n' +
    'udp://15.204.56.171:6969/announce\n' +
    '\n' +
    'udp://185.230.4.150:1337/announce\n' +
    '\n' +
    'udp://104.244.77.87:6969/announce\n' +
    '\n' +
    'udp://37.27.4.53:6969/announce\n' +
    '\n' +
    'udp://167.99.185.219:6969/announce\n' +
    '\n' +
    'udp://185.216.179.62:25/announce\n' +
    '\n' +
    'udp://34.89.51.235:6969/announce\n' +
    '\n',
  'udp://tracker.opentrackr.org:1337/announce\n' +
    '\n' +
    'udp://open.demonii.com:1337/announce\n' +
    '\n' +
    'udp://open.stealth.si:80/announce\n' +
    '\n' +
    'udp://tracker.torrent.eu.org:451/announce\n' +
    '\n' +
    'udp://exodus.desync.com:6969/announce\n' +
    '\n' +
    'udp://opentracker.io:6969/announce\n' +
    '\n' +
    'https://tracker.tamersunion.org:443/announce\n' +
    '\n' +
    'udp://tracker.tryhackx.org:6969/announce\n' +
    '\n' +
    'udp://tracker.dump.cl:6969/announce\n' +
    '\n' +
    'udp://tracker.bittor.pw:1337/announce\n' +
    '\n' +
    'udp://tracker.0x7c0.com:6969/announce\n' +
    '\n' +
    'udp://run.publictracker.xyz:6969/announce\n' +
    '\n' +
    'udp://p4p.arenabg.com:1337/announce\n' +
    '\n' +
    'udp://open.u-p.pw:6969/announce\n' +
    '\n' +
    'udp://open.free-tracker.ga:6969/announce\n' +
    '\n' +
    'udp://oh.fuuuuuck.com:6969/announce\n' +
    '\n' +
    'udp://moonburrow.club:6969/announce\n' +
    '\n' +
    'udp://martin-gebhardt.eu:25/announce\n' +
    '\n' +
    'udp://isk.richardsw.club:6969/announce\n' +
    '\n' +
    'udp://explodie.org:6969/announce\n' +
    '\n'
]
[2024-06-23 19:37:11.586] [warn]  [Motrix] UPnPManager map 21301 failed, error:  UPnP port mapping failed
[2024-06-23 19:37:11.590] [warn]  [Motrix] UPnPManager map 26701 failed, error:  UPnP port mapping failed
[2024-06-27 15:38:00.297] [info]  [Motrix] Logger init
[2024-06-27 15:38:00.309] [warn]  [Motrix] Logger init
[2024-06-27 15:38:00.440] [info]  [Motrix] handleAppLaunchArgv: [
  '/opt/Motrix/motrix',
  '/home/pc/Downloads/The Boy and the Heron (2023) [1080p] [WEBRip] [5.1] [YTS.MX].torrent'
]
[2024-06-27 15:38:00.442] [info]  [Motrix] split argv args: [
  '/opt/Motrix/motrix',
  '/home/pc/Downloads/The Boy and the Heron (2023) [1080p] [WEBRip] [5.1] [YTS.MX].torrent'
]
[2024-06-27 15:38:00.442] [info]  [Motrix] split argv extra: {}
[2024-06-27 15:38:00.443] [info]  [Motrix] openedAtLogin: false
[2024-06-27 15:38:00.626] [info]  [Motrix] Context.init===> {
  platform: 'linux',
  arch: 'x64',
  'log-path': '/home/pc/.config/Motrix/logs',
  'session-path': '/home/pc/.config/Motrix/download.session',
  'engine-path': '/opt/Motrix/resources/engine',
  'aria2-bin-path': '/opt/Motrix/resources/engine/aria2c',
  'aria2-conf-path': '/opt/Motrix/resources/engine/aria2.conf'
}
[2024-06-27 15:38:01.518] [warn]  [Motrix] auto sync tracker data: [
  'udp://93.158.213.92:1337/announce\n' +
    '\n' +
    'udp://66.160.128.46:1337/announce\n' +
    '\n' +
    'udp://185.243.218.213:80/announce\n' +
    '\n' +
    'udp://89.234.156.205:451/announce\n' +
    '\n' +
    'udp://83.146.118.175:6969/announce\n' +
    '\n' +
    'udp://23.153.248.83:6969/announce\n' +
    '\n' +
    'udp://167.99.185.219:6969/announce\n' +
    '\n' +
    'udp://135.125.202.143:6969/announce\n' +
    '\n' +
    'udp://211.23.142.127:6969/announce\n' +
    '\n' +
    'udp://37.235.176.37:2710/announce\n' +
    '\n' +
    'udp://185.230.4.150:1337/announce\n' +
    '\n' +
    'udp://45.9.60.30:6969/announce\n' +
    '\n' +
    'udp://37.27.4.53:6969/announce\n' +
    '\n' +
    'udp://23.157.120.14:6969/announce\n' +
    '\n' +
    'udp://208.83.20.20:6969/announce\n' +
    '\n' +
    'udp://125.227.79.123:80/announce\n' +
    '\n',
  'udp://tracker.opentrackr.org:1337/announce\n' +
    '\n' +
    'udp://open.demonii.com:1337/announce\n' +
    '\n' +
    'udp://open.stealth.si:80/announce\n' +
    '\n' +
    'udp://tracker.torrent.eu.org:451/announce\n' +
    '\n' +
    'udp://tracker.tiny-vps.com:6969/announce\n' +
    '\n' +
    'udp://tracker.0x7c0.com:6969/announce\n' +
    '\n' +
    'udp://moonburrow.club:6969/announce\n' +
    '\n' +
    'udp://tracker.tryhackx.org:6969/announce\n' +
    '\n' +
    'udp://tracker.theoks.net:6969/announce\n' +
    '\n' +
    'udp://tracker.dler.org:6969/announce\n' +
    '\n' +
    'udp://retracker.lanta.me:2710/announce\n' +
    '\n' +
    'udp://p4p.arenabg.com:1337/announce\n' +
    '\n' +
    'udp://opentracker.io:6969/announce\n' +
    '\n' +
    'udp://oh.fuuuuuck.com:6969/announce\n' +
    '\n' +
    'udp://explodie.org:6969/announce\n' +
    '\n' +
    'udp://exodus.desync.com:6969/announce\n' +
    '\n' +
    'https://tracker.tamersunion.org:443/announce\n' +
    '\n' +
    'https://tracker.renfei.net:443/announce\n' +
    '\n' +
    'http://tracker.renfei.net:8080/announce\n' +
    '\n' +
    'udp://tracker2.dler.org:80/announce\n' +
    '\n'
]
[2024-06-27 15:38:02.465] [warn]  [Motrix] UPnPManager map 21301 failed, error:  UPnP port mapping failed
[2024-06-27 15:38:02.466] [warn]  [Motrix] UPnPManager map 26701 failed, error:  UPnP port mapping failed
[2024-07-02 22:16:41.793] [info]  [Motrix] Logger init
[2024-07-02 22:16:41.805] [warn]  [Motrix] Logger init
[2024-07-02 22:16:41.931] [info]  [Motrix] openedAtLogin: false
[2024-07-02 22:16:42.116] [info]  [Motrix] Context.init===> {
  platform: 'linux',
  arch: 'x64',
  'log-path': '/home/pc/.config/Motrix/logs',
  'session-path': '/home/pc/.config/Motrix/download.session',
  'engine-path': '/opt/Motrix/resources/engine',
  'aria2-bin-path': '/opt/Motrix/resources/engine/aria2c',
  'aria2-conf-path': '/opt/Motrix/resources/engine/aria2.conf'
}
[2024-07-02 22:16:43.011] [warn]  [Motrix] auto sync tracker data: [
  'udp://93.158.213.92:1337/announce\n' +
    '\n' +
    'udp://66.160.128.46:1337/announce\n' +
    '\n' +
    'udp://185.243.218.213:80/announce\n' +
    '\n' +
    'udp://89.234.156.205:451/announce\n' +
    '\n' +
    'udp://83.146.118.175:6969/announce\n' +
    '\n' +
    'udp://109.201.134.183:80/announce\n' +
    '\n' +
    'udp://208.83.20.20:6969/announce\n' +
    '\n' +
    'udp://135.125.202.143:6969/announce\n' +
    '\n' +
    'udp://23.153.248.83:6969/announce\n' +
    '\n' +
    'udp://45.9.60.30:6969/announce\n' +
    '\n' +
    'udp://167.99.185.219:6969/announce\n' +
    '\n' +
    'udp://23.157.120.14:6969/announce\n' +
    '\n' +
    'udp://62.138.18.152:6969/announce\n' +
    '\n' +
    'http://125.227.79.123:80/announce\n' +
    '\n' +
    'http://211.75.210.220:6969/announce\n' +
    '\n' +
    'udp://35.227.59.57:1337/announce\n' +
    '\n' +
    'udp://104.244.77.87:6969/announce\n' +
    '\n',
  'udp://tracker.opentrackr.org:1337/announce\n' +
    '\n' +
    'udp://open.demonii.com:1337/announce\n' +
    '\n' +
    'udp://open.stealth.si:80/announce\n' +
    '\n' +
    'udp://tracker.torrent.eu.org:451/announce\n' +
    '\n' +
    'udp://tracker-udp.gbitt.info:80/announce\n' +
    '\n' +
    'https://tracker.tamersunion.org:443/announce\n' +
    '\n' +
    'https://tracker.renfei.net:443/announce\n' +
    '\n' +
    'https://tracker.gbitt.info:443/announce\n' +
    '\n' +
    'http://tracker.renfei.net:8080/announce\n' +
    '\n' +
    'http://tracker.gbitt.info:80/announce\n' +
    '\n' +
    'udp://tracker.tiny-vps.com:6969/announce\n' +
    '\n' +
    'udp://tracker.0x7c0.com:6969/announce\n' +
    '\n' +
    'udp://opentracker.io:6969/announce\n' +
    '\n' +
    'udp://oh.fuuuuuck.com:6969/announce\n' +
    '\n' +
    'udp://moonburrow.club:6969/announce\n' +
    '\n' +
    'udp://exodus.desync.com:6969/announce\n' +
    '\n' +
    'udp://explodie.org:6969/announce\n' +
    '\n' +
    'udp://epider.me:6969/announce\n' +
    '\n' +
    'udp://bubu.mapfactor.com:6969/announce\n' +
    '\n' +
    'udp://tracker2.dler.org:80/announce\n' +
    '\n'
]
[2024-07-02 22:16:43.955] [warn]  [Motrix] UPnPManager map 21301 failed, error:  UPnP port mapping failed
[2024-07-02 22:16:43.955] [warn]  [Motrix] UPnPManager map 26701 failed, error:  UPnP port mapping failed
[2024-07-03 19:24:10.416] [info]  [Motrix] Logger init
[2024-07-03 19:24:10.427] [warn]  [Motrix] Logger init
[2024-07-03 19:24:10.554] [info]  [Motrix] openedAtLogin: false
[2024-07-03 19:24:10.728] [info]  [Motrix] Context.init===> {
  platform: 'linux',
  arch: 'x64',
  'log-path': '/home/pc/.config/Motrix/logs',
  'session-path': '/home/pc/.config/Motrix/download.session',
  'engine-path': '/opt/Motrix/resources/engine',
  'aria2-bin-path': '/opt/Motrix/resources/engine/aria2c',
  'aria2-conf-path': '/opt/Motrix/resources/engine/aria2.conf'
}
[2024-07-03 19:24:11.633] [warn]  [Motrix] auto sync tracker data: [
  'udp://93.158.213.92:1337/announce\n' +
    '\n' +
    'udp://66.160.128.46:1337/announce\n' +
    '\n' +
    'udp://185.243.218.213:80/announce\n' +
    '\n' +
    'udp://91.216.110.53:451/announce\n' +
    '\n' +
    'udp://83.146.118.175:6969/announce\n' +
    '\n' +
    'udp://208.83.20.20:6969/announce\n' +
    '\n' +
    'udp://23.153.248.83:6969/announce\n' +
    '\n' +
    'udp://45.9.60.30:6969/announce\n' +
    '\n' +
    'udp://167.99.185.219:6969/announce\n' +
    '\n' +
    'udp://135.125.202.143:6969/announce\n' +
    '\n' +
    'udp://34.89.51.235:6969/announce\n' +
    '\n' +
    'udp://211.75.210.220:6969/announce\n' +
    '\n',
  'udp://tracker.opentrackr.org:1337/announce\n' +
    '\n' +
    'udp://open.demonii.com:1337/announce\n' +
    '\n' +
    'udp://open.stealth.si:80/announce\n' +
    '\n' +
    'udp://tracker.torrent.eu.org:451/announce\n' +
    '\n' +
    'udp://tracker.tiny-vps.com:6969/announce\n' +
    '\n' +
    'udp://tracker-udp.gbitt.info:80/announce\n' +
    '\n' +
    'udp://open.u-p.pw:6969/announce\n' +
    '\n' +
    'udp://exodus.desync.com:6969/announce\n' +
    '\n' +
    'https://tracker.renfei.net:443/announce\n' +
    '\n' +
    'http://tracker.renfei.net:8080/announce\n' +
    '\n' +
    'udp://tracker.0x7c0.com:6969/announce\n' +
    '\n' +
    'udp://opentracker.io:6969/announce\n' +
    '\n' +
    'udp://moonburrow.club:6969/announce\n' +
    '\n' +
    'https://tracker.tamersunion.org:443/announce\n' +
    '\n' +
    'udp://tracker.tryhackx.org:6969/announce\n' +
    '\n' +
    'udp://tracker.theoks.net:6969/announce\n' +
    '\n' +
    'udp://tracker.dump.cl:6969/announce\n' +
    '\n' +
    'udp://tracker.dler.org:6969/announce\n' +
    '\n' +
    'udp://tracker.bittor.pw:1337/announce\n' +
    '\n' +
    'udp://open.free-tracker.ga:6969/announce\n' +
    '\n'
]
[2024-07-03 19:24:12.566] [warn]  [Motrix] UPnPManager map 21301 failed, error:  UPnP port mapping failed
[2024-07-03 19:24:12.567] [warn]  [Motrix] UPnPManager map 26701 failed, error:  UPnP port mapping failed
[2024-07-04 11:11:59.259] [info]  [Motrix] Logger init
[2024-07-04 11:11:59.265] [warn]  [Motrix] Logger init
[2024-07-04 11:11:59.385] [info]  [Motrix] openedAtLogin: false
[2024-07-04 11:11:59.518] [info]  [Motrix] Context.init===> {
  platform: 'linux',
  arch: 'x64',
  'log-path': '/home/pc/.config/Motrix/logs',
  'session-path': '/home/pc/.config/Motrix/download.session',
  'engine-path': '/opt/Motrix/resources/engine',
  'aria2-bin-path': '/opt/Motrix/resources/engine/aria2c',
  'aria2-conf-path': '/opt/Motrix/resources/engine/aria2.conf'
}
[2024-07-04 11:12:00.460] [warn]  [Motrix] auto sync tracker data: [
  'udp://93.158.213.92:1337/announce\n' +
    '\n' +
    'udp://66.160.128.46:1337/announce\n' +
    '\n' +
    'udp://185.243.218.213:80/announce\n' +
    '\n' +
    'udp://91.216.110.53:451/announce\n' +
    '\n' +
    'udp://83.146.118.175:6969/announce\n' +
    '\n' +
    'udp://208.83.20.20:6969/announce\n' +
    '\n' +
    'udp://23.153.248.83:6969/announce\n' +
    '\n' +
    'udp://45.9.60.30:6969/announce\n' +
    '\n' +
    'udp://167.99.185.219:6969/announce\n' +
    '\n' +
    'udp://135.125.202.143:6969/announce\n' +
    '\n' +
    'udp://34.89.51.235:6969/announce\n' +
    '\n' +
    'udp://211.75.210.220:6969/announce\n' +
    '\n',
  'udp://tracker.opentrackr.org:1337/announce\n' +
    '\n' +
    'udp://open.demonii.com:1337/announce\n' +
    '\n' +
    'udp://open.stealth.si:80/announce\n' +
    '\n' +
    'udp://tracker.torrent.eu.org:451/announce\n' +
    '\n' +
    'udp://tracker.tiny-vps.com:6969/announce\n' +
    '\n' +
    'udp://tracker.0x7c0.com:6969/announce\n' +
    '\n' +
    'udp://tracker-udp.gbitt.info:80/announce\n' +
    '\n' +
    'udp://oh.fuuuuuck.com:6969/announce\n' +
    '\n' +
    'udp://moonburrow.club:6969/announce\n' +
    '\n' +
    'udp://tracker.tryhackx.org:6969/announce\n' +
    '\n' +
    'udp://exodus.desync.com:6969/announce\n' +
    '\n' +
    'udp://bubu.mapfactor.com:6969/announce\n' +
    '\n' +
    'https://tracker.tamersunion.org:443/announce\n' +
    '\n' +
    'https://tracker.renfei.net:443/announce\n' +
    '\n' +
    'http://tracker.renfei.net:8080/announce\n' +
    '\n' +
    'udp://tracker.dler.org:6969/announce\n' +
    '\n' +
    'udp://tracker.bittor.pw:1337/announce\n' +
    '\n' +
    'udp://p4p.arenabg.com:1337/announce\n' +
    '\n' +
    'udp://opentracker.io:6969/announce\n' +
    '\n' +
    'udp://open.u-p.pw:6969/announce\n' +
    '\n'
]
[2024-07-04 11:12:01.381] [warn]  [Motrix] UPnPManager map 21301 failed, error:  UPnP port mapping failed
[2024-07-04 11:12:01.382] [warn]  [Motrix] UPnPManager map 26701 failed, error:  UPnP port mapping failed
[2024-07-05 23:59:25.932] [info]  [Motrix] Logger init
[2024-07-05 23:59:25.943] [warn]  [Motrix] Logger init
[2024-07-05 23:59:26.058] [info]  [Motrix] openedAtLogin: false
[2024-07-05 23:59:26.247] [info]  [Motrix] Context.init===> {
  platform: 'linux',
  arch: 'x64',
  'log-path': '/home/pc/.config/Motrix/logs',
  'session-path': '/home/pc/.config/Motrix/download.session',
  'engine-path': '/opt/Motrix/resources/engine',
  'aria2-bin-path': '/opt/Motrix/resources/engine/aria2c',
  'aria2-conf-path': '/opt/Motrix/resources/engine/aria2.conf'
}
[2024-07-05 23:59:27.127] [warn]  [Motrix] auto sync tracker data: [
  'udp://93.158.213.92:1337/announce\n' +
    '\n' +
    'udp://66.160.128.46:1337/announce\n' +
    '\n' +
    'udp://185.243.218.213:80/announce\n' +
    '\n' +
    'udp://89.234.156.205:451/announce\n' +
    '\n' +
    'udp://109.201.134.183:80/announce\n' +
    '\n' +
    'udp://83.146.118.175:6969/announce\n' +
    '\n' +
    'udp://45.9.60.30:6969/announce\n' +
    '\n' +
    'udp://37.27.4.53:6969/announce\n' +
    '\n' +
    'udp://167.99.185.219:6969/announce\n' +
    '\n' +
    'udp://208.83.20.20:6969/announce\n' +
    '\n' +
    'udp://62.138.18.152:6969/announce\n' +
    '\n' +
    'udp://135.125.202.143:6969/announce\n' +
    '\n' +
    'udp://23.153.248.83:6969/announce\n' +
    '\n' +
    'udp://185.216.179.62:25/announce\n' +
    '\n' +
    'udp://23.157.120.14:6969/announce\n' +
    '\n' +
    'udp://96.126.98.54:6969/announce\n' +
    '\n' +
    'udp://5.255.124.190:6969/announce\n' +
    '\n',
  'udp://tracker.opentrackr.org:1337/announce\n' +
    '\n' +
    'udp://open.demonii.com:1337/announce\n' +
    '\n' +
    'udp://open.stealth.si:80/announce\n' +
    '\n' +
    'udp://tracker.torrent.eu.org:451/announce\n' +
    '\n' +
    'udp://tracker-udp.gbitt.info:80/announce\n' +
    '\n' +
    'udp://tracker.tiny-vps.com:6969/announce\n' +
    '\n' +
    'udp://opentracker.io:6969/announce\n' +
    '\n' +
    'udp://oh.fuuuuuck.com:6969/announce\n' +
    '\n' +
    'udp://moonburrow.club:6969/announce\n' +
    '\n' +
    'udp://exodus.desync.com:6969/announce\n' +
    '\n' +
    'udp://bubu.mapfactor.com:6969/announce\n' +
    '\n' +
    'udp://tracker.tryhackx.org:6969/announce\n' +
    '\n' +
    'udp://tracker.0x7c0.com:6969/announce\n' +
    '\n' +
    'udp://martin-gebhardt.eu:25/announce\n' +
    '\n' +
    'udp://explodie.org:6969/announce\n' +
    '\n' +
    'udp://amigacity.xyz:6969/announce\n' +
    '\n' +
    'https://tracker.tamersunion.org:443/announce\n' +
    '\n' +
    'https://tracker.renfei.net:443/announce\n' +
    '\n' +
    'http://tracker.renfei.net:8080/announce\n' +
    '\n' +
    'udp://tracker.fnix.net:6969/announce\n' +
    '\n'
]
[2024-07-05 23:59:28.083] [warn]  [Motrix] UPnPManager map 21301 failed, error:  UPnP port mapping failed
[2024-07-05 23:59:28.083] [warn]  [Motrix] UPnPManager map 26701 failed, error:  UPnP port mapping failed
[2024-07-07 01:21:04.414] [info]  [Motrix] Logger init
[2024-07-07 01:21:04.426] [warn]  [Motrix] Logger init
[2024-07-07 01:21:04.543] [info]  [Motrix] openedAtLogin: false
[2024-07-07 01:21:04.804] [info]  [Motrix] Context.init===> {
  platform: 'linux',
  arch: 'x64',
  'log-path': '/home/pc/.config/Motrix/logs',
  'session-path': '/home/pc/.config/Motrix/download.session',
  'engine-path': '/opt/Motrix/resources/engine',
  'aria2-bin-path': '/opt/Motrix/resources/engine/aria2c',
  'aria2-conf-path': '/opt/Motrix/resources/engine/aria2.conf'
}
[2024-07-07 01:21:05.678] [warn]  [Motrix] auto sync tracker data: [
  'udp://93.158.213.92:1337/announce\n' +
    '\n' +
    'udp://66.160.128.46:1337/announce\n' +
    '\n' +
    'udp://185.243.218.213:80/announce\n' +
    '\n' +
    'udp://91.216.110.53:451/announce\n' +
    '\n' +
    'udp://109.201.134.183:80/announce\n' +
    '\n' +
    'udp://135.125.202.143:6969/announce\n' +
    '\n' +
    'udp://83.146.118.175:6969/announce\n' +
    '\n' +
    'udp://23.153.248.83:6969/announce\n' +
    '\n' +
    'udp://45.9.60.30:6969/announce\n' +
    '\n' +
    'udp://37.27.4.53:6969/announce\n' +
    '\n' +
    'udp://167.99.185.219:6969/announce\n' +
    '\n' +
    'udp://37.235.176.37:2710/announce\n' +
    '\n' +
    'udp://185.216.179.62:25/announce\n' +
    '\n' +
    'udp://208.83.20.20:6969/announce\n' +
    '\n' +
    'udp://62.138.18.152:6969/announce\n' +
    '\n' +
    'udp://5.255.124.190:6969/announce\n' +
    '\n' +
    'udp://185.230.4.150:1337/announce\n' +
    '\n' +
    'udp://104.244.77.87:6969/announce\n' +
    '\n',
  'udp://tracker.opentrackr.org:1337/announce\n' +
    '\n' +
    'udp://open.demonii.com:1337/announce\n' +
    '\n' +
    'udp://open.stealth.si:80/announce\n' +
    '\n' +
    'udp://tracker.torrent.eu.org:451/announce\n' +
    '\n' +
    'udp://tracker-udp.gbitt.info:80/announce\n' +
    '\n' +
    'udp://tracker.tryhackx.org:6969/announce\n' +
    '\n' +
    'udp://tracker.tiny-vps.com:6969/announce\n' +
    '\n' +
    'udp://tracker.0x7c0.com:6969/announce\n' +
    '\n' +
    'udp://opentracker.io:6969/announce\n' +
    '\n' +
    'udp://oh.fuuuuuck.com:6969/announce\n' +
    '\n' +
    'udp://moonburrow.club:6969/announce\n' +
    '\n' +
    'udp://retracker.lanta.me:2710/announce\n' +
    '\n' +
    'udp://martin-gebhardt.eu:25/announce\n' +
    '\n' +
    'udp://exodus.desync.com:6969/announce\n' +
    '\n' +
    'udp://bubu.mapfactor.com:6969/announce\n' +
    '\n' +
    'https://tracker.tamersunion.org:443/announce\n' +
    '\n' +
    'udp://tracker.theoks.net:6969/announce\n' +
    '\n' +
    'udp://tracker.fnix.net:6969/announce\n' +
    '\n' +
    'udp://p4p.arenabg.com:1337/announce\n' +
    '\n' +
    'udp://open.u-p.pw:6969/announce\n' +
    '\n'
]
[2024-07-07 01:21:06.643] [warn]  [Motrix] UPnPManager map 21301 failed, error:  UPnP port mapping failed
[2024-07-07 01:21:06.644] [warn]  [Motrix] UPnPManager map 26701 failed, error:  UPnP port mapping failed
[2024-07-10 18:33:49.196] [info]  [Motrix] Logger init
[2024-07-10 18:33:49.207] [warn]  [Motrix] Logger init
[2024-07-10 18:33:49.320] [info]  [Motrix] openedAtLogin: false
[2024-07-10 18:33:49.498] [info]  [Motrix] Context.init===> {
  platform: 'linux',
  arch: 'x64',
  'log-path': '/home/pc/.config/Motrix/logs',
  'session-path': '/home/pc/.config/Motrix/download.session',
  'engine-path': '/opt/Motrix/resources/engine',
  'aria2-bin-path': '/opt/Motrix/resources/engine/aria2c',
  'aria2-conf-path': '/opt/Motrix/resources/engine/aria2.conf'
}
[2024-07-10 18:33:50.395] [warn]  [Motrix] auto sync tracker data: [
  'udp://93.158.213.92:1337/announce\n' +
    '\n' +
    'udp://23.134.90.9:1337/announce\n' +
    '\n' +
    'udp://185.243.218.213:80/announce\n' +
    '\n' +
    'udp://91.216.110.53:451/announce\n' +
    '\n' +
    'udp://104.244.77.87:6969/announce\n' +
    '\n' +
    'udp://208.83.20.20:6969/announce\n' +
    '\n' +
    'udp://45.9.60.30:6969/announce\n' +
    '\n' +
    'udp://83.146.118.175:6969/announce\n' +
    '\n' +
    'udp://125.227.79.123:6969/announce\n' +
    '\n' +
    'udp://23.153.248.83:6969/announce\n' +
    '\n' +
    'udp://83.102.180.21:80/announce\n' +
    '\n' +
    'udp://34.94.76.146:6969/announce\n' +
    '\n' +
    'udp://37.27.4.53:6969/announce\n' +
    '\n' +
    'udp://167.99.185.219:6969/announce\n' +
    '\n' +
    'udp://185.216.179.62:25/announce\n' +
    '\n' +
    'udp://34.89.51.235:1337/announce\n' +
    '\n',
  'udp://tracker.opentrackr.org:1337/announce\n' +
    '\n' +
    'udp://open.demonii.com:1337/announce\n' +
    '\n' +
    'udp://open.stealth.si:80/announce\n' +
    '\n' +
    'udp://tracker.torrent.eu.org:451/announce\n' +
    '\n' +
    'udp://open.u-p.pw:6969/announce\n' +
    '\n' +
    'udp://exodus.desync.com:6969/announce\n' +
    '\n' +
    'udp://opentracker.io:6969/announce\n' +
    '\n' +
    'https://tracker.tamersunion.org:443/announce\n' +
    '\n' +
    'udp://tracker.tiny-vps.com:6969/announce\n' +
    '\n' +
    'udp://tracker.dump.cl:6969/announce\n' +
    '\n' +
    'udp://tracker.dler.org:6969/announce\n' +
    '\n' +
    'udp://tracker.bittor.pw:1337/announce\n' +
    '\n' +
    'udp://tracker.0x7c0.com:6969/announce\n' +
    '\n' +
    'udp://retracker01-msk-virt.corbina.net:80/announce\n' +
    '\n' +
    'udp://open.free-tracker.ga:6969/announce\n' +
    '\n' +
    'udp://oh.fuuuuuck.com:6969/announce\n' +
    '\n' +
    'udp://moonburrow.club:6969/announce\n' +
    '\n' +
    'udp://martin-gebhardt.eu:25/announce\n' +
    '\n' +
    'udp://leet-tracker.moe:1337/announce\n' +
    '\n' +
    'udp://isk.richardsw.club:6969/announce\n' +
    '\n'
]
[2024-07-10 18:33:51.336] [warn]  [Motrix] UPnPManager map 21301 failed, error:  UPnP port mapping failed
[2024-07-10 18:33:51.337] [warn]  [Motrix] UPnPManager map 26701 failed, error:  UPnP port mapping failed
[2024-07-10 18:59:21.748] [info]  [Motrix] Logger init
[2024-07-10 18:59:21.752] [warn]  [Motrix] Logger init
[2024-07-10 18:59:21.847] [info]  [Motrix] openedAtLogin: false
[2024-07-10 18:59:22.155] [info]  [Motrix] Context.init===> {
  platform: 'linux',
  arch: 'x64',
  'log-path': '/home/pc/.config/Motrix/logs',
  'session-path': '/home/pc/.config/Motrix/download.session',
  'engine-path': '/opt/Motrix/resources/engine',
  'aria2-bin-path': '/opt/Motrix/resources/engine/aria2c',
  'aria2-conf-path': '/opt/Motrix/resources/engine/aria2.conf'
}
[2024-07-10 18:59:24.069] [warn]  [Motrix] UPnPManager map 21301 failed, error:  UPnP port mapping failed
[2024-07-10 18:59:24.070] [warn]  [Motrix] UPnPManager map 26701 failed, error:  UPnP port mapping failed
[2024-07-16 22:20:17.197] [info]  [Motrix] Logger init
[2024-07-16 22:20:17.209] [warn]  [Motrix] Logger init
[2024-07-16 22:20:17.327] [info]  [Motrix] openedAtLogin: false
[2024-07-16 22:20:17.538] [info]  [Motrix] Context.init===> {
  platform: 'linux',
  arch: 'x64',
  'log-path': '/home/pc/.config/Motrix/logs',
  'session-path': '/home/pc/.config/Motrix/download.session',
  'engine-path': '/opt/Motrix/resources/engine',
  'aria2-bin-path': '/opt/Motrix/resources/engine/aria2c',
  'aria2-conf-path': '/opt/Motrix/resources/engine/aria2.conf'
}
[2024-07-16 22:20:18.392] [warn]  [Motrix] auto sync tracker data: [
  'udp://93.158.213.92:1337/announce\n' +
    '\n' +
    'udp://23.134.89.9:1337/announce\n' +
    '\n' +
    'udp://185.243.218.213:80/announce\n' +
    '\n' +
    'udp://208.83.20.20:6969/announce\n' +
    '\n' +
    'udp://83.146.118.175:6969/announce\n' +
    '\n' +
    'udp://23.153.248.83:6969/announce\n' +
    '\n' +
    'udp://15.204.56.171:6969/announce\n' +
    '\n' +
    'udp://83.102.180.21:80/announce\n' +
    '\n' +
    'udp://185.230.4.150:1337/announce\n' +
    '\n' +
    'udp://45.9.60.30:6969/announce\n' +
    '\n' +
    'udp://37.27.4.53:6969/announce\n' +
    '\n' +
    'udp://23.157.120.14:6969/announce\n' +
    '\n' +
    'udp://62.138.18.152:6969/announce\n' +
    '\n' +
    'udp://135.125.202.143:6969/announce\n' +
    '\n' +
    'udp://34.94.76.146:1337/announce\n' +
    '\n',
  'udp://tracker.opentrackr.org:1337/announce\n' +
    '\n' +
    'udp://open.demonii.com:1337/announce\n' +
    '\n' +
    'udp://open.tracker.cl:1337/announce\n' +
    '\n' +
    'udp://open.stealth.si:80/announce\n' +
    '\n' +
    'udp://exodus.desync.com:6969/announce\n' +
    '\n' +
    'udp://tracker.tiny-vps.com:6969/announce\n' +
    '\n' +
    'udp://tracker.0x7c0.com:6969/announce\n' +
    '\n' +
    'udp://run.publictracker.xyz:6969/announce\n' +
    '\n' +
    'udp://retracker01-msk-virt.corbina.net:80/announce\n' +
    '\n' +
    'udp://p4p.arenabg.com:1337/announce\n' +
    '\n' +
    'udp://opentracker.io:6969/announce\n' +
    '\n' +
    'udp://open.u-p.pw:6969/announce\n' +
    '\n' +
    'udp://oh.fuuuuuck.com:6969/announce\n' +
    '\n' +
    'udp://explodie.org:6969/announce\n' +
    '\n' +
    'udp://bubu.mapfactor.com:6969/announce\n' +
    '\n' +
    'https://tracker.tamersunion.org:443/announce\n' +
    '\n' +
    'http://tracker1.bt.moack.co.kr:80/announce\n' +
    '\n' +
    'udp://tracker.tryhackx.org:6969/announce\n' +
    '\n' +
    'udp://tracker.dump.cl:6969/announce\n' +
    '\n' +
    'udp://tracker.bittor.pw:1337/announce\n' +
    '\n'
]
[2024-07-16 22:20:19.377] [warn]  [Motrix] UPnPManager map 21301 failed, error:  UPnP port mapping failed
[2024-07-16 22:20:19.378] [warn]  [Motrix] UPnPManager map 26701 failed, error:  UPnP port mapping failed
[2024-08-01 10:54:54.686] [info]  [Motrix] Logger init
[2024-08-01 10:54:54.698] [warn]  [Motrix] Logger init
[2024-08-01 10:54:54.813] [info]  [Motrix] openedAtLogin: false
[2024-08-01 10:54:55.194] [info]  [Motrix] Context.init===> {
  platform: 'linux',
  arch: 'x64',
  'log-path': '/home/pc/.config/Motrix/logs',
  'session-path': '/home/pc/.config/Motrix/download.session',
  'engine-path': '/opt/Motrix/resources/engine',
  'aria2-bin-path': '/opt/Motrix/resources/engine/aria2c',
  'aria2-conf-path': '/opt/Motrix/resources/engine/aria2.conf'
}
[2024-08-01 10:54:56.035] [warn]  [Motrix] auto sync tracker data: [
  'udp://93.158.213.92:1337/announce\n' +
    '\n' +
    'udp://186.10.181.37:1337/announce\n' +
    '\n' +
    'udp://23.134.90.9:1337/announce\n' +
    '\n' +
    'udp://185.243.218.213:80/announce\n' +
    '\n' +
    'udp://91.216.110.53:451/announce\n' +
    '\n' +
    'udp://208.83.20.20:6969/announce\n' +
    '\n' +
    'udp://83.146.118.175:6969/announce\n' +
    '\n' +
    'udp://109.201.134.183:80/announce\n' +
    '\n' +
    'udp://15.204.56.171:6969/announce\n' +
    '\n' +
    'udp://45.9.60.30:6969/announce\n' +
    '\n' +
    'udp://23.157.120.14:6969/announce\n' +
    '\n' +
    'http://156.234.201.18:80/announce\n' +
    '\n' +
    'udp://34.94.76.146:6969/announce\n' +
    '\n' +
    'udp://34.94.76.146:1337/announce\n' +
    '\n' +
    'udp://23.153.248.83:6969/announce\n' +
    '\n',
  'udp://tracker.opentrackr.org:1337/announce\n' +
    '\n' +
    'udp://open.tracker.cl:1337/announce\n' +
    '\n' +
    'udp://open.demonii.com:1337/announce\n' +
    '\n' +
    'udp://open.stealth.si:80/announce\n' +
    '\n' +
    'udp://tracker.torrent.eu.org:451/announce\n' +
    '\n' +
    'udp://exodus.desync.com:6969/announce\n' +
    '\n' +
    'udp://tracker.tiny-vps.com:6969/announce\n' +
    '\n' +
    'udp://tracker-udp.gbitt.info:80/announce\n' +
    '\n' +
    'udp://run.publictracker.xyz:6969/announce\n' +
    '\n' +
    'udp://retracker01-msk-virt.corbina.net:80/announce\n' +
    '\n' +
    'udp://opentracker.io:6969/announce\n' +
    '\n' +
    'udp://explodie.org:6969/announce\n' +
    '\n' +
    'https://tracker.tamersunion.org:443/announce\n' +
    '\n' +
    'http://tracker1.bt.moack.co.kr:80/announce\n' +
    '\n' +
    'udp://tracker.dump.cl:6969/announce\n' +
    '\n' +
    'udp://tracker.dler.org:6969/announce\n' +
    '\n' +
    'udp://tracker.bittor.pw:1337/announce\n' +
    '\n' +
    'udp://tracker.0x7c0.com:6969/announce\n' +
    '\n' +
    'udp://open.u-p.pw:6969/announce\n' +
    '\n' +
    'udp://open.free-tracker.ga:6969/announce\n' +
    '\n'
]
[2024-08-01 10:54:57.032] [warn]  [Motrix] UPnPManager map 21301 failed, error:  UPnP port mapping failed
[2024-08-01 10:54:57.033] [warn]  [Motrix] UPnPManager map 26701 failed, error:  UPnP port mapping failed
[2024-08-18 12:57:16.163] [info]  [Motrix] Logger init
[2024-08-18 12:57:16.175] [warn]  [Motrix] Logger init
[2024-08-18 12:57:16.327] [info]  [Motrix] handleAppLaunchArgv: [ '/tmp/.mount_MotrixEujgMu/motrix', '--no-sandbox' ]
[2024-08-18 12:57:16.329] [info]  [Motrix] split argv args: [ '/tmp/.mount_MotrixEujgMu/motrix' ]
[2024-08-18 12:57:16.330] [info]  [Motrix] split argv extra: { '--no-sandbox': '1' }
[2024-08-18 12:57:16.330] [info]  [Motrix] openedAtLogin: false
[2024-08-18 12:57:16.587] [info]  [Motrix] Context.init===> {
  platform: 'linux',
  arch: 'x64',
  'log-path': '/home/pc/.config/Motrix/logs',
  'session-path': '/home/pc/.config/Motrix/download.session',
  'engine-path': '/tmp/.mount_MotrixEujgMu/resources/engine',
  'aria2-bin-path': '/tmp/.mount_MotrixEujgMu/resources/engine/aria2c',
  'aria2-conf-path': '/tmp/.mount_MotrixEujgMu/resources/engine/aria2.conf'
}
[2024-08-18 12:57:17.522] [warn]  [Motrix] auto sync tracker data: [
  'udp://93.158.213.92:1337/announce\n' +
    '\n' +
    'udp://23.134.89.9:1337/announce\n' +
    '\n' +
    'udp://185.243.218.213:80/announce\n' +
    '\n' +
    'udp://89.234.156.205:451/announce\n' +
    '\n' +
    'udp://156.234.201.18:80/announce\n' +
    '\n' +
    'udp://209.141.59.16:6969/announce\n' +
    '\n' +
    'udp://109.201.134.183:80/announce\n' +
    '\n' +
    'udp://23.157.120.14:6969/announce\n' +
    '\n' +
    'udp://125.227.79.123:80/announce\n' +
    '\n' +
    'udp://89.237.0.137:6969/announce\n' +
    '\n' +
    'udp://51.81.222.188:6969/announce\n' +
    '\n' +
    'udp://23.153.248.83:6969/announce\n' +
    '\n' +
    'udp://176.31.250.174:6969/announce\n' +
    '\n' +
    'udp://83.102.180.21:80/announce\n' +
    '\n' +
    'udp://45.9.60.30:6969/announce\n' +
    '\n' +
    'udp://34.89.51.235:6969/announce\n' +
    '\n' +
    'udp://94.243.222.100:6969/announce\n' +
    '\n',
  'udp://tracker.opentrackr.org:1337/announce\n' +
    '\n' +
    'udp://open.tracker.cl:1337/announce\n' +
    '\n' +
    'udp://open.demonii.com:1337/announce\n' +
    '\n' +
    'udp://open.stealth.si:80/announce\n' +
    '\n' +
    'udp://tracker.torrent.eu.org:451/announce\n' +
    '\n' +
    'udp://exodus.desync.com:6969/announce\n' +
    '\n' +
    'udp://tracker1.bt.moack.co.kr:80/announce\n' +
    '\n' +
    'udp://tracker.theoks.net:6969/announce\n' +
    '\n' +
    'udp://tracker-udp.gbitt.info:80/announce\n' +
    '\n' +
    'udp://explodie.org:6969/announce\n' +
    '\n' +
    'https://tracker.tamersunion.org:443/announce\n' +
    '\n' +
    'udp://tracker2.dler.org:80/announce\n' +
    '\n' +
    'udp://tracker.tiny-vps.com:6969/announce\n' +
    '\n' +
    'udp://tracker.ccp.ovh:6969/announce\n' +
    '\n' +
    'udp://tracker.0x7c0.com:6969/announce\n' +
    '\n' +
    'udp://tamas3.ynh.fr:6969/announce\n' +
    '\n' +
    'udp://retracker01-msk-virt.corbina.net:80/announce\n' +
    '\n' +
    'udp://opentracker.io:6969/announce\n' +
    '\n' +
    'udp://open.free-tracker.ga:6969/announce\n' +
    '\n' +
    'udp://new-line.net:6969/announce\n' +
    '\n'
]
[2024-08-18 12:57:18.424] [warn]  [Motrix] UPnPManager map 21301 failed, error:  UPnP port mapping failed
[2024-08-18 12:57:18.426] [warn]  [Motrix] UPnPManager map 26701 failed, error:  UPnP port mapping failed
