Launching "Bzzzt Demo" (gog)
Native? Yes
Installed in: /home/esata/Bzzzt Demo

System Info:
CPU: 8x Intel(R) Core(TM) i5-8250U CPU @ 1.60GHz
Memory: 12.27 GB (used: 1.11 GB)
GPUs:
  GPU 0:
    Name: Advanced Micro Devices, Inc. [AMD/ATI] Jet PRO [Radeon R5 M230 / R7 M260DX / Radeon 520/610 Mobile]
    IDs: D=6665 V=1002 SD=0841 SV=1028
    Driver: amdgpu
  GPU 1:
    Name: Intel Corporation UHD Graphics 620
    IDs: D=5917 V=8086 SD=0841 SV=1028
    Driver: i915
OS: Arch Linux 6.10.6-arch1-1 (linux)

The current system is not a Steam Deck
We are not running inside a Flatpak container

Software Versions:
  Heroic: 2.15.1 Emeth
  Legendary: 0.20.35 Lowlife (Heroic)
  gogdl: 1.1.1
  comet: comet 0.1.2

  Nile: 1.1.1 Will A. Zeppeli

Game Settings: {
	"autoInstallDxvk": true,
	"autoInstallDxvkNvapi": false,
	"autoInstallVkd3d": true,
	"preferSystemLibs": false,
	"enableEsync": true,
	"enableMsync": false,
	"enableFsync": true,
	"nvidiaPrime": false,
	"enviromentOptions": [],
	"wrapperOptions": [],
	"showFps": false,
	"useGameMode": false,
	"battlEyeRuntime": true,
	"eacRuntime": true,
	"language": "",
	"beforeLaunchScriptPath": "",
	"afterLaunchScriptPath": "",
	"wineVersion": {
		"bin": "",
		"name": "Default Wine - Not Found",
		"type": "wine"
	},
	"winePrefix": "/home/pc/Games/Heroic/Prefixes/default"
}

Game launched at: Thu Aug 22 2024 10:53:05 GMT+0530 (India Standard Time)

Launch Command: HEROIC_APP_NAME=1106508737 HEROIC_APP_RUNNER=gog GAMEID=umu-0 HEROIC_APP_SOURCE=gog STORE=gog STEAM_COMPAT_INSTALL_PATH="/home/esata/Bzzzt Demo" LD_PRELOAD= /opt/Heroic/resources/app.asar.unpacked/build/bin/x64/linux/gogdl launch "/home/esata/Bzzzt Demo" 1106508737 --platform linux

Game Log:
Running Bzzzt Demo
[UnityMemory] Configuration Parameters - Can be set up in boot.config
    "memorysetup-bucket-allocator-granularity=16"
    "memorysetup-bucket-allocator-bucket-count=8"
    "memorysetup-bucket-allocator-block-size=4194304"
    "memorysetup-bucket-allocator-block-count=1"
    "memorysetup-main-allocator-block-size=16777216"
    "memorysetup-thread-allocator-block-size=16777216"
    "memorysetup-gfx-main-allocator-block-size=16777216"
    "memorysetup-gfx-thread-allocator-block-size=16777216"
    "memorysetup-cache-allocator-block-size=4194304"
    "memorysetup-typetree-allocator-block-size=2097152"
    "memorysetup-profiler-bucket-allocator-granularity=16"
    "memorysetup-profiler-bucket-allocator-bucket-count=8"
    "memorysetup-profiler-bucket-allocator-block-size=4194304"
    "memorysetup-profiler-bucket-allocator-block-count=1"
    "memorysetup-profiler-allocator-block-size=16777216"
    "memorysetup-profiler-editor-allocator-block-size=1048576"
    "memorysetup-temp-allocator-size-main=4194304"
    "memorysetup-job-temp-allocator-block-size=2097152"
    "memorysetup-job-temp-allocator-block-size-background=1048576"
    "memorysetup-job-temp-allocator-reduction-small-platforms=262144"
    "memorysetup-temp-allocator-size-background-worker=32768"
    "memorysetup-temp-allocator-size-job-worker=262144"
    "memorysetup-temp-allocator-size-preload-manager=262144"
    "memorysetup-temp-allocator-size-nav-mesh-worker=65536"
    "memorysetup-temp-allocator-size-audio-worker=65536"
    "memorysetup-temp-allocator-size-cloud-worker=32768"
    "memorysetup-temp-allocator-size-gfx=262144"
Launch command: ['/home/esata/Bzzzt Demo/start.sh']
All processes exited
============= End of log =============