Launching "Fallout: New Vegas" (legendary)
Native? No
Installed in: /home/hdd2/FalloutNewVegas

System Info:
CPU: 8x Intel(R) Core(TM) i5-8250U CPU @ 1.60GHz
Memory: 12.27 GB (used: 1.08 GB)
GPUs:
  GPU 0:
    Name: Advanced Micro Devices, Inc. [AMD/ATI] Jet PRO [Radeon R5 M230 / R7 M260DX / Radeon 520/610 Mobile]
    IDs: D=6665 V=1002 SD=0841 SV=1028
    Driver: amdgpu
  GPU 1:
    Name: Intel Corporation UHD Graphics 620
    IDs: D=5917 V=8086 SD=0841 SV=1028
    Driver: i915
OS: Arch Linux 6.10.4-arch2-1 (linux)

The current system is not a Steam Deck
We are not running inside a Flatpak container

Software Versions:
  Heroic: 2.15.1 Emeth
  Legendary: 0.20.35 Lowlife (Heroic)
  gogdl: 1.1.1
  comet: comet 0.1.2

  Nile: 1.1.1 Will A. Zeppeli

Game Settings: {
	"autoInstallDxvk": true,
	"autoInstallDxvkNvapi": false,
	"autoInstallVkd3d": true,
	"preferSystemLibs": false,
	"enableEsync": true,
	"enableMsync": false,
	"enableFSR": true,
	"enableFsync": true,
	"nvidiaPrime": true,
	"enviromentOptions": [],
	"wrapperOptions": [],
	"savesPath": "/home/pc/Games/Heroic/Prefixes/default/Fallout New Vegas/pfx/drive_c/users/steamuser/Documents/My Games/FalloutNV_Epic",
	"showFps": false,
	"showMangohud": true,
	"useGameMode": true,
	"useSteamRuntime": true,
	"battlEyeRuntime": true,
	"eacRuntime": true,
	"language": "",
	"beforeLaunchScriptPath": "",
	"afterLaunchScriptPath": "",
	"wineVersion": {
		"bin": "/home/pc/.local/share/Steam/steamapps/common/Proton - Experimental/proton",
		"name": "Proton - Proton - Experimental",
		"type": "proton"
	},
	"winePrefix": "/home/pc/Games/Heroic/Prefixes/default/Fallout New Vegas",
	"wineCrossoverBottle": ""
}

Game launched at: Mon Aug 12 2024 20:53:44 GMT+0530 (India Standard Time)

Winetricks packages: 

Launch Command: HEROIC_APP_NAME=5daeb974a22a435988892319b3a4f476 HEROIC_APP_RUNNER=legendary GAMEID=umu-0 HEROIC_APP_SOURCE=epic STORE=egs DRI_PRIME=1 __NV_PRIME_RENDER_OFFLOAD=1 __GLX_VENDOR_LIBRARY_NAME=nvidia STEAM_COMPAT_INSTALL_PATH=/home/hdd2/FalloutNewVegas LD_PRELOAD= STEAM_COMPAT_CLIENT_INSTALL_PATH=/home/pc/.steam/steam WINEPREFIX="/home/pc/Games/Heroic/Prefixes/default/Fallout New Vegas" STEAM_COMPAT_DATA_PATH="/home/pc/Games/Heroic/Prefixes/default/Fallout New Vegas" PROTONPATH="/home/pc/.local/share/Steam/steamapps/common/Proton - Experimental" WINE_FULLSCREEN_FSR=1 WINE_FULLSCREEN_FSR_STRENGTH=2 PROTON_DISABLE_NVAPI=1 PROTON_EAC_RUNTIME=/home/pc/.config/heroic/tools/runtimes/eac_runtime PROTON_BATTLEYE_RUNTIME=/home/pc/.config/heroic/tools/runtimes/battleye_runtime STEAM_COMPAT_APP_ID=0 SteamAppId=0 SteamGameId=heroic-FalloutNewVegas PROTON_LOG_DIR=/home/pc /opt/Heroic/resources/app.asar.unpacked/build/bin/x64/linux/legendary launch 5daeb974a22a435988892319b3a4f476 --no-wine --wrapper "/usr/bin/mangohud --dlsym /usr/bin/gamemoderun /home/pc/.local/share/Steam/steamapps/common/SteamLinuxRuntime_sniper/_v2-entry-point -- "/home/pc/.local/share/Steam/steamapps/common/Proton - Experimental/proton" waitforexitandrun" --language en

Game Log:
[cli] INFO: Logging in...
[Core] INFO: Trying to re-use existing login session...
[cli] INFO: Checking for updates...
[Core] INFO: Getting authentication token...
[cli] INFO: Launching 5daeb974a22a435988892319b3a4f476...
gamemodeauto: 
ERROR: ld.so: object 'libgamemodeauto.so.0' from LD_PRELOAD cannot be preloaded (cannot open shared object file): ignored.
ERROR: ld.so: object 'libgamemodeauto.so.0' from LD_PRELOAD cannot be preloaded (cannot open shared object file): ignored.
ERROR: ld.so: object 'libgamemodeauto.so.0' from LD_PRELOAD cannot be preloaded (cannot open shared object file): ignored.
ERROR: ld.so: object 'libgamemodeauto.so.0' from LD_PRELOAD cannot be preloaded (cannot open shared object file): ignored.
ERROR: ld.so: object 'libgamemodeauto.so.0' from LD_PRELOAD cannot be preloaded (cannot open shared object file): ignored.
ERROR: ld.so: object 'libgamemodeauto.so.0' from LD_PRELOAD cannot be preloaded (cannot open shared object file): ignored.
ERROR: ld.so: object 'libgamemodeauto.so.0' from LD_PRELOAD cannot be preloaded (cannot open shared object file): ignored.
wine: using kernel write watches, use_kernel_writewatch 1.
ERROR: ld.so: object 'libgamemodeauto.so.0' from LD_PRELOAD cannot be preloaded (cannot open shared object file): ignored.
fsync: up and running.
ERROR: ld.so: object 'libgamemodeauto.so.0' from LD_PRELOAD cannot be preloaded (cannot open shared object file): ignored.
wine: using kernel write watches, use_kernel_writewatch 1.
ERROR: ld.so: object 'libgamemodeauto.so.0' from LD_PRELOAD cannot be preloaded (cannot open shared object file): ignored.
wine: using kernel write watches, use_kernel_writewatch 1.
ERROR: ld.so: object 'libgamemodeauto.so.0' from LD_PRELOAD cannot be preloaded (cannot open shared object file): ignored.
wine: using kernel write watches, use_kernel_writewatch 1.
ERROR: ld.so: object 'libgamemodeauto.so.0' from LD_PRELOAD cannot be preloaded (cannot open shared object file): ignored.
wine: using kernel write watches, use_kernel_writewatch 1.
ERROR: ld.so: object 'libgamemodeauto.so.0' from LD_PRELOAD cannot be preloaded (cannot open shared object file): ignored.
wine: using kernel write watches, use_kernel_writewatch 1.
ERROR: ld.so: object 'libgamemodeauto.so.0' from LD_PRELOAD cannot be preloaded (cannot open shared object file): ignored.
wine: using kernel write watches, use_kernel_writewatch 1.
ERROR: ld.so: object 'libgamemodeauto.so.0' from LD_PRELOAD cannot be preloaded (cannot open shared object file): ignored.
wine: using kernel write watches, use_kernel_writewatch 1.
WARNING: radv is not a conformant Vulkan implementation, testing use only.
WARNING: radv is not a conformant Vulkan implementation, testing use only.
ERROR: ld.so: object 'libgamemodeauto.so.0' from LD_PRELOAD cannot be preloaded (cannot open shared object file): ignored.
wine: using kernel write watches, use_kernel_writewatch 1.
ERROR: ld.so: object 'libgamemodeauto.so.0' from LD_PRELOAD cannot be preloaded (cannot open shared object file): ignored.
wine: using kernel write watches, use_kernel_writewatch 1.
[S_API] SteamAPI_Init(): SteamAPI_IsSteamRunning() did not locate a running instance of Steam.
[S_API FAIL] SteamAPI_Init() failed
ERROR: ld.so: object 'libgamemodeauto.so.0' from LD_PRELOAD cannot be preloaded (cannot open shared object file): ignored.
wine: using kernel write watches, use_kernel_writewatch 1.
WARNING: radv is not a conformant Vulkan implementation, testing use only.
WARNING: radv is not a conformant Vulkan implementation, testing use only.
WARNING: radv is not a conformant Vulkan implementation, testing use only.
WARNING: radv is not a conformant Vulkan implementation, testing use only.
WARNING: radv is not a conformant Vulkan implementation, testing use only.
WARNING: radv is not a conformant Vulkan implementation, testing use only.
ERROR: ld.so: object 'libgamemodeauto.so.0' from LD_PRELOAD cannot be preloaded (cannot open shared object file): ignored.
ERROR: ld.so: object '/tmp/pressure-vessel-libs-95Y8R2/${LIB}/libMangoHud_dlsym.so' from LD_PRELOAD cannot be preloaded (cannot open shared object file): ignored.
ERROR: ld.so: object '/tmp/pressure-vessel-libs-95Y8R2/${LIB}/libMangoHud_opengl.so' from LD_PRELOAD cannot be preloaded (cannot open shared object file): ignored.
wine: using kernel write watches, use_kernel_writewatch 1.
WARNING: radv is not a conformant Vulkan implementation, testing use only.
ERROR: ld.so: object 'libgamemodeauto.so.0' from LD_PRELOAD cannot be preloaded (cannot open shared object file): ignored.
ERROR: ld.so: object '/tmp/pressure-vessel-libs-95Y8R2/${LIB}/libMangoHud_dlsym.so' from LD_PRELOAD cannot be preloaded (cannot open shared object file): ignored.
ERROR: ld.so: object '/tmp/pressure-vessel-libs-95Y8R2/${LIB}/libMangoHud_opengl.so' from LD_PRELOAD cannot be preloaded (cannot open shared object file): ignored.
wine: using kernel write watches, use_kernel_writewatch 1.
WARNING: radv is not a conformant Vulkan implementation, testing use only.
WARNING: radv is not a conformant Vulkan implementation, testing use only.

(wine:14572): GStreamer-WARNING **: 20:54:14.759: Failed to load plugin '/home/pc/.local/share/Steam/steamapps/common/Proton - Experimental/files/lib64/gstreamer-1.0/libgstvideoparsersbad.so': /home/pc/.local/share/Steam/steamapps/common/Proton - Experimental/files/lib64/gstreamer-1.0/libgstvideoparsersbad.so: wrong ELF class: ELFCLASS64

(wine:14572): GStreamer-WARNING **: 20:54:14.759: Failed to load plugin '/home/pc/.local/share/Steam/steamapps/common/Proton - Experimental/files/lib64/gstreamer-1.0/libgstdebug.so': /home/pc/.local/share/Steam/steamapps/common/Proton - Experimental/files/lib64/gstreamer-1.0/libgstdebug.so: wrong ELF class: ELFCLASS64

(wine:14572): GStreamer-WARNING **: 20:54:14.759: Failed to load plugin '/home/pc/.local/share/Steam/steamapps/common/Proton - Experimental/files/lib64/gstreamer-1.0/libgstcoretracers.so': /home/pc/.local/share/Steam/steamapps/common/Proton - Experimental/files/lib64/gstreamer-1.0/libgstcoretracers.so: wrong ELF class: ELFCLASS64

(wine:14572): GStreamer-WARNING **: 20:54:14.759: Failed to load plugin '/home/pc/.local/share/Steam/steamapps/common/Proton - Experimental/files/lib64/gstreamer-1.0/libgstpbtypes.so': /home/pc/.local/share/Steam/steamapps/common/Proton - Experimental/files/lib64/gstreamer-1.0/libgstpbtypes.so: wrong ELF class: ELFCLASS64

(wine:14572): GStreamer-WARNING **: 20:54:14.760: Failed to load plugin '/home/pc/.local/share/Steam/steamapps/common/Proton - Experimental/files/lib64/gstreamer-1.0/libgstmpg123.so': /home/pc/.local/share/Steam/steamapps/common/Proton - Experimental/files/lib64/gstreamer-1.0/libgstmpg123.so: wrong ELF class: ELFCLASS64

(wine:14572): GStreamer-WARNING **: 20:54:14.760: Failed to load plugin '/home/pc/.local/share/Steam/steamapps/common/Proton - Experimental/files/lib64/gstreamer-1.0/libgstplayback.so': /home/pc/.local/share/Steam/steamapps/common/Proton - Experimental/files/lib64/gstreamer-1.0/libgstplayback.so: wrong ELF class: ELFCLASS64

(wine:14572): GStreamer-WARNING **: 20:54:14.760: Failed to load plugin '/home/pc/.local/share/Steam/steamapps/common/Proton - Experimental/files/lib64/gstreamer-1.0/libgstdeinterlace.so': /home/pc/.local/share/Steam/steamapps/common/Proton - Experimental/files/lib64/gstreamer-1.0/libgstdeinterlace.so: wrong ELF class: ELFCLASS64

(wine:14572): GStreamer-WARNING **: 20:54:14.760: Failed to load plugin '/home/pc/.local/share/Steam/steamapps/common/Proton - Experimental/files/lib64/gstreamer-1.0/libgstlibav.so': /home/pc/.local/share/Steam/steamapps/common/Proton - Experimental/files/lib64/gstreamer-1.0/libgstlibav.so: wrong ELF class: ELFCLASS64

(wine:14572): GStreamer-WARNING **: 20:54:14.760: Failed to load plugin '/home/pc/.local/share/Steam/steamapps/common/Proton - Experimental/files/lib64/gstreamer-1.0/libgstwavparse.so': /home/pc/.local/share/Steam/steamapps/common/Proton - Experimental/files/lib64/gstreamer-1.0/libgstwavparse.so: wrong ELF class: ELFCLASS64

(wine:14572): GStreamer-WARNING **: 20:54:14.760: Failed to load plugin '/home/pc/.local/share/Steam/steamapps/common/Proton - Experimental/files/lib64/gstreamer-1.0/libgstximagesink.so': /home/pc/.local/share/Steam/steamapps/common/Proton - Experimental/files/lib64/gstreamer-1.0/libgstximagesink.so: wrong ELF class: ELFCLASS64

(wine:14572): GStreamer-WARNING **: 20:54:14.760: Failed to load plugin '/home/pc/.local/share/Steam/steamapps/common/Proton - Experimental/files/lib64/gstreamer-1.0/libgstopus.so': /home/pc/.local/share/Steam/steamapps/common/Proton - Experimental/files/lib64/gstreamer-1.0/libgstopus.so: wrong ELF class: ELFCLASS64

(wine:14572): GStreamer-WARNING **: 20:54:14.760: Failed to load plugin '/home/pc/.local/share/Steam/steamapps/common/Proton - Experimental/files/lib64/gstreamer-1.0/libgstaudioresample.so': /home/pc/.local/share/Steam/steamapps/common/Proton - Experimental/files/lib64/gstreamer-1.0/libgstaudioresample.so: wrong ELF class: ELFCLASS64

(wine:14572): GStreamer-WARNING **: 20:54:14.760: Failed to load plugin '/home/pc/.local/share/Steam/steamapps/common/Proton - Experimental/files/lib64/gstreamer-1.0/libgstvorbis.so': /home/pc/.local/share/Steam/steamapps/common/Proton - Experimental/files/lib64/gstreamer-1.0/libgstvorbis.so: wrong ELF class: ELFCLASS64

(wine:14572): GStreamer-WARNING **: 20:54:14.760: Failed to load plugin '/home/pc/.local/share/Steam/steamapps/common/Proton - Experimental/files/lib64/gstreamer-1.0/libgstmpegtsdemux.so': /home/pc/.local/share/Steam/steamapps/common/Proton - Experimental/files/lib64/gstreamer-1.0/libgstmpegtsdemux.so: wrong ELF class: ELFCLASS64

(wine:14572): GStreamer-WARNING **: 20:54:14.760: Failed to load plugin '/home/pc/.local/share/Steam/steamapps/common/Proton - Experimental/files/lib64/gstreamer-1.0/libgsttheora.so': /home/pc/.local/share/Steam/steamapps/common/Proton - Experimental/files/lib64/gstreamer-1.0/libgsttheora.so: wrong ELF class: ELFCLASS64

(wine:14572): GStreamer-WARNING **: 20:54:14.760: Failed to load plugin '/home/pc/.local/share/Steam/steamapps/common/Proton - Experimental/files/lib64/gstreamer-1.0/libgstvideobox.so': /home/pc/.local/share/Steam/steamapps/common/Proton - Experimental/files/lib64/gstreamer-1.0/libgstvideobox.so: wrong ELF class: ELFCLASS64

(wine:14572): GStreamer-WARNING **: 20:54:14.760: Failed to load plugin '/home/pc/.local/share/Steam/steamapps/common/Proton - Experimental/files/lib64/gstreamer-1.0/libgstdav1d.so': /home/pc/.local/share/Steam/steamapps/common/Proton - Experimental/files/lib64/gstreamer-1.0/libgstdav1d.so: wrong ELF class: ELFCLASS64

(wine:14572): GStreamer-WARNING **: 20:54:14.760: Failed to load plugin '/home/pc/.local/share/Steam/steamapps/common/Proton - Experimental/files/lib64/gstreamer-1.0/libgsthls.so': /home/pc/.local/share/Steam/steamapps/common/Proton - Experimental/files/lib64/gstreamer-1.0/libgsthls.so: wrong ELF class: ELFCLASS64

(wine:14572): GStreamer-WARNING **: 20:54:14.760: Failed to load plugin '/home/pc/.local/share/Steam/steamapps/common/Proton - Experimental/files/lib64/gstreamer-1.0/libgstvideofilter.so': /home/pc/.local/share/Steam/steamapps/common/Proton - Experimental/files/lib64/gstreamer-1.0/libgstvideofilter.so: wrong ELF class: ELFCLASS64

(wine:14572): GStreamer-WARNING **: 20:54:14.760: Failed to load plugin '/home/pc/.local/share/Steam/steamapps/common/Proton - Experimental/files/lib64/gstreamer-1.0/libgstapp.so': /home/pc/.local/share/Steam/steamapps/common/Proton - Experimental/files/lib64/gstreamer-1.0/libgstapp.so: wrong ELF class: ELFCLASS64

(wine:14572): GStreamer-WARNING **: 20:54:14.760: Failed to load plugin '/home/pc/.local/share/Steam/steamapps/common/Proton - Experimental/files/lib64/gstreamer-1.0/libgstautodetect.so': /home/pc/.local/share/Steam/steamapps/common/Proton - Experimental/files/lib64/gstreamer-1.0/libgstautodetect.so: wrong ELF class: ELFCLASS64

(wine:14572): GStreamer-WARNING **: 20:54:14.760: Failed to load plugin '/home/pc/.local/share/Steam/steamapps/common/Proton - Experimental/files/lib64/gstreamer-1.0/libgstavi.so': /home/pc/.local/share/Steam/steamapps/common/Proton - Experimental/files/lib64/gstreamer-1.0/libgstavi.so: wrong ELF class: ELFCLASS64

(wine:14572): GStreamer-WARNING **: 20:54:14.760: Failed to load plugin '/home/pc/.local/share/Steam/steamapps/common/Proton - Experimental/files/lib64/gstreamer-1.0/libgstsoup.so': /home/pc/.local/share/Steam/steamapps/common/Proton - Experimental/files/lib64/gstreamer-1.0/libgstsoup.so: wrong ELF class: ELFCLASS64

(wine:14572): GStreamer-WARNING **: 20:54:14.761: Failed to load plugin '/home/pc/.local/share/Steam/steamapps/common/Proton - Experimental/files/lib64/gstreamer-1.0/libgsttypefindfunctions.so': /home/pc/.local/share/Steam/steamapps/common/Proton - Experimental/files/lib64/gstreamer-1.0/libgsttypefindfunctions.so: wrong ELF class: ELFCLASS64

(wine:14572): GStreamer-WARNING **: 20:54:14.761: Failed to load plugin '/home/pc/.local/share/Steam/steamapps/common/Proton - Experimental/files/lib64/gstreamer-1.0/libgstaudioconvert.so': /home/pc/.local/share/Steam/steamapps/common/Proton - Experimental/files/lib64/gstreamer-1.0/libgstaudioconvert.so: wrong ELF class: ELFCLASS64

(wine:14572): GStreamer-WARNING **: 20:54:14.761: Failed to load plugin '/home/pc/.local/share/Steam/steamapps/common/Proton - Experimental/files/lib64/gstreamer-1.0/libgstmatroska.so': /home/pc/.local/share/Steam/steamapps/common/Proton - Experimental/files/lib64/gstreamer-1.0/libgstmatroska.so: wrong ELF class: ELFCLASS64

(wine:14572): GStreamer-WARNING **: 20:54:14.761: Failed to load plugin '/home/pc/.local/share/Steam/steamapps/common/Proton - Experimental/files/lib64/gstreamer-1.0/libgstogg.so': /home/pc/.local/share/Steam/steamapps/common/Proton - Experimental/files/lib64/gstreamer-1.0/libgstogg.so: wrong ELF class: ELFCLASS64

(wine:14572): GStreamer-WARNING **: 20:54:14.761: Failed to load plugin '/home/pc/.local/share/Steam/steamapps/common/Proton - Experimental/files/lib64/gstreamer-1.0/libgstvpx.so': /home/pc/.local/share/Steam/steamapps/common/Proton - Experimental/files/lib64/gstreamer-1.0/libgstvpx.so: wrong ELF class: ELFCLASS64

(wine:14572): GStreamer-WARNING **: 20:54:14.761: Failed to load plugin '/home/pc/.local/share/Steam/steamapps/common/Proton - Experimental/files/lib64/gstreamer-1.0/libgstid3demux.so': /home/pc/.local/share/Steam/steamapps/common/Proton - Experimental/files/lib64/gstreamer-1.0/libgstid3demux.so: wrong ELF class: ELFCLASS64

(wine:14572): GStreamer-WARNING **: 20:54:14.761: Failed to load plugin '/home/pc/.local/share/Steam/steamapps/common/Proton - Experimental/files/lib64/gstreamer-1.0/libgstcoreelements.so': /home/pc/.local/share/Steam/steamapps/common/Proton - Experimental/files/lib64/gstreamer-1.0/libgstcoreelements.so: wrong ELF class: ELFCLASS64

(wine:14572): GStreamer-WARNING **: 20:54:14.761: Failed to load plugin '/home/pc/.local/share/Steam/steamapps/common/Proton - Experimental/files/lib64/gstreamer-1.0/libgstisomp4.so': /home/pc/.local/share/Steam/steamapps/common/Proton - Experimental/files/lib64/gstreamer-1.0/libgstisomp4.so: wrong ELF class: ELFCLASS64

(wine:14572): GStreamer-WARNING **: 20:54:14.761: Failed to load plugin '/home/pc/.local/share/Steam/steamapps/common/Proton - Experimental/files/lib64/gstreamer-1.0/libgstapetag.so': /home/pc/.local/share/Steam/steamapps/common/Proton - Experimental/files/lib64/gstreamer-1.0/libgstapetag.so: wrong ELF class: ELFCLASS64

(wine:14572): GStreamer-WARNING **: 20:54:14.761: Failed to load plugin '/home/pc/.local/share/Steam/steamapps/common/Proton - Experimental/files/lib64/gstreamer-1.0/libgstaudioparsers.so': /home/pc/.local/share/Steam/steamapps/common/Proton - Experimental/files/lib64/gstreamer-1.0/libgstaudioparsers.so: wrong ELF class: ELFCLASS64

(wine:14572): GStreamer-WARNING **: 20:54:14.761: Failed to load plugin '/home/pc/.local/share/Steam/steamapps/common/Proton - Experimental/files/lib64/gstreamer-1.0/libgstadder.so': /home/pc/.local/share/Steam/steamapps/common/Proton - Experimental/files/lib64/gstreamer-1.0/libgstadder.so: wrong ELF class: ELFCLASS64

(wine:14572): GStreamer-WARNING **: 20:54:14.761: Failed to load plugin '/home/pc/.local/share/Steam/steamapps/common/Proton - Experimental/files/lib64/gstreamer-1.0/libgstvideoconvertscale.so': /home/pc/.local/share/Steam/steamapps/common/Proton - Experimental/files/lib64/gstreamer-1.0/libgstvideoconvertscale.so: wrong ELF class: ELFCLASS64

(wine:14572): GStreamer-WARNING **: 20:54:14.761: Failed to load plugin '/home/pc/.local/share/Steam/steamapps/common/Proton - Experimental/files/lib64/gstreamer-1.0/libgstopengl.so': /home/pc/.local/share/Steam/steamapps/common/Proton - Experimental/files/lib64/gstreamer-1.0/libgstopengl.so: wrong ELF class: ELFCLASS64

(wine:14572): GStreamer-WARNING **: 20:54:14.761: Failed to load plugin '/home/pc/.local/share/Steam/steamapps/common/Proton - Experimental/files/lib64/gstreamer-1.0/libgstnavigationtest.so': /home/pc/.local/share/Steam/steamapps/common/Proton - Experimental/files/lib64/gstreamer-1.0/libgstnavigationtest.so: wrong ELF class: ELFCLASS64
ERROR: ld.so: object 'libgamemodeauto.so.0' from LD_PRELOAD cannot be preloaded (cannot open shared object file): ignored.
ERROR: ld.so: object '/tmp/pressure-vessel-libs-95Y8R2/${LIB}/libMangoHud_dlsym.so' from LD_PRELOAD cannot be preloaded (cannot open shared object file): ignored.
ERROR: ld.so: object '/tmp/pressure-vessel-libs-95Y8R2/${LIB}/libMangoHud_opengl.so' from LD_PRELOAD cannot be preloaded (cannot open shared object file): ignored.
wine: using kernel write watches, use_kernel_writewatch 1.
ERROR: ld.so: object 'libgamemodeauto.so.0' from LD_PRELOAD cannot be preloaded (cannot open shared object file): ignored.
============= End of log =============