Launching "Grand Theft Auto V" (legendary)
Native? No
Installed in: /home/hdd2/GTAV

System Info:
CPU: 8x Intel(R) Core(TM) i5-8250U CPU @ 1.60GHz
Memory: 12.27 GB (used: 1.95 GB)
GPUs:
  GPU 0:
    Name: Advanced Micro Devices, Inc. [AMD/ATI] Jet PRO [Radeon R5 M230 / R7 M260DX / Radeon 520/610 Mobile]
    IDs: D=6665 V=1002 SD=0841 SV=1028
    Driver: amdgpu
  GPU 1:
    Name: Intel Corporation UHD Graphics 620
    IDs: D=5917 V=8086 SD=0841 SV=1028
    Driver: i915
OS: Arch Linux 6.10.3-arch1-2 (linux)

The current system is not a Steam Deck
We are not running inside a Flatpak container

Software Versions:
  Heroic: 2.14.1 Flame Emperor Sabo
  Legendary: 0.20.34 Direct Intervention
  gogdl: 1.0.1
  Nile: 1.0.2 Jonathan Joestar

Game Settings: {
	"autoInstallDxvk": true,
	"autoInstallDxvkNvapi": true,
	"autoInstallVkd3d": true,
	"preferSystemLibs": false,
	"enableEsync": false,
	"enableMsync": false,
	"enableFSR": true,
	"enableFsync": false,
	"nvidiaPrime": true,
	"enviromentOptions": [],
	"wrapperOptions": [],
	"showFps": false,
	"showMangohud": true,
	"useGameMode": true,
	"useSteamRuntime": true,
	"battlEyeRuntime": false,
	"eacRuntime": false,
	"language": "",
	"beforeLaunchScriptPath": "",
	"afterLaunchScriptPath": "",
	"wineVersion": {
		"bin": "/home/pc/.config/heroic/tools/proton/Proton-GE-latest/proton",
		"name": "Proton - Proton-GE-latest",
		"type": "proton"
	},
	"winePrefix": "/home/pc/Games/Heroic/Prefixes/default/Grand Theft Auto V",
	"wineCrossoverBottle": "",
	"enableDXVKFpsLimit": false,
	"gamescope": {
		"enableUpscaling": false,
		"enableLimiter": false,
		"windowType": "fullscreen",
		"gameWidth": "",
		"gameHeight": "",
		"upscaleHeight": "",
		"upscaleWidth": "",
		"upscaleMethod": "fsr",
		"fpsLimiter": "30",
		"fpsLimiterNoFocus": "",
		"additionalOptions": ""
	}
}

Game launched at: Sat Aug 10 2024 20:23:38 GMT+0530 (India Standard Time)

Winetricks packages: 

Launch Command: HEROIC_APP_NAME=9d2d0eb64d5c44529cece33fe2a46482 HEROIC_APP_RUNNER=legendary HEROIC_APP_SOURCE=epic DRI_PRIME=1 __NV_PRIME_RENDER_OFFLOAD=1 __GLX_VENDOR_LIBRARY_NAME=nvidia STEAM_COMPAT_INSTALL_PATH=/home/hdd2/GTAV LD_PRELOAD= DOTNET_BUNDLE_EXTRACT_BASE_DIR= DOTNET_ROOT= STEAM_COMPAT_CLIENT_INSTALL_PATH=/home/pc/.steam/steam STEAM_COMPAT_DATA_PATH="/home/pc/Games/Heroic/Prefixes/default/Grand Theft Auto V" WINE_FULLSCREEN_FSR=1 WINE_FULLSCREEN_FSR_STRENGTH=2 PROTON_NO_ESYNC=1 PROTON_NO_FSYNC=1 PROTON_ENABLE_NVAPI=1 DXVK_NVAPI_ALLOW_OTHER_DRIVERS=1 STEAM_COMPAT_APP_ID=0 SteamAppId=0 SteamGameId=heroic-GTAV PROTON_LOG_DIR=/home/pc /opt/Heroic/resources/app.asar.unpacked/build/bin/linux/legendary launch 9d2d0eb64d5c44529cece33fe2a46482 --no-wine --wrapper "/usr/bin/mangohud --dlsym /usr/bin/gamemoderun /home/pc/.local/share/Steam/steamapps/common/SteamLinuxRuntime_sniper/_v2-entry-point -- '/home/pc/.config/heroic/tools/proton/Proton-GE-latest/proton' waitforexitandrun" --language en

Game Log:
[cli] INFO: Logging in...
[Core] INFO: Trying to re-use existing login session...
[cli] INFO: Checking for updates...
[Core] INFO: Getting authentication token...
[cli] INFO: Launching 9d2d0eb64d5c44529cece33fe2a46482...
gamemodeauto: 
ERROR: ld.so: object 'libgamemodeauto.so.0' from LD_PRELOAD cannot be preloaded (cannot open shared object file): ignored.
ERROR: ld.so: object 'libgamemodeauto.so.0' from LD_PRELOAD cannot be preloaded (cannot open shared object file): ignored.
ERROR: ld.so: object 'libgamemodeauto.so.0' from LD_PRELOAD cannot be preloaded (cannot open shared object file): ignored.
[34mProtonFixes[62785] INFO: Running protonfixes[0m
[34mProtonFixes[62785] INFO: Running checks[0m
[34mProtonFixes[62785] INFO: All checks successful[0m
[34mProtonFixes[62785] INFO: Using global defaults for UNKNOWN (0)[0m
[34mProtonFixes[62785] INFO: No global protonfix found for UNKNOWN (0)[0m
ERROR: ld.so: object 'libgamemodeauto.so.0' from LD_PRELOAD cannot be preloaded (cannot open shared object file): ignored.
ERROR: ld.so: object 'libgamemodeauto.so.0' from LD_PRELOAD cannot be preloaded (cannot open shared object file): ignored.
ERROR: ld.so: object 'libgamemodeauto.so.0' from LD_PRELOAD cannot be preloaded (cannot open shared object file): ignored.
ERROR: ld.so: object 'libgamemodeauto.so.0' from LD_PRELOAD cannot be preloaded (cannot open shared object file): ignored.
wine: using kernel write watches, use_kernel_writewatch 1.
ERROR: ld.so: object 'libgamemodeauto.so.0' from LD_PRELOAD cannot be preloaded (cannot open shared object file): ignored.
wineserver: using server-side synchronization.
ERROR: ld.so: object 'libgamemodeauto.so.0' from LD_PRELOAD cannot be preloaded (cannot open shared object file): ignored.
wine: using kernel write watches, use_kernel_writewatch 1.
ERROR: ld.so: object 'libgamemodeauto.so.0' from LD_PRELOAD cannot be preloaded (cannot open shared object file): ignored.
wine: using kernel write watches, use_kernel_writewatch 1.
ERROR: ld.so: object 'libgamemodeauto.so.0' from LD_PRELOAD cannot be preloaded (cannot open shared object file): ignored.
wine: using kernel write watches, use_kernel_writewatch 1.
ERROR: ld.so: object 'libgamemodeauto.so.0' from LD_PRELOAD cannot be preloaded (cannot open shared object file): ignored.
wine: using kernel write watches, use_kernel_writewatch 1.
ERROR: ld.so: object 'libgamemodeauto.so.0' from LD_PRELOAD cannot be preloaded (cannot open shared object file): ignored.
wine: using kernel write watches, use_kernel_writewatch 1.
ERROR: ld.so: object 'libgamemodeauto.so.0' from LD_PRELOAD cannot be preloaded (cannot open shared object file): ignored.
wine: using kernel write watches, use_kernel_writewatch 1.
ERROR: ld.so: object 'libgamemodeauto.so.0' from LD_PRELOAD cannot be preloaded (cannot open shared object file): ignored.
wine: using kernel write watches, use_kernel_writewatch 1.
WARNING: radv is not a conformant Vulkan implementation, testing use only.
WARNING: radv is not a conformant Vulkan implementation, testing use only.
ERROR: ld.so: object 'libgamemodeauto.so.0' from LD_PRELOAD cannot be preloaded (cannot open shared object file): ignored.
wine: using kernel write watches, use_kernel_writewatch 1.
ERROR: ld.so: object 'libgamemodeauto.so.0' from LD_PRELOAD cannot be preloaded (cannot open shared object file): ignored.
wine: using kernel write watches, use_kernel_writewatch 1.
[S_API] SteamAPI_Init(): SteamAPI_IsSteamRunning() did not locate a running instance of Steam.
[S_API FAIL] SteamAPI_Init() failed
ERROR: ld.so: object 'libgamemodeauto.so.0' from LD_PRELOAD cannot be preloaded (cannot open shared object file): ignored.
wine: using kernel write watches, use_kernel_writewatch 1.
ERROR: ld.so: object 'libgamemodeauto.so.0' from LD_PRELOAD cannot be preloaded (cannot open shared object file): ignored.
ERROR: ld.so: object '/tmp/pressure-vessel-libs-Q397R2/${LIB}/libMangoHud_dlsym.so' from LD_PRELOAD cannot be preloaded (cannot open shared object file): ignored.
ERROR: ld.so: object '/tmp/pressure-vessel-libs-Q397R2/${LIB}/libMangoHud_opengl.so' from LD_PRELOAD cannot be preloaded (cannot open shared object file): ignored.
wine: using kernel write watches, use_kernel_writewatch 1.
ERROR: ld.so: object 'libgamemodeauto.so.0' from LD_PRELOAD cannot be preloaded (cannot open shared object file): ignored.
wine: using kernel write watches, use_kernel_writewatch 1.
ERROR: ld.so: object 'libgamemodeauto.so.0' from LD_PRELOAD cannot be preloaded (cannot open shared object file): ignored.
wine: using kernel write watches, use_kernel_writewatch 1.
WARNING: radv is not a conformant Vulkan implementation, testing use only.
ERROR: ld.so: object 'libgamemodeauto.so.0' from LD_PRELOAD cannot be preloaded (cannot open shared object file): ignored.
wine: using kernel write watches, use_kernel_writewatch 1.
ERROR: ld.so: object 'libgamemodeauto.so.0' from LD_PRELOAD cannot be preloaded (cannot open shared object file): ignored.
wine: using kernel write watches, use_kernel_writewatch 1.
WARNING: radv is not a conformant Vulkan implementation, testing use only.
ERROR: ld.so: object 'libgamemodeauto.so.0' from LD_PRELOAD cannot be preloaded (cannot open shared object file): ignored.
wine: using kernel write watches, use_kernel_writewatch 1.
ERROR: ld.so: object 'libgamemodeauto.so.0' from LD_PRELOAD cannot be preloaded (cannot open shared object file): ignored.
wine: using kernel write watches, use_kernel_writewatch 1.
ERROR: ld.so: object 'libgamemodeauto.so.0' from LD_PRELOAD cannot be preloaded (cannot open shared object file): ignored.
wine: using kernel write watches, use_kernel_writewatch 1.
ERROR: ld.so: object 'libgamemodeauto.so.0' from LD_PRELOAD cannot be preloaded (cannot open shared object file): ignored.
wine: using kernel write watches, use_kernel_writewatch 1.
ERROR: ld.so: object 'libgamemodeauto.so.0' from LD_PRELOAD cannot be preloaded (cannot open shared object file): ignored.
wine: using kernel write watches, use_kernel_writewatch 1.
WARNING: radv is not a conformant Vulkan implementation, testing use only.
WARNING: radv is not a conformant Vulkan implementation, testing use only.
ERROR: ld.so: object 'libgamemodeauto.so.0' from LD_PRELOAD cannot be preloaded (cannot open shared object file): ignored.
wine: using kernel write watches, use_kernel_writewatch 1.
ERROR: ld.so: object 'libgamemodeauto.so.0' from LD_PRELOAD cannot be preloaded (cannot open shared object file): ignored.
wine: using kernel write watches, use_kernel_writewatch 1.
ERROR: ld.so: object 'libgamemodeauto.so.0' from LD_PRELOAD cannot be preloaded (cannot open shared object file): ignored.
wine: using kernel write watches, use_kernel_writewatch 1.
ERROR: ld.so: object 'libgamemodeauto.so.0' from LD_PRELOAD cannot be preloaded (cannot open shared object file): ignored.
wine: using kernel write watches, use_kernel_writewatch 1.
ERROR: ld.so: object 'libgamemodeauto.so.0' from LD_PRELOAD cannot be preloaded (cannot open shared object file): ignored.
wine: using kernel write watches, use_kernel_writewatch 1.
ERROR: ld.so: object 'libgamemodeauto.so.0' from LD_PRELOAD cannot be preloaded (cannot open shared object file): ignored.
wine: using kernel write watches, use_kernel_writewatch 1.
ERROR: ld.so: object 'libgamemodeauto.so.0' from LD_PRELOAD cannot be preloaded (cannot open shared object file): ignored.
wine: using kernel write watches, use_kernel_writewatch 1.
WARNING: radv is not a conformant Vulkan implementation, testing use only.
WARNING: radv is not a conformant Vulkan implementation, testing use only.
WARNING: radv is not a conformant Vulkan implementation, testing use only.
WARNING: radv is not a conformant Vulkan implementation, testing use only.
WARNING: radv is not a conformant Vulkan implementation, testing use only.
ERROR: ld.so: object 'libgamemodeauto.so.0' from LD_PRELOAD cannot be preloaded (cannot open shared object file): ignored.
wine: using kernel write watches, use_kernel_writewatch 1.
ERROR: ld.so: object 'libgamemodeauto.so.0' from LD_PRELOAD cannot be preloaded (cannot open shared object file): ignored.
wine: using kernel write watches, use_kernel_writewatch 1.
WARNING: radv is not a conformant Vulkan implementation, testing use only.
WARNING: radv is not a conformant Vulkan implementation, testing use only.
ERROR: ld.so: object 'libgamemodeauto.so.0' from LD_PRELOAD cannot be preloaded (cannot open shared object file): ignored.
wine: using kernel write watches, use_kernel_writewatch 1.
ERROR: ld.so: object 'libgamemodeauto.so.0' from LD_PRELOAD cannot be preloaded (cannot open shared object file): ignored.
wine: using kernel write watches, use_kernel_writewatch 1.
ERROR: ld.so: object 'libgamemodeauto.so.0' from LD_PRELOAD cannot be preloaded (cannot open shared object file): ignored.
wine: using kernel write watches, use_kernel_writewatch 1.
ERROR: ld.so: object 'libgamemodeauto.so.0' from LD_PRELOAD cannot be preloaded (cannot open shared object file): ignored.
wine: using kernel write watches, use_kernel_writewatch 1.
ERROR: ld.so: object 'libgamemodeauto.so.0' from LD_PRELOAD cannot be preloaded (cannot open shared object file): ignored.
wine: using kernel write watches, use_kernel_writewatch 1.
ERROR: ld.so: object 'libgamemodeauto.so.0' from LD_PRELOAD cannot be preloaded (cannot open shared object file): ignored.
wine: using kernel write watches, use_kernel_writewatch 1.
ERROR: ld.so: object 'libgamemodeauto.so.0' from LD_PRELOAD cannot be preloaded (cannot open shared object file): ignored.
wine: using kernel write watches, use_kernel_writewatch 1.
WARNING: radv is not a conformant Vulkan implementation, testing use only.
ERROR: ld.so: object 'libgamemodeauto.so.0' from LD_PRELOAD cannot be preloaded (cannot open shared object file): ignored.
wine: using kernel write watches, use_kernel_writewatch 1.
WARNING: radv is not a conformant Vulkan implementation, testing use only.
WARNING: radv is not a conformant Vulkan implementation, testing use only.
WARNING: radv is not a conformant Vulkan implementation, testing use only.
WARNING: radv is not a conformant Vulkan implementation, testing use only.
WARNING: radv is not a conformant Vulkan implementation, testing use only.
WARNING: radv is not a conformant Vulkan implementation, testing use only.
WARNING: radv is not a conformant Vulkan implementation, testing use only.
ERROR: ld.so: object 'libgamemodeauto.so.0' from LD_PRELOAD cannot be preloaded (cannot open shared object file): ignored.
wine: using kernel write watches, use_kernel_writewatch 1.
WARNING: radv is not a conformant Vulkan implementation, testing use only.
WARNING: radv is not a conformant Vulkan implementation, testing use only.
WARNING: radv is not a conformant Vulkan implementation, testing use only.
WARNING: radv is not a conformant Vulkan implementation, testing use only.
WARNING: radv is not a conformant Vulkan implementation, testing use only.
WARNING: radv is not a conformant Vulkan implementation, testing use only.
ERROR: ld.so: object 'libgamemodeauto.so.0' from LD_PRELOAD cannot be preloaded (cannot open shared object file): ignored.
