Launching "Stray" (sideload)
Native? No
Installed in: /home/pc/Games/Stray

System Info:
CPU: 8x Intel(R) Core(TM) i5-8250U CPU @ 1.60GHz
Memory: 12.26 GB (used: 1.67 GB)
GPUs:
  GPU 0:
    Name: Advanced Micro Devices, Inc. [AMD/ATI] Jet PRO [Radeon R5 M230 / R7 M260DX / Radeon 520/610 Mobile]
    IDs: D=6665 V=1002 SD=0841 SV=1028
    Driver: radeon
  GPU 1:
    Name: Intel Corporation UHD Graphics 620
    IDs: D=5917 V=8086 SD=0841 SV=1028
    Driver: i915
OS: Arch Linux 6.10.8-zen1-1-zen (linux)

The current system is not a Steam Deck
We are not running inside a Flatpak container

Software Versions:
  Heroic: 2.15.1 Emeth
  Legendary: 0.20.35 Lowlife (Heroic)
  gogdl: 1.1.1
  comet: comet 0.1.2

  Nile: 1.1.1 Will A. Zeppeli

Game Settings: {
	"autoInstallDxvk": true,
	"autoInstallDxvkNvapi": true,
	"autoInstallVkd3d": true,
	"preferSystemLibs": false,
	"enableEsync": true,
	"enableMsync": false,
	"enableFSR": false,
	"enableFsync": true,
	"launcherArgs": "",
	"nvidiaPrime": true,
	"enviromentOptions": [
		{
			"key": "gpu",
			"value": "DRI_PRIME=1"
		}
	],
	"wrapperOptions": [],
	"showFps": false,
	"showMangohud": true,
	"useGameMode": true,
	"battlEyeRuntime": true,
	"eacRuntime": true,
	"language": "",
	"beforeLaunchScriptPath": "",
	"afterLaunchScriptPath": "",
	"wineVersion": {
		"bin": "/usr/bin/wine",
		"name": "Wine Default - wine-9.10 (Staging)",
		"type": "wine",
		"wineserver": "/usr/bin/wineserver"
	},
	"winePrefix": "/home/pc/.wine",
	"wineCrossoverBottle": "Heroic"
}

Game launched at: Sat Sep 07 2024 16:38:04 GMT+0530 (India Standard Time)

Winetricks packages: 

ERROR: ld.so: object '/usr/$LIB/mangohud/libMangoHud_dlsym.so' from LD_PRELOAD cannot be preloaded (cannot open shared object file): ignored.
ERROR: ld.so: object '/usr/$LIB/mangohud/libMangoHud_opengl.so' from LD_PRELOAD cannot be preloaded (cannot open shared object file): ignored.
gamemodeauto: 
ERROR: ld.so: object '/usr/$LIB/mangohud/libMangoHud_dlsym.so' from LD_PRELOAD cannot be preloaded (cannot open shared object file): ignored.
ERROR: ld.so: object '/usr/$LIB/mangohud/libMangoHud_opengl.so' from LD_PRELOAD cannot be preloaded (cannot open shared object file): ignored.
gamemodeauto: 
esync: up and running.
002c:fixme:winediag:loader_init wine-staging 9.10 is a testing version containing experimental patches.
002c:fixme:winediag:loader_init Please mention your exact version when filing bug reports on winehq.org.
002c:err:wineboot:process_run_key Error running cmd L"C:\\windows\\system32\\winemenubuilder.exe -a -r" (126).
0098:err:hid:udev_bus_init UDEV monitor creation failed
012c:fixme:ntdll:NtQuerySystemInformation info_class SYSTEM_PERFORMANCE_INFORMATION
012c:fixme:nls:get_dummy_preferred_ui_language (0x8 0x409 0000000000B9E574 0000000000000000 0000000000B9E570) returning a dummy value (current locale)
012c:fixme:nls:get_dummy_preferred_ui_language (0x8 0x409 0000000000B9E574 00000000067F0BF0 0000000000B9E570) returning a dummy value (current locale)
012c:fixme:gameux:GameExplorerImpl_VerifyAccess (0000000001D25790, L"Z:\\home\\pc\\Games\\Stray\\Hk_project\\Binaries\\Win64\\Stray-Win64-Shipping.exe", 0000000000B9E380)
012c:fixme:win:DisableProcessWindowsGhosting : stub
012c:fixme:msctf:InputProcessorProfileMgr_GetActiveProfile (0000000001D113C0)->({34745c63-b2f0-4784-8b67-5e12c8701a31} 0000000000B9E950)
012c:fixme:system:NtUserSystemParametersInfo Unimplemented action: 59 (SPI_SETSTICKYKEYS)
012c:fixme:system:NtUserSystemParametersInfo Unimplemented action: 53 (SPI_SETTOGGLEKEYS)
012c:fixme:system:NtUserSystemParametersInfo Unimplemented action: 51 (SPI_SETFILTERKEYS)
info:  Game: Stray-Win64-Shipping.exe
info:  DXVK: v2.4
info:  Found built-in config:
info:    d3d11.ignoreGraphicsBarriers = True
info:  Effective configuration:
info:    d3d11.ignoreGraphicsBarriers = True
info:  Vulkan: Found vkGetInstanceProcAddr in winevulkan.dll @ 0x6ffffbf74020
info:  Built-in extension providers:
info:    Platform WSI
info:    OpenVR
info:    OpenXR
info:  OpenVR: could not open registry key, status 2
info:  OpenVR: Failed to locate module
info:  Enabled instance extensions:
info:    VK_EXT_surface_maintenance1
info:    VK_KHR_get_surface_capabilities2
info:    VK_KHR_surface
info:    VK_KHR_win32_surface
info:  Intel(R) UHD Graphics 620 (KBL GT2):
info:    Driver : Intel open-source Mesa driver 24.2.2
info:    Memory Heap[0]: 
info:      Size: 5848 MiB
info:      Flags: 0x1
info:      Memory Type[0]: Property Flags = 0x1
info:      Memory Type[1]: Property Flags = 0x7
info:      Memory Type[2]: Property Flags = 0xf
info:      Memory Type[3]: Property Flags = 0x1
info:      Memory Type[4]: Property Flags = 0x7
info:      Memory Type[5]: Property Flags = 0xf
012c:fixme:system:NtUserQueryDisplayConfig flags 0x2, paths_count 0xb9dae8, paths 0x14b7ff0, modes_count 0xb9daec, modes 0x14b4f50, topology_id (nil) semi-stub
012c:fixme:system:NtUserQueryDisplayConfig flags 0x2, paths_count 0xb9dae8, paths 0x14b7ff0, modes_count 0xb9daec, modes 0x14b4f50, topology_id (nil) semi-stub
warn:  D3D11DeviceFeatures: External memory features not supported
info:  D3D11InternalCreateDevice: Maximum supported feature level: D3D_FEATURE_LEVEL_11_1
info:  D3D11InternalCreateDevice: Using feature level D3D_FEATURE_LEVEL_11_0
info:  Device properties:
info:    Device : Intel(R) UHD Graphics 620 (KBL GT2)
info:    Driver : Intel open-source Mesa driver 24.2.2
info:  Enabled device extensions:
info:    VK_EXT_attachment_feedback_loop_layout
info:    VK_EXT_conservative_rasterization
info:    VK_EXT_custom_border_color
info:    VK_EXT_depth_bias_control
info:    VK_EXT_depth_clip_enable
info:    VK_EXT_extended_dynamic_state3
info:    VK_EXT_fragment_shader_interlock
info:    VK_EXT_graphics_pipeline_library
info:    VK_EXT_non_seamless_cube_map
info:    VK_EXT_robustness2
info:    VK_EXT_shader_module_identifier
info:    VK_EXT_shader_stencil_export
info:    VK_EXT_swapchain_maintenance1
info:    VK_EXT_transform_feedback
info:    VK_EXT_vertex_attribute_divisor
info:    VK_KHR_maintenance5
info:    VK_KHR_pipeline_library
info:    VK_KHR_present_id
info:    VK_KHR_present_wait
info:    VK_KHR_swapchain
info:  Device features:
info:    robustBufferAccess                     : 1
info:    fullDrawIndexUint32                    : 1
info:    imageCubeArray                         : 1
info:    independentBlend                       : 1
info:    geometryShader                         : 1
info:    tessellationShader                     : 1
info:    sampleRateShading                      : 1
info:    dualSrcBlend                           : 1
info:    logicOp                                : 1
info:    multiDrawIndirect                      : 1
info:    drawIndirectFirstInstance              : 1
info:    depthClamp                             : 1
info:    depthBiasClamp                         : 1
info:    fillModeNonSolid                       : 1
info:    depthBounds                            : 0
info:    wideLines                              : 0
info:    multiViewport                          : 1
info:    samplerAnisotropy                      : 1
info:    textureCompressionBC                   : 1
info:    occlusionQueryPrecise                  : 1
info:    pipelineStatisticsQuery                : 1
info:    vertexPipelineStoresAndAtomics         : 1
info:    fragmentStoresAndAtomics               : 1
info:    shaderImageGatherExtended              : 1
info:    shaderClipDistance                     : 1
info:    shaderCullDistance                     : 1
info:    shaderFloat64                          : 1
info:    shaderInt64                            : 1
info:    variableMultisampleRate                : 1
info:    shaderResourceResidency                : 0
info:    shaderResourceMinLod                   : 1
info:    sparseBinding                          : 0
info:    sparseResidencyBuffer                  : 0
info:    sparseResidencyImage2D                 : 0
info:    sparseResidencyImage3D                 : 0
info:    sparseResidency2Samples                : 0
info:    sparseResidency4Samples                : 0
info:    sparseResidency8Samples                : 0
info:    sparseResidency16Samples               : 0
info:    sparseResidencyAliased                 : 0
info:  Vulkan 1.1
info:    shaderDrawParameters                   : 1
info:  Vulkan 1.2
info:    samplerMirrorClampToEdge               : 1
info:    drawIndirectCount                      : 1
info:    samplerFilterMinmax                    : 1
info:    hostQueryReset                         : 1
info:    timelineSemaphore                      : 1
info:    bufferDeviceAddress                    : 0
info:    shaderOutputViewportIndex              : 1
info:    shaderOutputLayer                      : 1
info:    vulkanMemoryModel                      : 1
info:  Vulkan 1.3
info:    robustImageAccess                      : 0
info:    pipelineCreationCacheControl           : 1
info:    shaderDemoteToHelperInvocation         : 1
info:    shaderZeroInitializeWorkgroupMemory    : 0
info:    synchronization2                       : 1
info:    dynamicRendering                       : 1
info:  VK_AMD_shader_fragment_mask
info:    extension supported                    : 0
info:  VK_EXT_attachment_feedback_loop_layout
info:    attachmentFeedbackLoopLayout           : 0
info:  VK_EXT_conservative_rasterization
info:    extension supported                    : 1
info:  VK_EXT_custom_border_color
info:    customBorderColors                     : 1
info:    customBorderColorWithoutFormat         : 1
info:  VK_EXT_depth_clip_enable
info:    depthClipEnable                        : 1
info:  VK_EXT_depth_bias_control
info:    depthBiasControl                       : 1
info:    leastRepresentableValueForceUnormRepresentation : 0
info:    floatRepresentation                    : 0
info:    depthBiasExact                         : 1
info:  VK_EXT_extended_dynamic_state3
info:    extDynamicState3AlphaToCoverageEnable  : 1
info:    extDynamicState3DepthClipEnable        : 1
info:    extDynamicState3RasterizationSamples   : 1
info:    extDynamicState3SampleMask             : 1
info:    extDynamicState3LineRasterizationMode  : 1
info:  VK_EXT_fragment_shader_interlock
info:    fragmentShaderSampleInterlock          : 1
info:    fragmentShaderPixelInterlock           : 1
info:  VK_EXT_full_screen_exclusive
info:    extension supported                    : 0
info:  VK_EXT_graphics_pipeline_library
info:    graphicsPipelineLibrary                : 1
info:  VK_EXT_line_rasterization
info:    rectangularLines                       : 0
info:    smoothLines                            : 0
info:  VK_EXT_memory_budget
info:    extension supported                    : 1
info:  VK_EXT_memory_priority
info:    memoryPriority                         : 0
info:  VK_EXT_non_seamless_cube_map
info:    nonSeamlessCubeMap                     : 0
info:  VK_EXT_robustness2
info:    robustBufferAccess2                    : 1
info:    robustImageAccess2                     : 1
info:    nullDescriptor                         : 1
info:  VK_EXT_shader_module_identifier
info:    shaderModuleIdentifier                 : 1
info:  VK_EXT_shader_stencil_export
info:    extension supported                    : 1
info:  VK_EXT_swapchain_colorspace
info:    extension supported                    : 0
info:  VK_EXT_swapchain_maintenance1
info:    swapchainMaintenance1                  : 1
info:  VK_EXT_hdr_metadata
info:    extension supported                    : 0
info:  VK_EXT_transform_feedback
info:    transformFeedback                      : 1
info:    geometryStreams                        : 1
info:  VK_EXT_vertex_attribute_divisor
info:    vertexAttributeInstanceRateDivisor     : 1
info:    vertexAttributeInstanceRateZeroDivisor : 1
info:  VK_KHR_external_memory_win32
info:    extension supported                    : 0
info:  VK_KHR_external_semaphore_win32
info:    extension supported                    : 0
info:  VK_KHR_maintenance5
info:    maintenance5                           : 1
info:  VK_KHR_present_id
info:    presentId                              : 1
info:  VK_KHR_present_wait
info:    presentWait                            : 1
info:  VK_NV_descriptor_pool_overallocation
info:    descriptorPoolOverallocation           : 0
info:  VK_NV_raw_access_chains
info:    shaderRawAccessChains                  : 0
info:  VK_NVX_binary_import
info:    extension supported                    : 0
info:  VK_NVX_image_view_handle
info:    extension supported                    : 0
info:  VK_KHR_win32_keyed_mutex
info:    extension supported                    : 0
info:  Queue families:
info:    Graphics : 0
info:    Transfer : 0
info:    Sparse   : n/a
info:  DXVK: Read 3 valid state cache entries
info:  DXVK: Graphics pipeline libraries supported
012c:fixme:system:NtUserQueryDisplayConfig flags 0x2, paths_count 0xb9dba8, paths 0x14c4e60, modes_count 0xb9dbac, modes 0x14b5010, topology_id (nil) semi-stub
012c:fixme:system:NtUserQueryDisplayConfig flags 0x2, paths_count 0xb9a78c, paths 0x14c4e60, modes_count 0xb9a7f0, modes 0x14b5090, topology_id (nil) semi-stub
err:   readMonitorEdidFromKey: Failed to get EDID reg key size
err:   DXGI: Failed to parse display metadata + colorimetry info, using blank.
012c:fixme:system:NtUserQueryDisplayConfig flags 0x2, paths_count 0xb9dba8, paths 0x14c4e60, modes_count 0xb9dbac, modes 0x14b5010, topology_id (nil) semi-stub
info:  D3D11InternalCreateDevice: Maximum supported feature level: D3D_FEATURE_LEVEL_11_1
info:  D3D11InternalCreateDevice: Using feature level D3D_FEATURE_LEVEL_11_0
info:  Device properties:
info:    Device : Intel(R) UHD Graphics 620 (KBL GT2)
info:    Driver : Intel open-source Mesa driver 24.2.2
info:  Enabled device extensions:
info:    VK_EXT_attachment_feedback_loop_layout
info:    VK_EXT_conservative_rasterization
info:    VK_EXT_custom_border_color
info:    VK_EXT_depth_bias_control
info:    VK_EXT_depth_clip_enable
info:    VK_EXT_extended_dynamic_state3
info:    VK_EXT_fragment_shader_interlock
info:    VK_EXT_graphics_pipeline_library
info:    VK_EXT_non_seamless_cube_map
info:    VK_EXT_robustness2
info:    VK_EXT_shader_module_identifier
info:    VK_EXT_shader_stencil_export
info:    VK_EXT_swapchain_maintenance1
info:    VK_EXT_transform_feedback
info:    VK_EXT_vertex_attribute_divisor
info:    VK_KHR_maintenance5
info:    VK_KHR_pipeline_library
info:    VK_KHR_present_id
info:    VK_KHR_present_wait
info:    VK_KHR_swapchain
info:  Device features:
info:    robustBufferAccess                     : 1
info:    fullDrawIndexUint32                    : 1
info:    imageCubeArray                         : 1
info:    independentBlend                       : 1
info:    geometryShader                         : 1
info:    tessellationShader                     : 1
info:    sampleRateShading                      : 1
info:    dualSrcBlend                           : 1
info:    logicOp                                : 1
info:    multiDrawIndirect                      : 1
info:    drawIndirectFirstInstance              : 1
info:    depthClamp                             : 1
info:    depthBiasClamp                         : 1
info:    fillModeNonSolid                       : 1
info:    depthBounds                            : 0
info:    wideLines                              : 0
info:    multiViewport                          : 1
info:    samplerAnisotropy                      : 1
info:    textureCompressionBC                   : 1
info:    occlusionQueryPrecise                  : 1
info:    pipelineStatisticsQuery                : 1
info:    vertexPipelineStoresAndAtomics         : 1
info:    fragmentStoresAndAtomics               : 1
info:    shaderImageGatherExtended              : 1
info:    shaderClipDistance                     : 1
info:    shaderCullDistance                     : 1
info:    shaderFloat64                          : 1
info:    shaderInt64                            : 1
info:    variableMultisampleRate                : 1
info:    shaderResourceResidency                : 0
info:    shaderResourceMinLod                   : 1
info:    sparseBinding                          : 0
info:    sparseResidencyBuffer                  : 0
info:    sparseResidencyImage2D                 : 0
info:    sparseResidencyImage3D                 : 0
info:    sparseResidency2Samples                : 0
info:    sparseResidency4Samples                : 0
info:    sparseResidency8Samples                : 0
info:    sparseResidency16Samples               : 0
info:    sparseResidencyAliased                 : 0
info:  Vulkan 1.1
info:    shaderDrawParameters                   : 1
info:  Vulkan 1.2
info:    samplerMirrorClampToEdge               : 1
info:    drawIndirectCount                      : 1
info:    samplerFilterMinmax                    : 1
info:    hostQueryReset                         : 1
info:    timelineSemaphore                      : 1
info:    bufferDeviceAddress                    : 0
info:    shaderOutputViewportIndex              : 1
info:    shaderOutputLayer                      : 1
info:    vulkanMemoryModel                      : 1
info:  Vulkan 1.3
info:    robustImageAccess                      : 0
info:    pipelineCreationCacheControl           : 1
info:    shaderDemoteToHelperInvocation         : 1
info:    shaderZeroInitializeWorkgroupMemory    : 0
info:    synchronization2                       : 1
info:    dynamicRendering                       : 1
info:  VK_AMD_shader_fragment_mask
info:    extension supported                    : 0
info:  VK_EXT_attachment_feedback_loop_layout
info:    attachmentFeedbackLoopLayout           : 0
info:  VK_EXT_conservative_rasterization
info:    extension supported                    : 1
info:  VK_EXT_custom_border_color
info:    customBorderColors                     : 1
info:    customBorderColorWithoutFormat         : 1
info:  VK_EXT_depth_clip_enable
info:    depthClipEnable                        : 1
info:  VK_EXT_depth_bias_control
info:    depthBiasControl                       : 1
info:    leastRepresentableValueForceUnormRepresentation : 0
info:    floatRepresentation                    : 0
info:    depthBiasExact                         : 1
info:  VK_EXT_extended_dynamic_state3
info:    extDynamicState3AlphaToCoverageEnable  : 1
info:    extDynamicState3DepthClipEnable        : 1
info:    extDynamicState3RasterizationSamples   : 1
info:    extDynamicState3SampleMask             : 1
info:    extDynamicState3LineRasterizationMode  : 1
info:  VK_EXT_fragment_shader_interlock
info:    fragmentShaderSampleInterlock          : 1
info:    fragmentShaderPixelInterlock           : 1
info:  VK_EXT_full_screen_exclusive
info:    extension supported                    : 0
info:  VK_EXT_graphics_pipeline_library
info:    graphicsPipelineLibrary                : 1
info:  VK_EXT_line_rasterization
info:    rectangularLines                       : 0
info:    smoothLines                            : 0
info:  VK_EXT_memory_budget
info:    extension supported                    : 1
info:  VK_EXT_memory_priority
info:    memoryPriority                         : 0
info:  VK_EXT_non_seamless_cube_map
info:    nonSeamlessCubeMap                     : 0
info:  VK_EXT_robustness2
info:    robustBufferAccess2                    : 1
info:    robustImageAccess2                     : 1
info:    nullDescriptor                         : 1
info:  VK_EXT_shader_module_identifier
info:    shaderModuleIdentifier                 : 1
info:  VK_EXT_shader_stencil_export
info:    extension supported                    : 1
info:  VK_EXT_swapchain_colorspace
info:    extension supported                    : 0
info:  VK_EXT_swapchain_maintenance1
info:    swapchainMaintenance1                  : 1
info:  VK_EXT_hdr_metadata
info:    extension supported                    : 0
info:  VK_EXT_transform_feedback
info:    transformFeedback                      : 1
info:    geometryStreams                        : 1
info:  VK_EXT_vertex_attribute_divisor
info:    vertexAttributeInstanceRateDivisor     : 1
info:    vertexAttributeInstanceRateZeroDivisor : 1
info:  VK_KHR_external_memory_win32
info:    extension supported                    : 0
info:  VK_KHR_external_semaphore_win32
info:    extension supported                    : 0
info:  VK_KHR_maintenance5
info:    maintenance5                           : 1
info:  VK_KHR_present_id
info:    presentId                              : 1
info:  VK_KHR_present_wait
info:    presentWait                            : 1
info:  VK_NV_descriptor_pool_overallocation
info:    descriptorPoolOverallocation           : 0
info:  VK_NV_raw_access_chains
info:    shaderRawAccessChains                  : 0
info:  VK_NVX_binary_import
info:    extension supported                    : 0
info:  VK_NVX_image_view_handle
info:    extension supported                    : 0
info:  VK_KHR_win32_keyed_mutex
info:    extension supported                    : 0
info:  Queue families:
info:    Graphics : 0
info:    Transfer : 0
info:    Sparse   : n/a
info:  DXVK: Read 3 valid state cache entries
info:  DXVK: Graphics pipeline libraries supported
warn:  D3D11DXGIDevice::QueryInterface: Unknown interface query
warn:  a7aa6116-9c8d-4bba-9083-b4d816b71b78
warn:  D3D11DXGIDevice::QueryInterface: Unknown interface query
warn:  ccffef16-7b69-468f-bce3-cd953369a39a
012c:fixme:system:NtUserQueryDisplayConfig flags 0x2, paths_count 0xb9c1f8, paths 0x14c4eb0, modes_count 0xb9c1fc, modes 0x14c0d20, topology_id (nil) semi-stub
012c:fixme:system:NtUserQueryDisplayConfig flags 0x2, paths_count 0xb9c1f8, paths 0x14c4eb0, modes_count 0xb9c1fc, modes 0x14c0d20, topology_id (nil) semi-stub
012c:fixme:win:RegisterTouchWindow hwnd 000000000002008E, flags 0 stub!
info:  Presenter: Actual swap chain properties:
info:    Format:       VK_FORMAT_B8G8R8A8_UNORM
info:    Color space:  VK_COLOR_SPACE_SRGB_NONLINEAR_KHR
info:    Present mode: VK_PRESENT_MODE_IMMEDIATE_KHR (dynamic: yes)
info:    Buffer size:  1920x1080
info:    Image count:  4
info:    Exclusive FS: 1
warn:  DXGI: MakeWindowAssociation: Ignoring flags
info:  Presenter: Actual swap chain properties:
info:    Format:       VK_FORMAT_B8G8R8A8_UNORM
info:    Color space:  VK_COLOR_SPACE_SRGB_NONLINEAR_KHR
info:    Present mode: VK_PRESENT_MODE_IMMEDIATE_KHR (dynamic: yes)
info:    Buffer size:  1920x1080
info:    Image count:  4
info:    Exclusive FS: 1
info:  DXVK: Using 8 compiler threads
024c:fixme:kernelbase:AppPolicyGetThreadInitializationType FFFFFFFFFFFFFFFA, 0000000048D8FF50
0250:fixme:kernelbase:AppPolicyGetThreadInitializationType FFFFFFFFFFFFFFFA, 000000004990FF50
info:  Presenter: Actual swap chain properties:
info:    Format:       VK_FORMAT_B8G8R8A8_UNORM
info:    Color space:  VK_COLOR_SPACE_SRGB_NONLINEAR_KHR
info:    Present mode: VK_PRESENT_MODE_IMMEDIATE_KHR (dynamic: yes)
info:    Buffer size:  1920x1080
info:    Image count:  4
info:    Exclusive FS: 1
info:  Presenter: Actual swap chain properties:
info:    Format:       VK_FORMAT_B8G8R8A8_UNORM
info:    Color space:  VK_COLOR_SPACE_SRGB_NONLINEAR_KHR
info:    Present mode: VK_PRESENT_MODE_IMMEDIATE_KHR (dynamic: yes)
info:    Buffer size:  1280x720
info:    Image count:  4
info:    Exclusive FS: 1
info:  Presenter: Actual swap chain properties:
info:    Format:       VK_FORMAT_B8G8R8A8_UNORM
info:    Color space:  VK_COLOR_SPACE_SRGB_NONLINEAR_KHR
info:    Present mode: VK_PRESENT_MODE_FIFO_KHR (dynamic: yes)
info:    Buffer size:  1024x768
info:    Image count:  4
info:    Exclusive FS: 1
012c:fixme:msctf:ThreadMgr_Destructor Left Over ITfDocumentMgr.  Should we do something with it?
0124:fixme:kernelbase:AppPolicyGetProcessTerminationMethod FFFFFFFFFFFFFFFA, 0000000000B9FEB0
gamemodeauto: 
============= End of log =============