[Core] INFO: Trying to re-use existing login session...
[cli] INFO: Install candidate is DLC
[cli] INFO: Preparing download for "Fallout New Vegas®: Old World Blues" (c8dae1ab0570475a8b38a9041e614840)...
[Core] INFO: Parsing game manifest...
[Core] INFO: Install path: /home/hdd2/FalloutNewVegas
[Core] INFO: Selected CDN: fastly-download.epicgames.com (https)
[DLM] INFO: Found 0 missing files.
[cli] INFO: Install size: 3650.31 MiB
[cli] INFO: Download size: 834.48 MiB (Compression savings: 32.9%)
[cli] INFO: Reusable size: 0.00 MiB (chunks) / 0.00 MiB (unchanged / skipped)
[cli] INFO: Downloads are resumable, you can interrupt the download with CTRL-C and resume it using the same command later on.
[DLManager] INFO: Download Manager running with process-id: 25836
[DLManager] INFO: Starting download workers...
[DLManager] INFO: Starting file writing worker...
[DLManager] INFO: = Progress: 0.00% (0/3747), Running for 00:00:00, ETA: 00:00:00
[DLManager] INFO:  - Downloaded: 0.00 MiB, Written: 0.00 MiB
[DLManager] INFO:  - Cache usage: 2.00 MiB, active tasks: 1
[DLManager] INFO:  + Download	- 0.00 MiB/s (raw) / 0.00 MiB/s (decompressed)
[DLManager] INFO:  + Disk	- 0.00 MiB/s (write) / 0.00 MiB/s (read)
[DLManager] INFO: = Progress: 0.00% (0/3747), Running for 00:00:00, ETA: 00:00:00
[DLManager] INFO:  - Downloaded: 0.00 MiB, Written: 0.00 MiB
[DLManager] INFO:  - Cache usage: 32.00 MiB, active tasks: 32
[DLManager] INFO:  + Download	- 0.00 MiB/s (raw) / 0.00 MiB/s (decompressed)
[DLManager] INFO:  + Disk	- 0.00 MiB/s (write) / 0.00 MiB/s (read)
[DLManager] INFO: = Progress: 0.08% (3/3747), Running for 00:00:02, ETA: 00:41:42
[DLManager] INFO:  - Downloaded: 12.80 MiB, Written: 2.11 MiB
[DLManager] INFO:  - Cache usage: 56.00 MiB, active tasks: 32
[DLManager] INFO:  + Download	- 12.78 MiB/s (raw) / 24.95 MiB/s (decompressed)
[DLManager] INFO:  + Disk	- 2.10 MiB/s (write) / 0.00 MiB/s (read)
[DLManager] INFO: = Progress: 0.08% (3/3747), Running for 00:00:03, ETA: 01:02:32
[DLManager] INFO:  - Downloaded: 25.27 MiB, Written: 2.11 MiB
[DLManager] INFO:  - Cache usage: 84.00 MiB, active tasks: 32
[DLManager] INFO:  + Download	- 12.45 MiB/s (raw) / 27.96 MiB/s (decompressed)
[DLManager] INFO:  + Disk	- 0.00 MiB/s (write) / 0.00 MiB/s (read)
[DLManager] INFO: = Progress: 0.08% (3/3747), Running for 00:00:04, ETA: 01:23:21
[DLManager] INFO:  - Downloaded: 37.62 MiB, Written: 2.11 MiB
[DLManager] INFO:  - Cache usage: 115.00 MiB, active tasks: 32
[DLManager] INFO:  + Download	- 12.34 MiB/s (raw) / 30.98 MiB/s (decompressed)
[DLManager] INFO:  + Disk	- 0.00 MiB/s (write) / 0.00 MiB/s (read)
[DLManager] INFO: = Progress: 0.08% (3/3747), Running for 00:00:05, ETA: 01:44:10
[DLManager] INFO:  - Downloaded: 49.79 MiB, Written: 2.11 MiB
[DLManager] INFO:  - Cache usage: 144.00 MiB, active tasks: 32
[DLManager] INFO:  + Download	- 12.16 MiB/s (raw) / 28.97 MiB/s (decompressed)
[DLManager] INFO:  + Disk	- 0.00 MiB/s (write) / 0.00 MiB/s (read)
[DLManager] INFO: = Progress: 0.08% (3/3747), Running for 00:00:06, ETA: 02:05:00
[DLManager] INFO:  - Downloaded: 61.07 MiB, Written: 2.11 MiB
[DLManager] INFO:  - Cache usage: 166.00 MiB, active tasks: 32
[DLManager] INFO:  + Download	- 11.27 MiB/s (raw) / 21.97 MiB/s (decompressed)
[DLManager] INFO:  + Disk	- 0.00 MiB/s (write) / 0.00 MiB/s (read)
[DLManager] INFO: = Progress: 0.08% (3/3747), Running for 00:00:07, ETA: 02:25:49
[DLManager] INFO:  - Downloaded: 72.59 MiB, Written: 2.11 MiB
[DLManager] INFO:  - Cache usage: 186.00 MiB, active tasks: 32
[DLManager] INFO:  + Download	- 11.50 MiB/s (raw) / 19.97 MiB/s (decompressed)
[DLManager] INFO:  + Disk	- 0.00 MiB/s (write) / 0.00 MiB/s (read)
[DLManager] INFO: = Progress: 4.08% (153/3747), Running for 00:00:08, ETA: 00:03:08
[DLManager] INFO:  - Downloaded: 84.42 MiB, Written: 152.11 MiB
[DLManager] INFO:  - Cache usage: 195.00 MiB, active tasks: 32
[DLManager] INFO:  + Download	- 11.81 MiB/s (raw) / 18.98 MiB/s (decompressed)
[DLManager] INFO:  + Disk	- 149.85 MiB/s (write) / 0.00 MiB/s (read)
[DLManager] INFO: = Progress: 4.30% (161/3747), Running for 00:00:09, ETA: 00:03:20
[DLManager] INFO:  - Downloaded: 93.86 MiB, Written: 160.11 MiB
[DLManager] INFO:  - Cache usage: 214.00 MiB, active tasks: 32
[DLManager] INFO:  + Download	- 9.42 MiB/s (raw) / 18.97 MiB/s (decompressed)
[DLManager] INFO:  + Disk	- 7.99 MiB/s (write) / 0.00 MiB/s (read)
[DLManager] INFO: = Progress: 4.67% (175/3747), Running for 00:00:10, ETA: 00:03:24
[DLManager] INFO:  - Downloaded: 109.24 MiB, Written: 174.11 MiB
[DLManager] INFO:  - Cache usage: 234.00 MiB, active tasks: 32
[DLManager] INFO:  + Download	- 15.36 MiB/s (raw) / 21.97 MiB/s (decompressed)
[DLManager] INFO:  + Disk	- 13.98 MiB/s (write) / 0.00 MiB/s (read)
[DLManager] INFO: = Progress: 4.67% (175/3747), Running for 00:00:11, ETA: 00:03:44
[DLManager] INFO:  - Downloaded: 120.55 MiB, Written: 174.11 MiB
[DLManager] INFO:  - Cache usage: 247.00 MiB, active tasks: 32
[DLManager] INFO:  + Download	- 11.30 MiB/s (raw) / 12.98 MiB/s (decompressed)
[DLManager] INFO:  + Disk	- 0.00 MiB/s (write) / 0.00 MiB/s (read)
[DLManager] INFO: = Progress: 4.67% (175/3747), Running for 00:00:12, ETA: 00:04:05
[DLManager] INFO:  - Downloaded: 131.54 MiB, Written: 174.11 MiB
[DLManager] INFO:  - Cache usage: 260.00 MiB, active tasks: 32
[DLManager] INFO:  + Download	- 10.97 MiB/s (raw) / 12.98 MiB/s (decompressed)
[DLManager] INFO:  + Disk	- 0.00 MiB/s (write) / 0.00 MiB/s (read)
[DLManager] INFO: = Progress: 4.67% (175/3747), Running for 00:00:13, ETA: 00:04:25
[DLManager] INFO:  - Downloaded: 143.38 MiB, Written: 174.11 MiB
[DLManager] INFO:  - Cache usage: 278.00 MiB, active tasks: 32
[DLManager] INFO:  + Download	- 11.84 MiB/s (raw) / 17.99 MiB/s (decompressed)
[DLManager] INFO:  + Disk	- 0.00 MiB/s (write) / 0.00 MiB/s (read)
[DLManager] INFO: = Progress: 5.28% (198/3747), Running for 00:00:14, ETA: 00:04:11
[DLManager] INFO:  - Downloaded: 155.77 MiB, Written: 197.11 MiB
[DLManager] INFO:  - Cache usage: 298.00 MiB, active tasks: 32
[DLManager] INFO:  + Download	- 12.37 MiB/s (raw) / 21.97 MiB/s (decompressed)
[DLManager] INFO:  + Disk	- 22.97 MiB/s (write) / 0.00 MiB/s (read)
[DLManager] INFO: = Progress: 6.30% (236/3747), Running for 00:00:15, ETA: 00:03:43
[DLManager] INFO:  - Downloaded: 168.26 MiB, Written: 235.11 MiB
[DLManager] INFO:  - Cache usage: 301.00 MiB, active tasks: 32
[DLManager] INFO:  + Download	- 12.49 MiB/s (raw) / 23.98 MiB/s (decompressed)
[DLManager] INFO:  + Disk	- 37.97 MiB/s (write) / 0.00 MiB/s (read)
[DLManager] INFO: = Progress: 7.77% (291/3747), Running for 00:00:16, ETA: 00:03:10
[DLManager] INFO:  - Downloaded: 179.56 MiB, Written: 290.11 MiB
[DLManager] INFO:  - Cache usage: 304.00 MiB, active tasks: 32
[DLManager] INFO:  + Download	- 11.28 MiB/s (raw) / 20.97 MiB/s (decompressed)
[DLManager] INFO:  + Disk	- 54.93 MiB/s (write) / 0.00 MiB/s (read)
[DLManager] INFO: = Progress: 7.98% (299/3747), Running for 00:00:17, ETA: 00:03:16
[DLManager] INFO:  - Downloaded: 189.70 MiB, Written: 298.11 MiB
[DLManager] INFO:  - Cache usage: 324.00 MiB, active tasks: 32
[DLManager] INFO:  + Download	- 10.13 MiB/s (raw) / 19.97 MiB/s (decompressed)
[DLManager] INFO:  + Disk	- 7.99 MiB/s (write) / 0.00 MiB/s (read)
[DLManager] INFO: = Progress: 7.98% (299/3747), Running for 00:00:18, ETA: 00:03:27
[DLManager] INFO:  - Downloaded: 201.87 MiB, Written: 298.11 MiB
[DLManager] INFO:  - Cache usage: 345.00 MiB, active tasks: 32
[DLManager] INFO:  + Download	- 12.16 MiB/s (raw) / 20.97 MiB/s (decompressed)
[DLManager] INFO:  + Disk	- 0.00 MiB/s (write) / 0.00 MiB/s (read)
[DLManager] INFO: = Progress: 8.33% (312/3747), Running for 00:00:19, ETA: 00:03:29
[DLManager] INFO:  - Downloaded: 214.89 MiB, Written: 311.11 MiB
[DLManager] INFO:  - Cache usage: 366.00 MiB, active tasks: 32
[DLManager] INFO:  + Download	- 13.01 MiB/s (raw) / 20.99 MiB/s (decompressed)
[DLManager] INFO:  + Disk	- 12.99 MiB/s (write) / 0.00 MiB/s (read)
[DLManager] INFO: = Progress: 9.63% (361/3747), Running for 00:00:20, ETA: 00:03:07
[DLManager] INFO:  - Downloaded: 224.81 MiB, Written: 360.11 MiB
[DLManager] INFO:  - Cache usage: 375.00 MiB, active tasks: 32
[DLManager] INFO:  + Download	- 9.91 MiB/s (raw) / 15.98 MiB/s (decompressed)
[DLManager] INFO:  + Disk	- 48.93 MiB/s (write) / 0.00 MiB/s (read)
[DLManager] INFO: = Progress: 9.63% (361/3747), Running for 00:00:21, ETA: 00:03:17
[DLManager] INFO:  - Downloaded: 234.89 MiB, Written: 360.11 MiB
[DLManager] INFO:  - Cache usage: 398.00 MiB, active tasks: 32
[DLManager] INFO:  + Download	- 10.07 MiB/s (raw) / 22.98 MiB/s (decompressed)
[DLManager] INFO:  + Disk	- 0.00 MiB/s (write) / 0.00 MiB/s (read)
[DLManager] INFO: = Progress: 9.63% (361/3747), Running for 00:00:22, ETA: 00:03:26
[DLManager] INFO:  - Downloaded: 245.18 MiB, Written: 360.11 MiB
[DLManager] INFO:  - Cache usage: 415.00 MiB, active tasks: 32
[DLManager] INFO:  + Download	- 10.28 MiB/s (raw) / 16.98 MiB/s (decompressed)
[DLManager] INFO:  + Disk	- 0.00 MiB/s (write) / 0.00 MiB/s (read)
[DLManager] INFO: = Progress: 9.63% (361/3747), Running for 00:00:23, ETA: 00:03:36
[DLManager] INFO:  - Downloaded: 257.29 MiB, Written: 360.11 MiB
[DLManager] INFO:  - Cache usage: 439.00 MiB, active tasks: 32
[DLManager] INFO:  + Download	- 12.09 MiB/s (raw) / 23.97 MiB/s (decompressed)
[DLManager] INFO:  + Disk	- 0.00 MiB/s (write) / 0.00 MiB/s (read)
[DLManager] INFO: = Progress: 10.81% (405/3747), Running for 00:00:24, ETA: 00:03:18
[DLManager] INFO:  - Downloaded: 270.20 MiB, Written: 404.11 MiB
[DLManager] INFO:  - Cache usage: 458.00 MiB, active tasks: 32
[DLManager] INFO:  + Download	- 12.89 MiB/s (raw) / 21.97 MiB/s (decompressed)
[DLManager] INFO:  + Disk	- 43.94 MiB/s (write) / 0.00 MiB/s (read)
[DLManager] INFO: = Progress: 11.64% (436/3747), Running for 00:00:25, ETA: 00:03:10
[DLManager] INFO:  - Downloaded: 280.76 MiB, Written: 435.11 MiB
[DLManager] INFO:  - Cache usage: 476.00 MiB, active tasks: 32
[DLManager] INFO:  + Download	- 10.56 MiB/s (raw) / 19.99 MiB/s (decompressed)
[DLManager] INFO:  + Disk	- 30.98 MiB/s (write) / 0.00 MiB/s (read)
[DLManager] INFO: = Progress: 11.64% (436/3747), Running for 00:00:26, ETA: 00:03:17
[DLManager] INFO:  - Downloaded: 290.97 MiB, Written: 435.11 MiB
[DLManager] INFO:  - Cache usage: 494.00 MiB, active tasks: 32
[DLManager] INFO:  + Download	- 10.19 MiB/s (raw) / 17.98 MiB/s (decompressed)
[DLManager] INFO:  + Disk	- 0.00 MiB/s (write) / 0.00 MiB/s (read)
[DLManager] INFO: = Progress: 12.62% (473/3747), Running for 00:00:27, ETA: 00:03:07
[DLManager] INFO:  - Downloaded: 301.67 MiB, Written: 472.11 MiB
[DLManager] INFO:  - Cache usage: 499.00 MiB, active tasks: 32
[DLManager] INFO:  + Download	- 10.68 MiB/s (raw) / 15.98 MiB/s (decompressed)
[DLManager] INFO:  + Disk	- 36.95 MiB/s (write) / 0.00 MiB/s (read)
[DLManager] INFO: = Progress: 13.26% (497/3747), Running for 00:00:28, ETA: 00:03:03
[DLManager] INFO:  - Downloaded: 318.65 MiB, Written: 496.11 MiB
[DLManager] INFO:  - Cache usage: 518.00 MiB, active tasks: 32
[DLManager] INFO:  + Download	- 16.96 MiB/s (raw) / 20.98 MiB/s (decompressed)
[DLManager] INFO:  + Disk	- 23.98 MiB/s (write) / 0.00 MiB/s (read)
[DLManager] INFO: = Progress: 14.68% (550/3747), Running for 00:00:29, ETA: 00:02:48
[DLManager] INFO:  - Downloaded: 328.38 MiB, Written: 549.11 MiB
[DLManager] INFO:  - Cache usage: 521.00 MiB, active tasks: 32
[DLManager] INFO:  + Download	- 9.72 MiB/s (raw) / 17.98 MiB/s (decompressed)
[DLManager] INFO:  + Disk	- 52.93 MiB/s (write) / 0.00 MiB/s (read)
[DLManager] INFO: = Progress: 14.68% (550/3747), Running for 00:00:30, ETA: 00:02:54
[DLManager] INFO:  - Downloaded: 338.80 MiB, Written: 549.11 MiB
[DLManager] INFO:  - Cache usage: 542.00 MiB, active tasks: 32
[DLManager] INFO:  + Download	- 10.41 MiB/s (raw) / 20.98 MiB/s (decompressed)
[DLManager] INFO:  + Disk	- 0.00 MiB/s (write) / 0.00 MiB/s (read)
[DLManager] INFO: = Progress: 14.68% (550/3747), Running for 00:00:31, ETA: 00:03:00
[DLManager] INFO:  - Downloaded: 348.97 MiB, Written: 549.11 MiB
[DLManager] INFO:  - Cache usage: 565.00 MiB, active tasks: 32
[DLManager] INFO:  + Download	- 10.17 MiB/s (raw) / 22.98 MiB/s (decompressed)
[DLManager] INFO:  + Disk	- 0.00 MiB/s (write) / 0.00 MiB/s (read)
[DLManager] INFO: = Progress: 14.87% (557/3747), Running for 00:00:32, ETA: 00:03:03
[DLManager] INFO:  - Downloaded: 361.59 MiB, Written: 556.11 MiB
[DLManager] INFO:  - Cache usage: 578.00 MiB, active tasks: 32
[DLManager] INFO:  + Download	- 12.60 MiB/s (raw) / 19.97 MiB/s (decompressed)
[DLManager] INFO:  + Disk	- 6.99 MiB/s (write) / 0.00 MiB/s (read)
[DLManager] INFO: = Progress: 14.87% (557/3747), Running for 00:00:33, ETA: 00:03:09
[DLManager] INFO:  - Downloaded: 371.17 MiB, Written: 556.11 MiB
[DLManager] INFO:  - Cache usage: 594.00 MiB, active tasks: 32
[DLManager] INFO:  + Download	- 9.56 MiB/s (raw) / 15.98 MiB/s (decompressed)
[DLManager] INFO:  + Disk	- 0.00 MiB/s (write) / 0.00 MiB/s (read)
[DLManager] INFO: = Progress: 15.05% (564/3747), Running for 00:00:34, ETA: 00:03:12
[DLManager] INFO:  - Downloaded: 386.28 MiB, Written: 563.11 MiB
[DLManager] INFO:  - Cache usage: 611.00 MiB, active tasks: 32
[DLManager] INFO:  + Download	- 15.10 MiB/s (raw) / 23.98 MiB/s (decompressed)
[DLManager] INFO:  + Disk	- 6.99 MiB/s (write) / 0.00 MiB/s (read)
[DLManager] INFO: = Progress: 17.27% (647/3747), Running for 00:00:35, ETA: 00:02:47
[DLManager] INFO:  - Downloaded: 398.40 MiB, Written: 646.11 MiB
[DLManager] INFO:  - Cache usage: 620.00 MiB, active tasks: 32
[DLManager] INFO:  + Download	- 12.10 MiB/s (raw) / 17.98 MiB/s (decompressed)
[DLManager] INFO:  + Disk	- 82.89 MiB/s (write) / 0.00 MiB/s (read)
[DLManager] INFO: = Progress: 18.23% (683/3747), Running for 00:00:36, ETA: 00:02:41
[DLManager] INFO:  - Downloaded: 411.40 MiB, Written: 681.11 MiB
[DLManager] INFO:  - Cache usage: 635.00 MiB, active tasks: 32
[DLManager] INFO:  + Download	- 12.99 MiB/s (raw) / 16.98 MiB/s (decompressed)
[DLManager] INFO:  + Disk	- 34.96 MiB/s (write) / 0.00 MiB/s (read)
[DLManager] INFO: = Progress: 18.23% (683/3747), Running for 00:00:37, ETA: 00:02:46
[DLManager] INFO:  - Downloaded: 424.14 MiB, Written: 681.11 MiB
[DLManager] INFO:  - Cache usage: 651.00 MiB, active tasks: 32
[DLManager] INFO:  + Download	- 12.73 MiB/s (raw) / 15.99 MiB/s (decompressed)
[DLManager] INFO:  + Disk	- 0.00 MiB/s (write) / 0.00 MiB/s (read)
[DLManager] INFO: = Progress: 18.23% (683/3747), Running for 00:00:38, ETA: 00:02:50
[DLManager] INFO:  - Downloaded: 434.08 MiB, Written: 681.11 MiB
[DLManager] INFO:  - Cache usage: 663.00 MiB, active tasks: 32
[DLManager] INFO:  + Download	- 9.93 MiB/s (raw) / 11.99 MiB/s (decompressed)
[DLManager] INFO:  + Disk	- 0.00 MiB/s (write) / 0.00 MiB/s (read)
[DLManager] INFO: = Progress: 18.47% (692/3747), Running for 00:00:39, ETA: 00:02:52
[DLManager] INFO:  - Downloaded: 447.68 MiB, Written: 690.11 MiB
[DLManager] INFO:  - Cache usage: 679.00 MiB, active tasks: 32
[DLManager] INFO:  + Download	- 13.58 MiB/s (raw) / 15.98 MiB/s (decompressed)
[DLManager] INFO:  + Disk	- 8.99 MiB/s (write) / 0.00 MiB/s (read)
[DLManager] INFO: = Progress: 18.47% (692/3747), Running for 00:00:40, ETA: 00:02:56
[DLManager] INFO:  - Downloaded: 457.60 MiB, Written: 690.11 MiB
[DLManager] INFO:  - Cache usage: 691.00 MiB, active tasks: 32
[DLManager] INFO:  + Download	- 9.90 MiB/s (raw) / 11.98 MiB/s (decompressed)
[DLManager] INFO:  + Disk	- 0.00 MiB/s (write) / 0.00 MiB/s (read)
[DLManager] INFO: = Progress: 18.47% (692/3747), Running for 00:00:41, ETA: 00:03:01
[DLManager] INFO:  - Downloaded: 472.90 MiB, Written: 690.11 MiB
[DLManager] INFO:  - Cache usage: 709.00 MiB, active tasks: 32
[DLManager] INFO:  + Download	- 15.27 MiB/s (raw) / 17.97 MiB/s (decompressed)
[DLManager] INFO:  + Disk	- 0.00 MiB/s (write) / 0.00 MiB/s (read)
[DLManager] INFO: = Progress: 18.47% (692/3747), Running for 00:00:42, ETA: 00:03:05
[DLManager] INFO:  - Downloaded: 483.94 MiB, Written: 690.11 MiB
[DLManager] INFO:  - Cache usage: 722.00 MiB, active tasks: 32
[DLManager] INFO:  + Download	- 11.03 MiB/s (raw) / 12.98 MiB/s (decompressed)
[DLManager] INFO:  + Disk	- 0.00 MiB/s (write) / 0.00 MiB/s (read)
[DLManager] INFO: = Progress: 18.47% (692/3747), Running for 00:00:43, ETA: 00:03:10
[DLManager] INFO:  - Downloaded: 497.45 MiB, Written: 690.11 MiB
[DLManager] INFO:  - Cache usage: 738.00 MiB, active tasks: 32
[DLManager] INFO:  + Download	- 13.49 MiB/s (raw) / 15.98 MiB/s (decompressed)
[DLManager] INFO:  + Disk	- 0.00 MiB/s (write) / 0.00 MiB/s (read)
[DLManager] INFO: = Progress: 25.91% (971/3747), Running for 00:00:44, ETA: 00:02:05
[DLManager] INFO:  - Downloaded: 509.35 MiB, Written: 959.43 MiB
[DLManager] INFO:  - Cache usage: 716.00 MiB, active tasks: 32
[DLManager] INFO:  + Download	- 11.88 MiB/s (raw) / 16.98 MiB/s (decompressed)
[DLManager] INFO:  + Disk	- 268.97 MiB/s (write) / 0.00 MiB/s (read)
[DLManager] INFO: = Progress: 25.91% (971/3747), Running for 00:00:45, ETA: 00:02:08
[DLManager] INFO:  - Downloaded: 520.98 MiB, Written: 959.43 MiB
[DLManager] INFO:  - Cache usage: 732.00 MiB, active tasks: 32
[DLManager] INFO:  + Download	- 11.63 MiB/s (raw) / 15.99 MiB/s (decompressed)
[DLManager] INFO:  + Disk	- 0.00 MiB/s (write) / 0.00 MiB/s (read)
[DLManager] INFO: = Progress: 26.10% (978/3747), Running for 00:00:46, ETA: 00:02:10
[DLManager] INFO:  - Downloaded: 533.96 MiB, Written: 966.43 MiB
[DLManager] INFO:  - Cache usage: 741.00 MiB, active tasks: 32
[DLManager] INFO:  + Download	- 12.97 MiB/s (raw) / 15.98 MiB/s (decompressed)
[DLManager] INFO:  + Disk	- 6.99 MiB/s (write) / 0.00 MiB/s (read)
[DLManager] INFO: = Progress: 31.76% (1190/3747), Running for 00:00:47, ETA: 00:01:41
[DLManager] INFO:  - Downloaded: 544.74 MiB, Written: 1174.00 MiB
[DLManager] INFO:  - Cache usage: 715.00 MiB, active tasks: 32
[DLManager] INFO:  + Download	- 10.77 MiB/s (raw) / 11.98 MiB/s (decompressed)
[DLManager] INFO:  + Disk	- 207.30 MiB/s (write) / 0.00 MiB/s (read)
[DLManager] INFO: = Progress: 34.45% (1291/3747), Running for 00:00:48, ETA: 00:01:31
[DLManager] INFO:  - Downloaded: 561.12 MiB, Written: 1272.57 MiB
[DLManager] INFO:  - Cache usage: 722.00 MiB, active tasks: 32
[DLManager] INFO:  + Download	- 16.37 MiB/s (raw) / 18.99 MiB/s (decompressed)
[DLManager] INFO:  + Disk	- 98.50 MiB/s (write) / 0.00 MiB/s (read)
[DLManager] INFO: = Progress: 35.33% (1324/3747), Running for 00:00:49, ETA: 00:01:29
[DLManager] INFO:  - Downloaded: 571.54 MiB, Written: 1304.07 MiB
[DLManager] INFO:  - Cache usage: 711.00 MiB, active tasks: 32
[DLManager] INFO:  + Download	- 10.40 MiB/s (raw) / 11.98 MiB/s (decompressed)
[DLManager] INFO:  + Disk	- 31.46 MiB/s (write) / 0.00 MiB/s (read)
[DLManager] INFO: = Progress: 35.33% (1324/3747), Running for 00:00:50, ETA: 00:01:31
[DLManager] INFO:  - Downloaded: 583.22 MiB, Written: 1304.07 MiB
[DLManager] INFO:  - Cache usage: 725.00 MiB, active tasks: 32
[DLManager] INFO:  + Download	- 11.66 MiB/s (raw) / 13.98 MiB/s (decompressed)
[DLManager] INFO:  + Disk	- 0.00 MiB/s (write) / 0.00 MiB/s (read)
[DLManager] INFO: = Progress: 35.33% (1324/3747), Running for 00:00:51, ETA: 00:01:33
[DLManager] INFO:  - Downloaded: 595.12 MiB, Written: 1304.07 MiB
[DLManager] INFO:  - Cache usage: 739.00 MiB, active tasks: 32
[DLManager] INFO:  + Download	- 11.89 MiB/s (raw) / 13.99 MiB/s (decompressed)
[DLManager] INFO:  + Disk	- 0.00 MiB/s (write) / 0.00 MiB/s (read)
[DLManager] INFO: = Progress: 45.90% (1720/3747), Running for 00:00:52, ETA: 00:01:01
[DLManager] INFO:  - Downloaded: 608.78 MiB, Written: 1685.29 MiB
[DLManager] INFO:  - Cache usage: 711.00 MiB, active tasks: 32
[DLManager] INFO:  + Download	- 13.64 MiB/s (raw) / 15.98 MiB/s (decompressed)
[DLManager] INFO:  + Disk	- 380.73 MiB/s (write) / 0.00 MiB/s (read)
[DLManager] INFO: = Progress: 45.90% (1720/3747), Running for 00:00:53, ETA: 00:01:02
[DLManager] INFO:  - Downloaded: 618.70 MiB, Written: 1685.29 MiB
[DLManager] INFO:  - Cache usage: 727.00 MiB, active tasks: 32
[DLManager] INFO:  + Download	- 9.91 MiB/s (raw) / 15.98 MiB/s (decompressed)
[DLManager] INFO:  + Disk	- 0.00 MiB/s (write) / 0.00 MiB/s (read)
[DLManager] INFO: = Progress: 45.90% (1720/3747), Running for 00:00:54, ETA: 00:01:03
[DLManager] INFO:  - Downloaded: 631.74 MiB, Written: 1685.29 MiB
[DLManager] INFO:  - Cache usage: 745.00 MiB, active tasks: 32
[DLManager] INFO:  + Download	- 13.03 MiB/s (raw) / 17.99 MiB/s (decompressed)
[DLManager] INFO:  + Disk	- 0.00 MiB/s (write) / 0.00 MiB/s (read)
[DLManager] INFO: = Progress: 45.90% (1720/3747), Running for 00:00:55, ETA: 00:01:04
[DLManager] INFO:  - Downloaded: 646.71 MiB, Written: 1685.29 MiB
[DLManager] INFO:  - Cache usage: 762.00 MiB, active tasks: 32
[DLManager] INFO:  + Download	- 14.95 MiB/s (raw) / 16.97 MiB/s (decompressed)
[DLManager] INFO:  + Disk	- 0.00 MiB/s (write) / 0.00 MiB/s (read)
[DLManager] INFO: = Progress: 46.36% (1737/3747), Running for 00:00:56, ETA: 00:01:04
[DLManager] INFO:  - Downloaded: 659.16 MiB, Written: 1702.29 MiB
[DLManager] INFO:  - Cache usage: 759.00 MiB, active tasks: 32
[DLManager] INFO:  + Download	- 12.43 MiB/s (raw) / 13.98 MiB/s (decompressed)
[DLManager] INFO:  + Disk	- 16.98 MiB/s (write) / 0.00 MiB/s (read)
[DLManager] INFO: = Progress: 46.36% (1737/3747), Running for 00:00:57, ETA: 00:01:06
[DLManager] INFO:  - Downloaded: 670.11 MiB, Written: 1702.29 MiB
[DLManager] INFO:  - Cache usage: 772.00 MiB, active tasks: 32
[DLManager] INFO:  + Download	- 10.94 MiB/s (raw) / 12.98 MiB/s (decompressed)
[DLManager] INFO:  + Disk	- 0.00 MiB/s (write) / 0.00 MiB/s (read)
[DLManager] INFO: = Progress: 52.04% (1950/3747), Running for 00:00:58, ETA: 00:00:53
[DLManager] INFO:  - Downloaded: 684.09 MiB, Written: 1910.04 MiB
[DLManager] INFO:  - Cache usage: 754.00 MiB, active tasks: 32
[DLManager] INFO:  + Download	- 13.96 MiB/s (raw) / 15.98 MiB/s (decompressed)
[DLManager] INFO:  + Disk	- 207.48 MiB/s (write) / 0.00 MiB/s (read)
[DLManager] INFO: = Progress: 55.19% (2068/3747), Running for 00:00:59, ETA: 00:00:47
[DLManager] INFO:  - Downloaded: 695.07 MiB, Written: 2026.95 MiB
[DLManager] INFO:  - Cache usage: 733.00 MiB, active tasks: 32
[DLManager] INFO:  + Download	- 10.97 MiB/s (raw) / 12.99 MiB/s (decompressed)
[DLManager] INFO:  + Disk	- 116.80 MiB/s (write) / 0.00 MiB/s (read)
[DLManager] INFO: = Progress: 55.19% (2068/3747), Running for 00:01:00, ETA: 00:00:48
[DLManager] INFO:  - Downloaded: 706.94 MiB, Written: 2026.95 MiB
[DLManager] INFO:  - Cache usage: 747.00 MiB, active tasks: 32
[DLManager] INFO:  + Download	- 11.85 MiB/s (raw) / 13.98 MiB/s (decompressed)
[DLManager] INFO:  + Disk	- 0.00 MiB/s (write) / 0.00 MiB/s (read)
[DLManager] INFO: = Progress: 55.19% (2068/3747), Running for 00:01:01, ETA: 00:00:49
[DLManager] INFO:  - Downloaded: 719.74 MiB, Written: 2026.95 MiB
[DLManager] INFO:  - Cache usage: 764.00 MiB, active tasks: 32
[DLManager] INFO:  + Download	- 12.79 MiB/s (raw) / 16.98 MiB/s (decompressed)
[DLManager] INFO:  + Disk	- 0.00 MiB/s (write) / 0.00 MiB/s (read)
[DLManager] INFO: = Progress: 56.10% (2102/3747), Running for 00:01:02, ETA: 00:00:48
[DLManager] INFO:  - Downloaded: 733.01 MiB, Written: 2058.04 MiB
[DLManager] INFO:  - Cache usage: 776.00 MiB, active tasks: 32
[DLManager] INFO:  + Download	- 13.25 MiB/s (raw) / 18.98 MiB/s (decompressed)
[DLManager] INFO:  + Disk	- 31.05 MiB/s (write) / 0.00 MiB/s (read)
[DLManager] INFO: = Progress: 65.79% (2465/3747), Running for 00:01:03, ETA: 00:00:32
[DLManager] INFO:  - Downloaded: 745.40 MiB, Written: 2407.83 MiB
[DLManager] INFO:  - Cache usage: 763.00 MiB, active tasks: 32
[DLManager] INFO:  + Download	- 12.39 MiB/s (raw) / 14.99 MiB/s (decompressed)
[DLManager] INFO:  + Disk	- 349.67 MiB/s (write) / 0.00 MiB/s (read)
[DLManager] INFO: = Progress: 70.48% (2641/3747), Running for 00:01:04, ETA: 00:00:26
[DLManager] INFO:  - Downloaded: 759.11 MiB, Written: 2579.97 MiB
[DLManager] INFO:  - Cache usage: 733.00 MiB, active tasks: 32
[DLManager] INFO:  + Download	- 13.70 MiB/s (raw) / 15.99 MiB/s (decompressed)
[DLManager] INFO:  + Disk	- 172.08 MiB/s (write) / 0.00 MiB/s (read)
[DLManager] INFO: = Progress: 75.10% (2814/3747), Running for 00:01:05, ETA: 00:00:21
[DLManager] INFO:  - Downloaded: 770.92 MiB, Written: 2749.56 MiB
[DLManager] INFO:  - Cache usage: 707.00 MiB, active tasks: 32
[DLManager] INFO:  + Download	- 11.80 MiB/s (raw) / 13.99 MiB/s (decompressed)
[DLManager] INFO:  + Disk	- 169.48 MiB/s (write) / 0.00 MiB/s (read)
[DLManager] INFO: = Progress: 75.10% (2814/3747), Running for 00:01:06, ETA: 00:00:21
[DLManager] INFO:  - Downloaded: 783.08 MiB, Written: 2749.56 MiB
[DLManager] INFO:  - Cache usage: 721.00 MiB, active tasks: 32
[DLManager] INFO:  + Download	- 12.15 MiB/s (raw) / 13.98 MiB/s (decompressed)
[DLManager] INFO:  + Disk	- 0.00 MiB/s (write) / 0.00 MiB/s (read)
[DLManager] INFO: = Progress: 75.10% (2814/3747), Running for 00:01:07, ETA: 00:00:22
[DLManager] INFO:  - Downloaded: 794.97 MiB, Written: 2749.56 MiB
[DLManager] INFO:  - Cache usage: 736.00 MiB, active tasks: 32
[DLManager] INFO:  + Download	- 11.87 MiB/s (raw) / 14.98 MiB/s (decompressed)
[DLManager] INFO:  + Disk	- 0.00 MiB/s (write) / 0.00 MiB/s (read)
[DLManager] INFO: = Progress: 75.10% (2814/3747), Running for 00:01:08, ETA: 00:00:22
[DLManager] INFO:  - Downloaded: 807.17 MiB, Written: 2749.56 MiB
[DLManager] INFO:  - Cache usage: 750.00 MiB, active tasks: 32
[DLManager] INFO:  + Download	- 12.18 MiB/s (raw) / 13.98 MiB/s (decompressed)
[DLManager] INFO:  + Disk	- 0.00 MiB/s (write) / 0.00 MiB/s (read)
[DLManager] INFO: = Progress: 81.75% (3063/3747), Running for 00:01:09, ETA: 00:00:15
[DLManager] INFO:  - Downloaded: 819.78 MiB, Written: 2985.66 MiB
[DLManager] INFO:  - Cache usage: 666.00 MiB, active tasks: 21
[DLManager] INFO:  + Download	- 12.59 MiB/s (raw) / 15.98 MiB/s (decompressed)
[DLManager] INFO:  + Disk	- 235.78 MiB/s (write) / 0.00 MiB/s (read)
[DLManager] INFO: = Progress: 86.50% (3241/3747), Running for 00:01:10, ETA: 00:00:10
[DLManager] INFO:  - Downloaded: 827.27 MiB, Written: 3160.60 MiB
[DLManager] INFO:  - Cache usage: 491.00 MiB, active tasks: 8
[DLManager] INFO:  + Download	- 7.49 MiB/s (raw) / 12.98 MiB/s (decompressed)
[DLManager] INFO:  + Disk	- 174.72 MiB/s (write) / 0.00 MiB/s (read)
[DLManager] INFO: = Progress: 86.50% (3241/3747), Running for 00:01:11, ETA: 00:00:11
[DLManager] INFO:  - Downloaded: 829.12 MiB, Written: 3160.60 MiB
[DLManager] INFO:  - Cache usage: 491.00 MiB, active tasks: 6
[DLManager] INFO:  + Download	- 1.84 MiB/s (raw) / 2.00 MiB/s (decompressed)
[DLManager] INFO:  + Disk	- 0.00 MiB/s (write) / 0.00 MiB/s (read)
[DLManager] INFO: = Progress: 86.58% (3244/3747), Running for 00:01:12, ETA: 00:00:11
[DLManager] INFO:  - Downloaded: 830.95 MiB, Written: 3163.60 MiB
[DLManager] INFO:  - Cache usage: 488.00 MiB, active tasks: 4
[DLManager] INFO:  + Download	- 1.83 MiB/s (raw) / 2.00 MiB/s (decompressed)
[DLManager] INFO:  + Disk	- 3.00 MiB/s (write) / 0.00 MiB/s (read)
[DLManager] INFO: = Progress: 87.43% (3276/3747), Running for 00:01:13, ETA: 00:00:10
[DLManager] INFO:  - Downloaded: 833.51 MiB, Written: 3194.77 MiB
[DLManager] INFO:  - Cache usage: 457.00 MiB, active tasks: 1
[DLManager] INFO:  + Download	- 2.56 MiB/s (raw) / 3.00 MiB/s (decompressed)
[DLManager] INFO:  + Disk	- 31.13 MiB/s (write) / 0.00 MiB/s (read)
[DLManager] INFO: = Progress: 92.26% (3457/3747), Running for 00:01:14, ETA: 00:00:06
[DLManager] INFO:  - Downloaded: 833.51 MiB, Written: 3371.16 MiB
[DLManager] INFO:  - Cache usage: 280.00 MiB, active tasks: 1
[DLManager] INFO:  + Download	- 0.00 MiB/s (raw) / 0.00 MiB/s (decompressed)
[DLManager] INFO:  + Disk	- 176.17 MiB/s (write) / 0.00 MiB/s (read)
[DLManager] INFO: = Progress: 94.82% (3553/3747), Running for 00:01:15, ETA: 00:00:04
[DLManager] INFO:  - Downloaded: 833.51 MiB, Written: 3465.71 MiB
[DLManager] INFO:  - Cache usage: 186.00 MiB, active tasks: 1
[DLManager] INFO:  + Download	- 0.00 MiB/s (raw) / 0.00 MiB/s (decompressed)
[DLManager] INFO:  + Disk	- 94.43 MiB/s (write) / 0.00 MiB/s (read)
[DLManager] INFO: = Progress: 97.20% (3642/3747), Running for 00:01:16, ETA: 00:00:02
[DLManager] INFO:  - Downloaded: 834.48 MiB, Written: 3551.48 MiB
[DLManager] INFO:  - Cache usage: 100.00 MiB, active tasks: 0
[DLManager] INFO:  + Download	- 0.97 MiB/s (raw) / 1.00 MiB/s (decompressed)
[DLManager] INFO:  + Disk	- 85.68 MiB/s (write) / 0.00 MiB/s (read)
[DLManager] INFO: = Progress: 99.44% (3726/3747), Running for 00:01:17, ETA: 00:00:00
[DLManager] INFO:  - Downloaded: 834.48 MiB, Written: 3633.59 MiB
[DLManager] INFO:  - Cache usage: 18.00 MiB, active tasks: 0
[DLManager] INFO:  + Download	- 0.00 MiB/s (raw) / 0.00 MiB/s (decompressed)
[DLManager] INFO:  + Disk	- 81.99 MiB/s (write) / 0.00 MiB/s (read)
[DLManager] INFO: = Progress: 100.00% (3747/3747), Running for 00:01:18, ETA: 00:00:00
[DLManager] INFO:  - Downloaded: 834.48 MiB, Written: 3650.31 MiB
[DLManager] INFO:  - Cache usage: 0.00 MiB, active tasks: 0
[DLManager] INFO:  + Download	- 0.00 MiB/s (raw) / 0.00 MiB/s (decompressed)
[DLManager] INFO:  + Disk	- 16.69 MiB/s (write) / 0.00 MiB/s (read)
[DLManager] INFO: Waiting for installation to finish...
[DLManager] INFO: All done! Download manager quitting...
[cli] INFO: Finished installation process in 79.27 seconds.
