Launching "stray" (sideload)
Native? No
Installed in: /home/pc/Downloads/Stray v.1.2 (2022)/Stray

System Info:
CPU: 8x Intel(R) Core(TM) i5-8250U CPU @ 1.60GHz
Memory: 12.26 GB (used: 1.47 GB)
GPUs:
  GPU 0:
    Name: Advanced Micro Devices, Inc. [AMD/ATI] Jet PRO [Radeon R5 M230 / R7 M260DX / Radeon 520/610 Mobile]
    IDs: D=6665 V=1002 SD=0841 SV=1028
    Driver: radeon
  GPU 1:
    Name: Intel Corporation UHD Graphics 620
    IDs: D=5917 V=8086 SD=0841 SV=1028
    Driver: i915
OS: Arch Linux 6.10.8-zen1-1-zen (linux)

The current system is not a Steam Deck
We are not running inside a Flatpak container

Software Versions:
  Heroic: 2.15.1 Emeth
  Legendary: 0.20.35 Lowlife (Heroic)
  gogdl: 1.1.1
  comet: comet 0.1.2

  Nile: 1.1.1 Will A. Zeppeli

Game Settings: {
	"autoInstallDxvk": true,
	"autoInstallDxvkNvapi": false,
	"autoInstallVkd3d": true,
	"preferSystemLibs": false,
	"enableEsync": true,
	"enableMsync": false,
	"enableFsync": true,
	"nvidiaPrime": false,
	"enviromentOptions": [],
	"wrapperOptions": [],
	"showFps": false,
	"useGameMode": false,
	"battlEyeRuntime": true,
	"eacRuntime": true,
	"language": "",
	"beforeLaunchScriptPath": "",
	"afterLaunchScriptPath": "",
	"wineVersion": {
		"bin": "/home/pc/.config/heroic/tools/proton/Proton-GE-latest/proton",
		"name": "Proton - Proton-GE-latest",
		"type": "proton"
	},
	"winePrefix": "/home/hdd2/stray",
	"wineCrossoverBottle": ""
}

Game launched at: Fri Sep 06 2024 21:20:33 GMT+0530 (India Standard Time)

An exception occurred when launching the game:
Error: EACCES: permission denied, mkdir '/home/hdd2/stray'
    at Object.mkdirSync (node:fs:1372:26)
    at er (/opt/Heroic/resources/app.asar/build/main/main.js:106:656)
    at _n (/opt/Heroic/resources/app.asar/build/main/main.js:104:907)
    at fd (/opt/Heroic/resources/app.asar/build/main/main.js:58:2228)
    at /opt/Heroic/resources/app.asar/build/main/main.js:184:8139
    at WebContents.<anonymous> (node:electron/js2c/browser_init:2:83537)============= End of log =============