2024-08-12T05:13:13.881Z I "the monkey has been patched pid:",312220
2024-08-12T05:13:14.339Z I "version:  ","235.240718.0"
2024-08-12T05:13:14.497Z I "resolving key...","tutanota-vault"
2024-08-12T05:13:14.502Z I "config up to date"
2024-08-12T05:13:14.570Z I "[2024-08-12T05:13:14.566Z]","using safeStorage with backend","gnome_libsecret"
2024-08-12T05:13:14.690Z I "[DesktopMain]","getting dictionaries from:","https://app.tuta.com/desktop/dictionaries/"
2024-08-12T05:13:14.690Z I "[2024-08-12T05:13:14.690Z]","Create tray:true"
2024-08-12T05:13:14.692Z I "[SSEFacade]","last missed notification check:",{"lastMissedNotificationCheckTime":1723388851973}
2024-08-12T05:13:14.693Z I "[ApplicationWindow]","webAssetsPath: ","/tmp/.mount_tutanolqnX1G/resources/app.asar"
2024-08-12T05:13:14.799Z I "default mailto handler:",false
2024-08-12T05:13:14.799Z I "Webapp ready"
2024-08-12T05:13:14.802Z I "[2024-08-12T05:13:14.802Z]","[ElectronUpdater]","INFO:","Checking for update"
2024-08-12T05:13:14.802Z I "[2024-08-12T05:13:14.802Z]","[ElectronUpdater]","INFO:","checking-for-update"
2024-08-12T05:13:14.832Z I "[DesktopMain]","spellcheck-dictionary-initialized","en-US"
2024-08-12T05:13:14.866Z I "/home/pc/.local/share/applications/tutanota-desktop.desktop does not exist, checking for permission to ask for permission..."
2024-08-12T05:13:14.906Z I "[SSE]","connect"
2024-08-12T05:13:14.937Z I "[SSE]","state:","connecting"
2024-08-12T05:13:14.967Z I "[SSE]","lookup"
2024-08-12T05:13:14.967Z I "[SSE]","lookup"
2024-08-12T05:13:14.985Z I "[DesktopMain]","getting dictionaries from:","https://app.tuta.com/desktop/dictionaries/"
2024-08-12T05:13:14.992Z I "[DesktopMain]","spellcheck-dictionary-initialized","en-US"
2024-08-12T05:13:15.520Z I "resolving key...","tutanota-credentials"
2024-08-12T05:13:15.526Z I "[PerWindowSqlCipherFacade]","open db for","L_nsjny----1"
2024-08-12T05:13:15.528Z I "[2024-08-12T05:13:15.528Z]","[WorkerSqlCipher]","started sqlcipher-worker-1"
2024-08-12T05:13:15.617Z I "[2024-08-12T05:13:15.617Z]","[sqlcipher-worker-1]","set up sql cipher done"
2024-08-12T05:13:15.967Z I "[SSE]","established SSE connection with code",200
2024-08-12T05:13:15.967Z I "[SSE]","state:","connected"
2024-08-12T05:13:15.968Z I "[SSE]","heartbeat"
2024-08-12T05:13:15.968Z I "[SSE]","state:","connected"
2024-08-12T05:13:15.968Z I "[SSEFacade]","heartbeatTimeout","240"
2024-08-12T05:13:15.968Z I "[SSE]","heartbeat"
2024-08-12T05:13:15.968Z I "[SSE]","state:","connected"
2024-08-12T05:13:15.968Z I "[SSEFacade]","notification"
2024-08-12T05:13:15.968Z I "[SSE]","heartbeat"
2024-08-12T05:13:15.969Z I "[SSE]","state:","connected"
2024-08-12T05:13:15.969Z I "[SSEFacade]","last missed notification check:",{"lastMissedNotificationCheckTime":1723388851973}
2024-08-12T05:13:15.969Z I "[SSEFacade]","downloading missed notification"
2024-08-12T05:13:15.971Z I "[SSE]","state:","connected"
2024-08-12T05:13:15.975Z I "[2024-08-12T05:13:15.975Z]","[ElectronUpdater]","INFO:","Update for version 235.240718.0 is not available (latest version: 235.240718.0, downgrade is disallowed)."
2024-08-12T05:13:15.976Z I "[2024-08-12T05:13:15.975Z]","[ElectronUpdater]","INFO:","update not available:",{"version":"235.240718.0","files":[{"url":"tutanota-desktop-linux.AppImage","sha512":"qrP0BCDJJMr9NJSCC9zdmAEomW4TXLooftxJOpPCbmnI/N6pehsFYbaqh7OQOGq4d9/U5fj5pyO4MZS7rOsUwg==","size":127302353,"blockMapSize":133861}],"path":"tutanota-desktop-linux.AppImage","sha512":"qrP0BCDJJMr9NJSCC9zdmAEomW4TXLooftxJOpPCbmnI/N6pehsFYbaqh7OQOGq4d9/U5fj5pyO4MZS7rOsUwg==","releaseDate":"2024-07-19T11:46:10.394Z","signature":"McW8KnxVUVuua2UMt4ZPYyLw0l0c7tmBZknHBIyqbs/EmBeQE8H0mY1+DKfdiKiolUYQL6M+w6TzNkawmiuIxRJ/gvJWLj52R2RmhRUrxzqkqBQL1VK1DJV6RfrbvD/1SKcaUih6cnKuDligPLgtUmj79XbP1uX25B4DpfnHl2hwBdN7uD8wbpv7Mwys+GlmOhJ10hUgurHjw6a5Ci9j0Mg1ejO9XvwCPQ2EcKMIoQ2q4JmzMqBfUjKb4LDBpKy2MxWS6s1qgKVG+jNh5gug5UDLBYljS0iX9PmgJYOJgu4vcqnfiF0uPoSm0qQKbo0cnBhm2gnuVIfrEgaFbUiOMQ=="}
2024-08-12T05:13:16.922Z I "[SSEFacade]","downloaded missed notification"
2024-08-12T05:17:15.967Z I "[SSE]","heartbeat"
2024-08-12T05:17:15.967Z I "[SSE]","state:","connected"
2024-08-12T05:18:03.972Z I "[SSE]","state:","connected"
2024-08-12T05:21:15.967Z I "[SSE]","heartbeat"
2024-08-12T05:21:15.967Z I "[SSE]","state:","connected"
2024-08-12T05:22:52.062Z I "[SSE]","state:","connected"
2024-08-12T05:25:15.967Z I "[SSE]","heartbeat"
2024-08-12T05:25:15.967Z I "[SSE]","state:","connected"
2024-08-12T05:27:40.162Z I "[SSE]","state:","connected"
2024-08-12T05:29:15.967Z I "[SSE]","heartbeat"
2024-08-12T05:29:15.967Z I "[SSE]","state:","connected"
2024-08-12T05:32:28.262Z I "[SSE]","state:","connected"
2024-08-12T05:33:15.967Z I "[SSE]","heartbeat"
2024-08-12T05:33:15.967Z I "[SSE]","state:","connected"
2024-08-12T05:33:32.139Z I "[SSEFacade]","notification"
2024-08-12T05:33:32.139Z I "[SSE]","heartbeat"
2024-08-12T05:33:32.139Z I "[SSE]","state:","connected"
2024-08-12T05:33:32.140Z I "[SSEFacade]","last missed notification check:",{"lastMissedNotificationCheckTime":1723439596923}
2024-08-12T05:33:32.140Z I "[SSEFacade]","downloading missed notification"
2024-08-12T05:33:33.070Z I "[SSEFacade]","downloaded missed notification"
2024-08-12T05:33:33.074Z I "resolving key...","tutanota-credentials"
2024-08-12T05:33:33.076Z I "[notifications]","downloading mail notification metadata"
2024-08-12T05:37:15.967Z I "[SSE]","heartbeat"
2024-08-12T05:37:15.967Z I "[SSE]","state:","connected"
2024-08-12T05:37:16.263Z I "[SSE]","state:","connected"
2024-08-12T05:41:15.967Z I "[SSE]","heartbeat"
2024-08-12T05:41:15.967Z I "[SSE]","state:","connected"
2024-08-12T05:42:04.307Z I "[SSE]","state:","connected"
2024-08-12T05:44:51.857Z I "[ApplicationWindow]","webAssetsPath: ","/tmp/.mount_tutanolqnX1G/resources/app.asar"
2024-08-12T05:44:52.103Z I "resolving key...","tutanota-credentials"
2024-08-12T05:44:52.134Z I "[PerWindowSqlCipherFacade]","open db for","L_nsjny----1"
2024-08-12T05:44:54.166Z I "[SSEFacade]","last missed notification check:",{"lastMissedNotificationCheckTime":1723440813071}
2024-08-12T05:44:54.168Z I "[SSE]","state:","disconnected"
2024-08-12T05:44:54.169Z E "[SSE]","response error:",?
2024-08-12T05:44:54.169Z I "[SSE]","response closed"
2024-08-12T05:44:54.170Z I "[SSE]","connect"
2024-08-12T05:44:54.171Z I "[SSE]","state:","connecting"
2024-08-12T05:44:54.172Z I "[SSE]","lookup"
2024-08-12T05:44:54.172Z I "[SSE]","lookup"
2024-08-12T05:44:55.029Z I "[SSE]","established SSE connection with code",200
2024-08-12T05:44:55.029Z I "[SSE]","state:","connected"
2024-08-12T05:44:55.029Z I "[SSE]","heartbeat"
2024-08-12T05:44:55.029Z I "[SSE]","state:","connected"
2024-08-12T05:44:55.029Z I "[SSEFacade]","heartbeatTimeout","240"
2024-08-12T05:44:55.029Z I "[SSE]","heartbeat"
2024-08-12T05:44:55.029Z I "[SSE]","state:","connected"
2024-08-12T05:44:55.029Z I "[SSEFacade]","notification"
2024-08-12T05:44:55.029Z I "[SSE]","heartbeat"
2024-08-12T05:44:55.029Z I "[SSE]","state:","connected"
2024-08-12T05:44:55.030Z I "[SSEFacade]","last missed notification check:",{"lastMissedNotificationCheckTime":1723440813071}
2024-08-12T05:44:55.030Z I "[SSEFacade]","downloading missed notification"
2024-08-12T05:44:55.032Z I "[SSE]","state:","connected"
2024-08-12T05:44:57.112Z I "[SSEFacade]","downloaded missed notification"
2024-08-12T05:48:55.029Z I "[SSE]","heartbeat"
2024-08-12T05:48:55.029Z I "[SSE]","state:","connected"
2024-08-12T05:49:43.032Z I "[SSE]","state:","connected"
2024-08-12T05:52:55.029Z I "[SSE]","heartbeat"
2024-08-12T05:52:55.029Z I "[SSE]","state:","connected"
2024-08-12T05:54:31.122Z I "[SSE]","state:","connected"
2024-08-12T05:56:55.029Z I "[SSE]","heartbeat"
2024-08-12T05:56:55.029Z I "[SSE]","state:","connected"
2024-08-12T05:59:03.368Z I "[ApplicationWindow]","closing offline db for userId L_nsjny----1"
2024-08-12T05:59:03.368Z I "[PerWindowSqlCipherFacade]","close db for","L_nsjny----1"
2024-08-12T05:59:03.368Z I "[2024-08-12T05:59:03.368Z]","[OfflineDbRefCounter]","dispose done, still ref'd"
2024-08-12T05:59:19.135Z I "[SSE]","state:","connected"
2024-08-12T06:00:55.029Z I "[SSE]","heartbeat"
2024-08-12T06:00:55.029Z I "[SSE]","state:","connected"
2024-08-12T06:04:07.235Z I "[SSE]","state:","connected"
2024-08-12T06:04:55.029Z I "[SSE]","heartbeat"
2024-08-12T06:04:55.029Z I "[SSE]","state:","connected"
2024-08-12T06:08:55.029Z I "[SSE]","heartbeat"
2024-08-12T06:08:55.030Z I "[SSE]","state:","connected"
2024-08-12T06:08:55.236Z I "[SSE]","state:","connected"
2024-08-12T06:12:55.029Z I "[SSE]","heartbeat"
2024-08-12T06:12:55.029Z I "[SSE]","state:","connected"
2024-08-12T06:13:43.280Z I "[SSE]","state:","connected"
2024-08-12T06:16:55.030Z I "[SSE]","heartbeat"
2024-08-12T06:16:55.030Z I "[SSE]","state:","connected"
2024-08-12T06:18:31.368Z I "[SSE]","state:","connected"
2024-08-12T06:20:55.030Z I "[SSE]","heartbeat"
2024-08-12T06:20:55.030Z I "[SSE]","state:","connected"
2024-08-12T06:21:31.326Z I "[ApplicationWindow]","webAssetsPath: ","/tmp/.mount_tutanolqnX1G/resources/app.asar"
2024-08-12T06:21:31.569Z I "resolving key...","tutanota-credentials"
2024-08-12T06:21:31.598Z I "[PerWindowSqlCipherFacade]","open db for","L_nsjny----1"
2024-08-12T06:21:33.555Z I "[SSEFacade]","last missed notification check:",{"lastMissedNotificationCheckTime":1723441497113}
2024-08-12T06:21:33.556Z I "[SSE]","state:","disconnected"
2024-08-12T06:21:33.556Z E "[SSE]","response error:",?
2024-08-12T06:21:33.556Z I "[SSE]","response closed"
2024-08-12T06:21:33.556Z I "[SSE]","connect"
2024-08-12T06:21:33.557Z I "[SSE]","state:","connecting"
2024-08-12T06:21:33.566Z I "[SSE]","lookup"
2024-08-12T06:21:33.566Z I "[SSE]","lookup"
2024-08-12T06:21:34.446Z I "[SSE]","established SSE connection with code",200
2024-08-12T06:21:34.446Z I "[SSE]","state:","connected"
2024-08-12T06:21:34.446Z I "[SSE]","heartbeat"
2024-08-12T06:21:34.446Z I "[SSE]","state:","connected"
2024-08-12T06:21:34.447Z I "[SSEFacade]","heartbeatTimeout","240"
2024-08-12T06:21:34.447Z I "[SSE]","heartbeat"
2024-08-12T06:21:34.447Z I "[SSE]","state:","connected"
2024-08-12T06:21:34.447Z I "[SSEFacade]","notification"
2024-08-12T06:21:34.447Z I "[SSE]","heartbeat"
2024-08-12T06:21:34.447Z I "[SSE]","state:","connected"
2024-08-12T06:21:34.447Z I "[SSEFacade]","last missed notification check:",{"lastMissedNotificationCheckTime":1723441497113}
2024-08-12T06:21:34.447Z I "[SSEFacade]","downloading missed notification"
2024-08-12T06:21:34.449Z I "[SSE]","state:","connected"
2024-08-12T06:21:35.364Z I "[SSEFacade]","downloaded missed notification"
2024-08-12T06:21:56.177Z I "[ApplicationWindow]","closing offline db for userId L_nsjny----1"
2024-08-12T06:21:56.177Z I "[PerWindowSqlCipherFacade]","close db for","L_nsjny----1"
2024-08-12T06:21:56.177Z I "[2024-08-12T06:21:56.177Z]","[OfflineDbRefCounter]","dispose done, still ref'd"
2024-08-12T06:25:34.447Z I "[SSE]","heartbeat"
2024-08-12T06:25:34.447Z I "[SSE]","state:","connected"
2024-08-12T06:26:22.449Z I "[SSE]","state:","connected"
2024-08-12T06:29:34.447Z I "[SSE]","heartbeat"
2024-08-12T06:29:34.447Z I "[SSE]","state:","connected"
2024-08-12T06:31:10.539Z I "[SSE]","state:","connected"
2024-08-12T06:33:34.447Z I "[SSE]","heartbeat"
2024-08-12T06:33:34.447Z I "[SSE]","state:","connected"
2024-08-12T06:35:58.572Z I "[SSE]","state:","connected"
2024-08-12T06:37:34.447Z I "[SSE]","heartbeat"
2024-08-12T06:37:34.447Z I "[SSE]","state:","connected"
2024-08-12T06:40:46.672Z I "[SSE]","state:","connected"
2024-08-12T06:41:34.447Z I "[SSE]","heartbeat"
2024-08-12T06:41:34.448Z I "[SSE]","state:","connected"
2024-08-12T06:45:34.447Z I "[SSE]","heartbeat"
2024-08-12T06:45:34.447Z I "[SSE]","state:","connected"
2024-08-12T06:45:34.671Z I "[SSE]","state:","connected"
2024-08-12T06:49:34.447Z I "[SSE]","heartbeat"
2024-08-12T06:49:34.447Z I "[SSE]","state:","connected"
2024-08-12T06:50:22.715Z I "[SSE]","state:","connected"
2024-08-12T06:53:34.448Z I "[SSE]","heartbeat"
2024-08-12T06:53:34.448Z I "[SSE]","state:","connected"
2024-08-12T06:55:10.805Z I "[SSE]","state:","connected"
2024-08-12T06:57:34.449Z I "[SSE]","heartbeat"
2024-08-12T06:57:34.449Z I "[SSE]","state:","connected"
2024-08-12T06:59:58.905Z I "[SSE]","state:","connected"
2024-08-12T07:01:34.450Z I "[SSE]","heartbeat"
2024-08-12T07:01:34.450Z I "[SSE]","state:","connected"
2024-08-12T07:04:47.005Z I "[SSE]","state:","connected"
2024-08-12T07:05:34.450Z I "[SSE]","heartbeat"
2024-08-12T07:05:34.450Z I "[SSE]","state:","connected"
2024-08-12T07:09:34.450Z I "[SSE]","heartbeat"
2024-08-12T07:09:34.450Z I "[SSE]","state:","connected"
2024-08-12T07:09:35.005Z I "[SSE]","state:","connected"
2024-08-12T07:13:34.450Z I "[SSE]","heartbeat"
2024-08-12T07:13:34.450Z I "[SSE]","state:","connected"
2024-08-12T07:14:23.048Z I "[SSE]","state:","connected"
2024-08-12T07:17:34.450Z I "[SSE]","heartbeat"
2024-08-12T07:17:34.450Z I "[SSE]","state:","connected"
2024-08-12T07:19:11.138Z I "[SSE]","state:","connected"
2024-08-12T07:21:34.451Z I "[SSE]","heartbeat"
2024-08-12T07:21:34.451Z I "[SSE]","state:","connected"
2024-08-12T07:22:32.539Z I "[SSEFacade]","notification"
2024-08-12T07:22:32.539Z I "[SSE]","heartbeat"
2024-08-12T07:22:32.539Z I "[SSE]","state:","connected"
2024-08-12T07:22:32.539Z I "[SSEFacade]","last missed notification check:",{"lastMissedNotificationCheckTime":1723443695365}
2024-08-12T07:22:32.539Z I "[SSEFacade]","downloading missed notification"
2024-08-12T07:22:33.483Z I "[SSEFacade]","downloaded missed notification"
2024-08-12T07:22:33.486Z I "resolving key...","tutanota-credentials"
2024-08-12T07:22:33.487Z I "[notifications]","downloading mail notification metadata"
2024-08-12T07:23:59.218Z I "[SSE]","state:","connected"
2024-08-12T07:25:34.451Z I "[SSE]","heartbeat"
2024-08-12T07:25:34.451Z I "[SSE]","state:","connected"
2024-08-12T07:27:26.222Z I "[ApplicationWindow]","webAssetsPath: ","/tmp/.mount_tutanolqnX1G/resources/app.asar"
2024-08-12T07:27:26.554Z I "resolving key...","tutanota-credentials"
2024-08-12T07:27:26.582Z I "[PerWindowSqlCipherFacade]","open db for","L_nsjny----1"
2024-08-12T07:27:28.523Z I "[SSEFacade]","last missed notification check:",{"lastMissedNotificationCheckTime":1723447353484}
2024-08-12T07:27:28.524Z I "[SSE]","state:","disconnected"
2024-08-12T07:27:28.524Z E "[SSE]","response error:",?
2024-08-12T07:27:28.524Z I "[SSE]","response closed"
2024-08-12T07:27:28.525Z I "[SSE]","connect"
2024-08-12T07:27:28.526Z I "[SSE]","state:","connecting"
2024-08-12T07:27:28.527Z I "[SSE]","lookup"
2024-08-12T07:27:28.527Z I "[SSE]","lookup"
2024-08-12T07:27:29.397Z I "[SSE]","established SSE connection with code",200
2024-08-12T07:27:29.397Z I "[SSE]","state:","connected"
2024-08-12T07:27:29.397Z I "[SSE]","heartbeat"
2024-08-12T07:27:29.397Z I "[SSE]","state:","connected"
2024-08-12T07:27:29.397Z I "[SSEFacade]","heartbeatTimeout","240"
2024-08-12T07:27:29.397Z I "[SSE]","heartbeat"
2024-08-12T07:27:29.397Z I "[SSE]","state:","connected"
2024-08-12T07:27:29.397Z I "[SSEFacade]","notification"
2024-08-12T07:27:29.397Z I "[SSE]","heartbeat"
2024-08-12T07:27:29.397Z I "[SSE]","state:","connected"
2024-08-12T07:27:29.397Z I "[SSEFacade]","last missed notification check:",{"lastMissedNotificationCheckTime":1723447353484}
2024-08-12T07:27:29.397Z I "[SSEFacade]","downloading missed notification"
2024-08-12T07:27:29.398Z I "[SSE]","state:","connected"
2024-08-12T07:27:30.295Z I "[SSEFacade]","downloaded missed notification"
2024-08-12T07:27:38.932Z I "[ApplicationWindow]","closing offline db for userId L_nsjny----1"
2024-08-12T07:27:38.932Z I "[PerWindowSqlCipherFacade]","close db for","L_nsjny----1"
2024-08-12T07:27:38.932Z I "[2024-08-12T07:27:38.932Z]","[OfflineDbRefCounter]","dispose done, still ref'd"
2024-08-12T07:31:29.398Z I "[SSE]","heartbeat"
2024-08-12T07:31:29.398Z I "[SSE]","state:","connected"
2024-08-12T07:32:17.399Z I "[SSE]","state:","connected"
2024-08-12T07:35:29.451Z I "[SSE]","heartbeat"
2024-08-12T07:35:29.451Z I "[SSE]","state:","connected"
2024-08-12T07:37:05.488Z I "[SSE]","state:","connected"
2024-08-12T07:39:29.451Z I "[SSE]","heartbeat"
2024-08-12T07:39:29.452Z I "[SSE]","state:","connected"
2024-08-12T07:41:53.588Z I "[SSE]","state:","connected"
2024-08-12T07:43:29.452Z I "[SSE]","heartbeat"
2024-08-12T07:43:29.452Z I "[SSE]","state:","connected"
2024-08-12T07:46:41.688Z I "[SSE]","state:","connected"
2024-08-12T07:47:29.452Z I "[SSE]","heartbeat"
2024-08-12T07:47:29.452Z I "[SSE]","state:","connected"
2024-08-12T07:51:29.452Z I "[SSE]","heartbeat"
2024-08-12T07:51:29.452Z I "[SSE]","state:","connected"
2024-08-12T07:51:29.688Z I "[SSE]","state:","connected"
2024-08-12T07:55:29.453Z I "[SSE]","heartbeat"
2024-08-12T07:55:29.453Z I "[SSE]","state:","connected"
2024-08-12T07:56:17.731Z I "[SSE]","state:","connected"
2024-08-12T07:59:29.454Z I "[SSE]","heartbeat"
2024-08-12T07:59:29.454Z I "[SSE]","state:","connected"
2024-08-12T08:01:05.821Z I "[SSE]","state:","connected"
2024-08-12T08:03:29.454Z I "[SSE]","heartbeat"
2024-08-12T08:03:29.454Z I "[SSE]","state:","connected"
2024-08-12T08:05:53.842Z I "[SSE]","state:","connected"
2024-08-12T08:07:29.454Z I "[SSE]","heartbeat"
2024-08-12T08:07:29.454Z I "[SSE]","state:","connected"
2024-08-12T08:10:41.901Z I "[SSE]","state:","connected"
2024-08-12T08:11:29.455Z I "[SSE]","heartbeat"
2024-08-12T08:11:29.455Z I "[SSE]","state:","connected"
2024-08-12T08:13:14.901Z I "[2024-08-12T08:13:14.901Z]","[ElectronUpdater]","INFO:","Checking for update"
2024-08-12T08:13:14.901Z I "[2024-08-12T08:13:14.901Z]","[ElectronUpdater]","INFO:","checking-for-update"
2024-08-12T08:13:20.901Z I "[2024-08-12T08:13:20.901Z]","[ElectronUpdater]","INFO:","Update for version 235.240718.0 is not available (latest version: 235.240718.0, downgrade is disallowed)."
2024-08-12T08:13:20.902Z I "[2024-08-12T08:13:20.901Z]","[ElectronUpdater]","INFO:","update not available:",{"version":"235.240718.0","files":[{"url":"tutanota-desktop-linux.AppImage","sha512":"qrP0BCDJJMr9NJSCC9zdmAEomW4TXLooftxJOpPCbmnI/N6pehsFYbaqh7OQOGq4d9/U5fj5pyO4MZS7rOsUwg==","size":127302353,"blockMapSize":133861}],"path":"tutanota-desktop-linux.AppImage","sha512":"qrP0BCDJJMr9NJSCC9zdmAEomW4TXLooftxJOpPCbmnI/N6pehsFYbaqh7OQOGq4d9/U5fj5pyO4MZS7rOsUwg==","releaseDate":"2024-07-19T11:46:10.394Z","signature":"McW8KnxVUVuua2UMt4ZPYyLw0l0c7tmBZknHBIyqbs/EmBeQE8H0mY1+DKfdiKiolUYQL6M+w6TzNkawmiuIxRJ/gvJWLj52R2RmhRUrxzqkqBQL1VK1DJV6RfrbvD/1SKcaUih6cnKuDligPLgtUmj79XbP1uX25B4DpfnHl2hwBdN7uD8wbpv7Mwys+GlmOhJ10hUgurHjw6a5Ci9j0Mg1ejO9XvwCPQ2EcKMIoQ2q4JmzMqBfUjKb4LDBpKy2MxWS6s1qgKVG+jNh5gug5UDLBYljS0iX9PmgJYOJgu4vcqnfiF0uPoSm0qQKbo0cnBhm2gnuVIfrEgaFbUiOMQ=="}
2024-08-12T08:15:29.455Z I "[SSE]","heartbeat"
2024-08-12T08:15:29.455Z I "[SSE]","state:","connected"
2024-08-12T08:15:29.902Z I "[SSE]","state:","connected"
2024-08-12T08:19:29.456Z I "[SSE]","heartbeat"
2024-08-12T08:19:29.456Z I "[SSE]","state:","connected"
2024-08-12T08:20:17.944Z I "[SSE]","state:","connected"
2024-08-12T08:23:29.456Z I "[SSE]","heartbeat"
2024-08-12T08:23:29.456Z I "[SSE]","state:","connected"
2024-08-12T08:25:06.034Z I "[SSE]","state:","connected"
2024-08-12T08:27:29.457Z I "[SSE]","heartbeat"
2024-08-12T08:27:29.457Z I "[SSE]","state:","connected"
2024-08-12T08:29:54.101Z I "[SSE]","state:","connected"
2024-08-12T08:31:29.457Z I "[SSE]","heartbeat"
2024-08-12T08:31:29.457Z I "[SSE]","state:","connected"
2024-08-12T08:34:42.195Z I "[SSE]","state:","connected"
2024-08-12T08:35:29.458Z I "[SSE]","heartbeat"
2024-08-12T08:35:29.458Z I "[SSE]","state:","connected"
2024-08-12T08:39:29.458Z I "[SSE]","heartbeat"
2024-08-12T08:39:29.458Z I "[SSE]","state:","connected"
2024-08-12T08:39:30.196Z I "[SSE]","state:","connected"
2024-08-12T08:43:29.458Z I "[SSE]","heartbeat"
2024-08-12T08:43:29.459Z I "[SSE]","state:","connected"
2024-08-12T08:44:18.196Z I "[SSE]","state:","connected"
2024-08-12T08:47:29.459Z I "[SSE]","heartbeat"
2024-08-12T08:47:29.459Z I "[SSE]","state:","connected"
2024-08-12T08:49:06.228Z I "[SSE]","state:","connected"
2024-08-12T08:51:29.459Z I "[SSE]","heartbeat"
2024-08-12T08:51:29.459Z I "[SSE]","state:","connected"
2024-08-12T08:53:54.310Z I "[SSE]","state:","connected"
2024-08-12T08:55:29.460Z I "[SSE]","heartbeat"
2024-08-12T08:55:29.460Z I "[SSE]","state:","connected"
2024-08-12T08:58:42.410Z I "[SSE]","state:","connected"
2024-08-12T08:59:29.460Z I "[SSE]","heartbeat"
2024-08-12T08:59:29.460Z I "[SSE]","state:","connected"
2024-08-12T09:03:29.461Z I "[SSE]","heartbeat"
2024-08-12T09:03:29.461Z I "[SSE]","state:","connected"
2024-08-12T09:03:30.411Z I "[SSE]","state:","connected"
2024-08-12T09:07:29.460Z I "[SSE]","heartbeat"
2024-08-12T09:07:29.460Z I "[SSE]","state:","connected"
2024-08-12T09:08:18.456Z I "[SSE]","state:","connected"
2024-08-12T09:11:29.459Z I "[SSE]","heartbeat"
2024-08-12T09:11:29.459Z I "[SSE]","state:","connected"
2024-08-12T09:13:06.547Z I "[SSE]","state:","connected"
2024-08-12T09:15:29.458Z I "[SSE]","heartbeat"
2024-08-12T09:15:29.458Z I "[SSE]","state:","connected"
2024-08-12T09:17:54.578Z I "[SSE]","state:","connected"
2024-08-12T09:19:29.458Z I "[SSE]","heartbeat"
2024-08-12T09:19:29.458Z I "[SSE]","state:","connected"
2024-08-12T09:22:42.678Z I "[SSE]","state:","connected"
2024-08-12T09:23:29.458Z I "[SSE]","heartbeat"
2024-08-12T09:23:29.458Z I "[SSE]","state:","connected"
2024-08-12T09:27:29.458Z I "[SSE]","heartbeat"
2024-08-12T09:27:29.458Z I "[SSE]","state:","connected"
2024-08-12T09:27:30.680Z I "[SSE]","state:","connected"
2024-08-12T09:31:29.458Z I "[SSE]","heartbeat"
2024-08-12T09:31:29.458Z I "[SSE]","state:","connected"
2024-08-12T09:32:18.697Z I "[SSE]","state:","connected"
2024-08-12T09:35:29.458Z I "[SSE]","heartbeat"
2024-08-12T09:35:29.458Z I "[SSE]","state:","connected"
2024-08-12T09:37:06.790Z I "[SSE]","state:","connected"
2024-08-12T09:39:29.458Z I "[SSE]","heartbeat"
2024-08-12T09:39:29.458Z I "[SSE]","state:","connected"
2024-08-12T09:41:54.890Z I "[SSE]","state:","connected"
2024-08-12T09:43:29.458Z I "[SSE]","heartbeat"
2024-08-12T09:43:29.458Z I "[SSE]","state:","connected"
2024-08-12T09:46:42.987Z I "[SSE]","state:","connected"
2024-08-12T09:47:29.458Z I "[SSE]","heartbeat"
2024-08-12T09:47:29.458Z I "[SSE]","state:","connected"
2024-08-12T09:51:29.459Z I "[SSE]","heartbeat"
2024-08-12T09:51:29.459Z I "[SSE]","state:","connected"
2024-08-12T09:51:30.990Z I "[SSE]","state:","connected"
2024-08-12T09:55:29.459Z I "[SSE]","heartbeat"
2024-08-12T09:55:29.459Z I "[SSE]","state:","connected"
2024-08-12T09:56:19.017Z I "[SSE]","state:","connected"
2024-08-12T09:59:29.459Z I "[SSE]","heartbeat"
2024-08-12T09:59:29.459Z I "[SSE]","state:","connected"
2024-08-12T10:01:07.110Z I "[SSE]","state:","connected"
2024-08-12T10:03:29.459Z I "[SSE]","heartbeat"
2024-08-12T10:03:29.459Z I "[SSE]","state:","connected"
2024-08-12T10:05:55.211Z I "[SSE]","state:","connected"
2024-08-12T10:07:29.459Z I "[SSE]","heartbeat"
2024-08-12T10:07:29.459Z I "[SSE]","state:","connected"
2024-08-12T10:10:43.310Z I "[SSE]","state:","connected"
2024-08-12T10:11:29.459Z I "[SSE]","heartbeat"
2024-08-12T10:11:29.459Z I "[SSE]","state:","connected"
2024-08-12T10:15:29.459Z I "[SSE]","heartbeat"
2024-08-12T10:15:29.459Z I "[SSE]","state:","connected"
2024-08-12T10:15:31.311Z I "[SSE]","state:","connected"
2024-08-12T10:19:29.458Z I "[SSE]","heartbeat"
2024-08-12T10:19:29.459Z I "[SSE]","state:","connected"
2024-08-12T10:20:19.323Z I "[SSE]","state:","connected"
2024-08-12T10:23:29.458Z I "[SSE]","heartbeat"
2024-08-12T10:23:29.458Z I "[SSE]","state:","connected"
2024-08-12T10:25:07.417Z I "[SSE]","state:","connected"
2024-08-12T10:27:29.458Z I "[SSE]","heartbeat"
2024-08-12T10:27:29.458Z I "[SSE]","state:","connected"
2024-08-12T10:29:55.514Z I "[SSE]","state:","connected"
2024-08-12T10:31:29.458Z I "[SSE]","heartbeat"
2024-08-12T10:31:29.458Z I "[SSE]","state:","connected"
2024-08-12T10:34:43.614Z I "[SSE]","state:","connected"
2024-08-12T10:35:29.458Z I "[SSE]","heartbeat"
2024-08-12T10:35:29.458Z I "[SSE]","state:","connected"
2024-08-12T10:39:29.458Z I "[SSE]","heartbeat"
2024-08-12T10:39:29.458Z I "[SSE]","state:","connected"
2024-08-12T10:39:31.616Z I "[SSE]","state:","connected"
2024-08-12T10:41:08.563Z I "[ApplicationWindow]","webAssetsPath: ","/tmp/.mount_tutanolqnX1G/resources/app.asar"
2024-08-12T10:41:08.795Z I "resolving key...","tutanota-credentials"
2024-08-12T10:41:08.822Z I "[PerWindowSqlCipherFacade]","open db for","L_nsjny----1"
2024-08-12T10:41:10.733Z I "[SSEFacade]","last missed notification check:",{"lastMissedNotificationCheckTime":1723447650296}
2024-08-12T10:41:10.734Z I "[SSE]","state:","disconnected"
2024-08-12T10:41:10.734Z E "[SSE]","response error:",?
2024-08-12T10:41:10.734Z I "[SSE]","response closed"
2024-08-12T10:41:10.734Z I "[SSE]","connect"
2024-08-12T10:41:10.736Z I "[SSE]","state:","connecting"
2024-08-12T10:41:10.737Z I "[SSE]","lookup"
2024-08-12T10:41:10.737Z I "[SSE]","lookup"
2024-08-12T10:41:11.649Z I "[SSE]","established SSE connection with code",200
2024-08-12T10:41:11.649Z I "[SSE]","state:","connected"
2024-08-12T10:41:11.649Z I "[SSE]","heartbeat"
2024-08-12T10:41:11.650Z I "[SSE]","state:","connected"
2024-08-12T10:41:11.650Z I "[SSEFacade]","heartbeatTimeout","240"
2024-08-12T10:41:11.650Z I "[SSE]","heartbeat"
2024-08-12T10:41:11.650Z I "[SSE]","state:","connected"
2024-08-12T10:41:11.650Z I "[SSEFacade]","notification"
2024-08-12T10:41:11.650Z I "[SSE]","heartbeat"
2024-08-12T10:41:11.650Z I "[SSE]","state:","connected"
2024-08-12T10:41:11.650Z I "[SSEFacade]","last missed notification check:",{"lastMissedNotificationCheckTime":1723447650296}
2024-08-12T10:41:11.650Z I "[SSEFacade]","downloading missed notification"
2024-08-12T10:41:11.651Z I "[SSE]","state:","connected"
2024-08-12T10:41:12.639Z I "[SSEFacade]","downloaded missed notification"
2024-08-12T10:41:18.707Z I "[ApplicationWindow]","closing offline db for userId L_nsjny----1"
2024-08-12T10:41:18.707Z I "[PerWindowSqlCipherFacade]","close db for","L_nsjny----1"
2024-08-12T10:41:18.707Z I "[2024-08-12T10:41:18.707Z]","[OfflineDbRefCounter]","dispose done, still ref'd"