2024-09-08T15:42:44.803Z I "the monkey has been patched pid:",1356
2024-09-08T15:42:45.962Z I "Creating tables..."
2024-09-08T15:42:46.294Z I "Current credentials version: 1"
2024-09-08T15:42:46.294Z I "Tables created successfully!"
2024-09-08T15:42:46.301Z I "version:  ","244.240903.0"
2024-09-08T15:42:46.466Z I "resolving key...","tutanota-vault"
2024-09-08T15:42:46.467Z I "config up to date"
2024-09-08T15:42:46.551Z I "[2024-09-08T15:42:46.548Z]","using safeStorage with backend","gnome_libsecret"
2024-09-08T15:42:46.669Z I "[DesktopMain]","getting dictionaries from:","https://app.tuta.com/desktop/dictionaries/"
2024-09-08T15:42:46.669Z I "[2024-09-08T15:42:46.669Z]","Create tray:true"
2024-09-08T15:42:46.671Z I "[SSEFacade]","last missed notification check:",{"lastMissedNotificationCheckTime":1725804483077}
2024-09-08T15:42:46.672Z I "[ApplicationWindow]","webAssetsPath: ","/tmp/.mount_tutanoTHYsl0/resources/app.asar"
2024-09-08T15:42:46.812Z I "default mailto handler:",false
2024-09-08T15:42:46.812Z I "Webapp ready"
2024-09-08T15:42:46.815Z I "[2024-09-08T15:42:46.815Z]","[ElectronUpdater]","INFO:","Checking for update"
2024-09-08T15:42:46.815Z I "[2024-09-08T15:42:46.815Z]","[ElectronUpdater]","INFO:","checking-for-update"
2024-09-08T15:42:46.852Z I "[DesktopMain]","spellcheck-dictionary-initialized","en-US"
2024-09-08T15:42:46.900Z I "/home/pc/.local/share/applications/tutanota-desktop.desktop does not exist, checking for permission to ask for permission..."
2024-09-08T15:42:46.944Z I "[SSE]","connect"
2024-09-08T15:42:46.974Z I "[SSE]","state:","connecting"
2024-09-08T15:42:47.205Z I "[DesktopMain]","getting dictionaries from:","https://app.tuta.com/desktop/dictionaries/"
2024-09-08T15:42:47.216Z I "[DesktopMain]","spellcheck-dictionary-initialized","en-US"
2024-09-08T15:42:47.383Z I "[SSE]","lookup"
2024-09-08T15:42:47.383Z I "[SSE]","lookup"
2024-09-08T15:42:47.672Z I "resolving key...","tutanota-credentials"
2024-09-08T15:42:47.697Z I "[PerWindowSqlCipherFacade]","open db for","L_nsjny----1"
2024-09-08T15:42:47.699Z I "[2024-09-08T15:42:47.699Z]","[WorkerSqlCipher]","started sqlcipher-worker-1"
2024-09-08T15:42:47.778Z I "[2024-09-08T15:42:47.778Z]","[sqlcipher-worker-1]","set up sql cipher done"
2024-09-08T15:42:48.228Z I "[SSE]","established SSE connection with code",200
2024-09-08T15:42:48.228Z I "[SSE]","state:","connected"
2024-09-08T15:42:48.229Z I "[SSE]","heartbeat"
2024-09-08T15:42:48.229Z I "[SSE]","state:","connected"
2024-09-08T15:42:48.229Z I "[SSEFacade]","heartbeatTimeout","240"
2024-09-08T15:42:48.229Z I "[SSE]","heartbeat"
2024-09-08T15:42:48.229Z I "[SSE]","state:","connected"
2024-09-08T15:42:48.229Z I "[SSEFacade]","notification"
2024-09-08T15:42:48.229Z I "[SSE]","heartbeat"
2024-09-08T15:42:48.229Z I "[SSE]","state:","connected"
2024-09-08T15:42:48.229Z I "[SSEFacade]","last missed notification check:",{"lastMissedNotificationCheckTime":1725804483077}
2024-09-08T15:42:48.230Z I "[SSEFacade]","downloading missed notification"
2024-09-08T15:42:48.232Z I "[SSE]","state:","connected"
2024-09-08T15:42:49.144Z I "[SSEFacade]","downloaded missed notification"
2024-09-08T15:42:49.202Z I "[SSEFacade]","last missed notification check:",{"lastMissedNotificationCheckTime":1725810169145}
2024-09-08T15:42:49.203Z I "[SSE]","state:","disconnected"
2024-09-08T15:42:49.204Z E "[SSE]","response error:",?
2024-09-08T15:42:49.204Z I "[SSE]","response closed"
2024-09-08T15:42:49.205Z I "[SSE]","connect"
2024-09-08T15:42:49.206Z I "[SSE]","state:","connecting"
2024-09-08T15:42:49.207Z I "[SSE]","lookup"
2024-09-08T15:42:49.207Z I "[SSE]","lookup"
2024-09-08T15:42:49.742Z I "[2024-09-08T15:42:49.742Z]","[ElectronUpdater]","INFO:","Update for version 244.240903.0 is not available (latest version: 244.240903.0, downgrade is disallowed)."
2024-09-08T15:42:49.742Z I "[2024-09-08T15:42:49.742Z]","[ElectronUpdater]","INFO:","update not available:",{"version":"244.240903.0","files":[{"url":"tutanota-desktop-linux.AppImage","sha512":"wTNYRZIyoyhOZfUGRy7a+3E8SqgtSAN2Cw346087TEh1OdBrw7IqtaA9nDIE9VZEI1BEYSTGI3YOBXVAZPJThQ==","size":126933963,"blockMapSize":134111}],"path":"tutanota-desktop-linux.AppImage","sha512":"wTNYRZIyoyhOZfUGRy7a+3E8SqgtSAN2Cw346087TEh1OdBrw7IqtaA9nDIE9VZEI1BEYSTGI3YOBXVAZPJThQ==","releaseDate":"2024-09-03T11:38:00.509Z","signature":"Et8d1FxfLM0PB45UiYNtwSZtZCbRnuxndtro3n5AvdFOcJW5K3GW0o2yCyrx/o+T7Vv0GBigCXl7mK78aER+nh2OikxyGx9oU6zPUgVsPP4WYPvXVe99I1JkiZiZy5sBQxfAzIguKUBA+3OL0UMI8mpZWChtFRxKIdQRyh5ygTQRuC7DSigvOtZTBK+m9XZ5J9MyVaThLkwW05cXysIGXSf2d+cHdQL9cgyB/50JS6qBWNPxlVo9KIwv2KbyV7WtYOkudRPmrxfy+yk7kbWqFrwGEphjt6eG/zYo7Kg55czW+Furp/qRk5HzoV+qafx9vXEXkOhXrRgRWklxzLrf/w=="}
2024-09-08T15:42:50.058Z I "[SSE]","established SSE connection with code",200
2024-09-08T15:42:50.058Z I "[SSE]","state:","connected"
2024-09-08T15:42:50.058Z I "[SSE]","heartbeat"
2024-09-08T15:42:50.058Z I "[SSE]","state:","connected"
2024-09-08T15:42:50.058Z I "[SSEFacade]","heartbeatTimeout","240"
2024-09-08T15:42:50.058Z I "[SSE]","heartbeat"
2024-09-08T15:42:50.058Z I "[SSE]","state:","connected"
2024-09-08T15:42:50.058Z I "[SSEFacade]","notification"
2024-09-08T15:42:50.058Z I "[SSE]","heartbeat"
2024-09-08T15:42:50.058Z I "[SSE]","state:","connected"
2024-09-08T15:42:50.059Z I "[SSEFacade]","last missed notification check:",{"lastMissedNotificationCheckTime":1725810169145}
2024-09-08T15:42:50.059Z I "[SSEFacade]","downloading missed notification"
2024-09-08T15:42:50.060Z I "[SSE]","state:","connected"
2024-09-08T15:42:50.960Z I "[SSEFacade]","downloaded missed notification"
2024-09-08T15:43:46.864Z I "[ApplicationWindow]","closing offline db for userId L_nsjny----1"
2024-09-08T15:43:46.864Z I "[PerWindowSqlCipherFacade]","close db for","L_nsjny----1"
2024-09-08T15:43:46.868Z I "[2024-09-08T15:43:46.868Z]","[OfflineDbRefCounter]","closed db for","L_nsjny----1"
2024-09-08T15:43:48.574Z I "[ApplicationWindow]","webAssetsPath: ","/tmp/.mount_tutanoTHYsl0/resources/app.asar"
2024-09-08T15:43:48.857Z I "resolving key...","tutanota-credentials"
2024-09-08T15:43:48.864Z I "[PerWindowSqlCipherFacade]","open db for","L_nsjny----1"
2024-09-08T15:43:48.865Z I "[2024-09-08T15:43:48.865Z]","[WorkerSqlCipher]","started sqlcipher-worker-2"
2024-09-08T15:43:48.948Z I "[2024-09-08T15:43:48.948Z]","[sqlcipher-worker-2]","set up sql cipher done"
2024-09-08T15:43:49.774Z I "[SSEFacade]","last missed notification check:",{"lastMissedNotificationCheckTime":1725810170961}
2024-09-08T15:43:49.775Z I "[SSE]","state:","disconnected"
2024-09-08T15:43:49.775Z E "[SSE]","response error:",?
2024-09-08T15:43:49.775Z I "[SSE]","response closed"
2024-09-08T15:43:49.775Z I "[SSE]","connect"
2024-09-08T15:43:49.776Z I "[SSE]","state:","connecting"
2024-09-08T15:43:49.778Z I "[SSE]","lookup"
2024-09-08T15:43:49.778Z I "[SSE]","lookup"
2024-09-08T15:43:50.701Z I "[SSE]","established SSE connection with code",200
2024-09-08T15:43:50.701Z I "[SSE]","state:","connected"
2024-09-08T15:43:50.701Z I "[SSE]","heartbeat"
2024-09-08T15:43:50.701Z I "[SSE]","state:","connected"
2024-09-08T15:43:50.701Z I "[SSEFacade]","heartbeatTimeout","240"
2024-09-08T15:43:50.701Z I "[SSE]","heartbeat"
2024-09-08T15:43:50.701Z I "[SSE]","state:","connected"
2024-09-08T15:43:50.701Z I "[SSEFacade]","notification"
2024-09-08T15:43:50.701Z I "[SSE]","heartbeat"
2024-09-08T15:43:50.701Z I "[SSE]","state:","connected"
2024-09-08T15:43:50.701Z I "[SSEFacade]","last missed notification check:",{"lastMissedNotificationCheckTime":1725810170961}
2024-09-08T15:43:50.701Z I "[SSEFacade]","downloading missed notification"
2024-09-08T15:43:50.703Z I "[SSE]","state:","connected"
2024-09-08T15:43:51.560Z I "[SSEFacade]","downloaded missed notification"
2024-09-08T15:45:18.919Z I "[ApplicationWindow]","closing offline db for userId L_nsjny----1"
2024-09-08T15:45:18.919Z I "[PerWindowSqlCipherFacade]","close db for","L_nsjny----1"
2024-09-08T15:45:18.922Z I "[2024-09-08T15:45:18.922Z]","[OfflineDbRefCounter]","closed db for","L_nsjny----1"
2024-09-08T15:47:50.696Z I "[SSE]","heartbeat"
2024-09-08T15:47:50.696Z I "[SSE]","state:","connected"
2024-09-08T15:48:38.703Z I "[SSE]","state:","connected"
2024-09-08T15:51:50.695Z I "[SSE]","heartbeat"
2024-09-08T15:51:50.695Z I "[SSE]","state:","connected"
2024-09-08T15:53:26.795Z I "[SSE]","state:","connected"
2024-09-08T15:55:50.695Z I "[SSE]","heartbeat"
2024-09-08T15:55:50.696Z I "[SSE]","state:","connected"
2024-09-08T15:58:14.895Z I "[SSE]","state:","connected"
2024-09-08T15:59:50.694Z I "[SSE]","heartbeat"
2024-09-08T15:59:50.694Z I "[SSE]","state:","connected"
2024-09-08T16:03:02.995Z I "[SSE]","state:","connected"
2024-09-08T16:03:50.697Z I "[SSE]","heartbeat"
2024-09-08T16:03:50.697Z I "[SSE]","state:","connected"
2024-09-08T16:07:50.697Z I "[SSE]","heartbeat"
2024-09-08T16:07:50.697Z I "[SSE]","state:","connected"
2024-09-08T16:07:50.996Z I "[SSE]","state:","connected"
2024-09-08T16:11:50.696Z I "[SSE]","heartbeat"
2024-09-08T16:11:50.697Z I "[SSE]","state:","connected"
2024-09-08T16:12:39.039Z I "[SSE]","state:","connected"
2024-09-08T16:15:50.695Z I "[SSE]","heartbeat"
2024-09-08T16:15:50.695Z I "[SSE]","state:","connected"
2024-09-08T16:17:27.130Z I "[SSE]","state:","connected"
2024-09-08T16:19:50.760Z I "[SSE]","heartbeat"
2024-09-08T16:19:50.760Z I "[SSE]","state:","connected"
2024-09-08T16:22:15.231Z I "[SSE]","state:","connected"
2024-09-08T16:23:50.696Z I "[SSE]","heartbeat"
2024-09-08T16:23:50.696Z I "[SSE]","state:","connected"
2024-09-08T16:27:03.287Z I "[SSE]","state:","connected"
2024-09-08T16:27:50.696Z I "[SSE]","heartbeat"
2024-09-08T16:27:50.696Z I "[SSE]","state:","connected"
2024-09-08T16:31:50.695Z I "[SSE]","heartbeat"
2024-09-08T16:31:50.695Z I "[SSE]","state:","connected"
2024-09-08T16:31:51.287Z I "[SSE]","state:","connected"
2024-09-08T16:35:50.694Z I "[SSE]","heartbeat"
2024-09-08T16:35:50.694Z I "[SSE]","state:","connected"
2024-09-08T16:36:39.332Z I "[SSE]","state:","connected"
2024-09-08T16:39:50.693Z I "[SSE]","heartbeat"
2024-09-08T16:39:50.693Z I "[SSE]","state:","connected"
2024-09-08T16:41:27.422Z I "[SSE]","state:","connected"
2024-09-08T16:43:50.692Z I "[SSE]","heartbeat"
2024-09-08T16:43:50.692Z I "[SSE]","state:","connected"
2024-09-08T16:46:15.522Z I "[SSE]","state:","connected"
2024-09-08T16:47:50.691Z I "[SSE]","heartbeat"
2024-09-08T16:47:50.691Z I "[SSE]","state:","connected"
2024-09-08T16:51:03.622Z I "[SSE]","state:","connected"
2024-09-08T16:51:50.692Z I "[SSE]","heartbeat"
2024-09-08T16:51:50.692Z I "[SSE]","state:","connected"
2024-09-08T16:55:50.697Z I "[SSE]","heartbeat"
2024-09-08T16:55:50.697Z I "[SSE]","state:","connected"
2024-09-08T16:55:51.623Z I "[SSE]","state:","connected"
2024-09-08T16:59:50.700Z I "[SSE]","heartbeat"
2024-09-08T16:59:50.701Z I "[SSE]","state:","connected"
2024-09-08T17:00:39.667Z I "[SSE]","state:","connected"
2024-09-08T17:03:50.703Z I "[SSE]","heartbeat"
2024-09-08T17:03:50.703Z I "[SSE]","state:","connected"
2024-09-08T17:05:27.760Z I "[SSE]","state:","connected"
2024-09-08T17:07:50.704Z I "[SSE]","heartbeat"
2024-09-08T17:07:50.704Z I "[SSE]","state:","connected"
2024-09-08T17:10:15.828Z I "[SSE]","state:","connected"
2024-09-08T17:11:50.705Z I "[SSE]","heartbeat"
2024-09-08T17:11:50.705Z I "[SSE]","state:","connected"
2024-09-08T17:15:03.899Z I "[SSE]","state:","connected"
2024-09-08T17:15:50.706Z I "[SSE]","heartbeat"
2024-09-08T17:15:50.706Z I "[SSE]","state:","connected"
2024-09-08T17:19:50.707Z I "[SSE]","heartbeat"
2024-09-08T17:19:50.707Z I "[SSE]","state:","connected"
2024-09-08T17:19:51.901Z I "[SSE]","state:","connected"
2024-09-08T17:23:50.766Z I "[SSE]","heartbeat"
2024-09-08T17:23:50.766Z I "[SSE]","state:","connected"
2024-09-08T17:24:39.922Z I "[SSE]","state:","connected"
2024-09-08T17:27:50.766Z I "[SSE]","heartbeat"
2024-09-08T17:27:50.766Z I "[SSE]","state:","connected"
2024-09-08T17:29:28.014Z I "[SSE]","state:","connected"
2024-09-08T17:31:50.767Z I "[SSE]","heartbeat"
2024-09-08T17:31:50.767Z I "[SSE]","state:","connected"
2024-09-08T17:34:16.114Z I "[SSE]","state:","connected"
2024-09-08T17:35:50.768Z I "[SSE]","heartbeat"
2024-09-08T17:35:50.768Z I "[SSE]","state:","connected"
2024-09-08T17:39:04.215Z I "[SSE]","state:","connected"
2024-09-08T17:39:50.768Z I "[SSE]","heartbeat"
2024-09-08T17:39:50.768Z I "[SSE]","state:","connected"
2024-09-08T17:43:50.768Z I "[SSE]","heartbeat"
2024-09-08T17:43:50.769Z I "[SSE]","state:","connected"
2024-09-08T17:43:52.217Z I "[SSE]","state:","connected"
2024-09-08T17:47:50.769Z I "[SSE]","heartbeat"
2024-09-08T17:47:50.769Z I "[SSE]","state:","connected"
2024-09-08T17:48:40.254Z I "[SSE]","state:","connected"
2024-09-08T17:51:50.770Z I "[SSE]","heartbeat"
2024-09-08T17:51:50.770Z I "[SSE]","state:","connected"
2024-09-08T17:53:28.347Z I "[SSE]","state:","connected"
2024-09-08T17:55:50.770Z I "[SSE]","heartbeat"
2024-09-08T17:55:50.770Z I "[SSE]","state:","connected"
2024-09-08T17:58:16.447Z I "[SSE]","state:","connected"
2024-09-08T17:59:50.770Z I "[SSE]","heartbeat"
2024-09-08T17:59:50.770Z I "[SSE]","state:","connected"
2024-09-08T18:03:04.532Z I "[SSE]","state:","connected"
2024-09-08T18:03:50.767Z I "[SSE]","heartbeat"
2024-09-08T18:03:50.767Z I "[SSE]","state:","connected"
2024-09-08T18:07:50.766Z I "[SSE]","heartbeat"
2024-09-08T18:07:50.766Z I "[SSE]","state:","connected"
2024-09-08T18:07:52.534Z I "[SSE]","state:","connected"
2024-09-08T18:11:50.765Z I "[SSE]","heartbeat"
2024-09-08T18:11:50.765Z I "[SSE]","state:","connected"
2024-09-08T18:12:40.580Z I "[SSE]","state:","connected"
2024-09-08T18:15:50.764Z I "[SSE]","heartbeat"
2024-09-08T18:15:50.764Z I "[SSE]","state:","connected"
2024-09-08T18:17:28.673Z I "[SSE]","state:","connected"
2024-09-08T18:19:50.763Z I "[SSE]","heartbeat"
2024-09-08T18:19:50.763Z I "[SSE]","state:","connected"
2024-09-08T18:22:16.772Z I "[SSE]","state:","connected"
2024-09-08T18:23:50.763Z I "[SSE]","heartbeat"
2024-09-08T18:23:50.763Z I "[SSE]","state:","connected"
2024-09-08T18:27:04.874Z I "[SSE]","state:","connected"
2024-09-08T18:27:50.763Z I "[SSE]","heartbeat"
2024-09-08T18:27:50.763Z I "[SSE]","state:","connected"
2024-09-08T18:31:50.763Z I "[SSE]","heartbeat"
2024-09-08T18:31:50.763Z I "[SSE]","state:","connected"
2024-09-08T18:31:52.877Z I "[SSE]","state:","connected"
2024-09-08T18:35:50.764Z I "[SSE]","heartbeat"
2024-09-08T18:35:50.764Z I "[SSE]","state:","connected"
2024-09-08T18:36:40.923Z I "[SSE]","state:","connected"
2024-09-08T18:39:50.764Z I "[SSE]","heartbeat"
2024-09-08T18:39:50.764Z I "[SSE]","state:","connected"
2024-09-08T18:41:29.017Z I "[SSE]","state:","connected"
2024-09-08T18:42:47.375Z I "[2024-09-08T18:42:47.374Z]","[ElectronUpdater]","INFO:","Checking for update"
2024-09-08T18:42:47.375Z I "[2024-09-08T18:42:47.375Z]","[ElectronUpdater]","INFO:","checking-for-update"
2024-09-08T18:42:48.222Z I "[2024-09-08T18:42:48.222Z]","[ElectronUpdater]","INFO:","Update for version 244.240903.0 is not available (latest version: 244.240903.0, downgrade is disallowed)."
2024-09-08T18:42:48.222Z I "[2024-09-08T18:42:48.222Z]","[ElectronUpdater]","INFO:","update not available:",{"version":"244.240903.0","files":[{"url":"tutanota-desktop-linux.AppImage","sha512":"wTNYRZIyoyhOZfUGRy7a+3E8SqgtSAN2Cw346087TEh1OdBrw7IqtaA9nDIE9VZEI1BEYSTGI3YOBXVAZPJThQ==","size":126933963,"blockMapSize":134111}],"path":"tutanota-desktop-linux.AppImage","sha512":"wTNYRZIyoyhOZfUGRy7a+3E8SqgtSAN2Cw346087TEh1OdBrw7IqtaA9nDIE9VZEI1BEYSTGI3YOBXVAZPJThQ==","releaseDate":"2024-09-03T11:38:00.509Z","signature":"Et8d1FxfLM0PB45UiYNtwSZtZCbRnuxndtro3n5AvdFOcJW5K3GW0o2yCyrx/o+T7Vv0GBigCXl7mK78aER+nh2OikxyGx9oU6zPUgVsPP4WYPvXVe99I1JkiZiZy5sBQxfAzIguKUBA+3OL0UMI8mpZWChtFRxKIdQRyh5ygTQRuC7DSigvOtZTBK+m9XZ5J9MyVaThLkwW05cXysIGXSf2d+cHdQL9cgyB/50JS6qBWNPxlVo9KIwv2KbyV7WtYOkudRPmrxfy+yk7kbWqFrwGEphjt6eG/zYo7Kg55czW+Furp/qRk5HzoV+qafx9vXEXkOhXrRgRWklxzLrf/w=="}
2024-09-08T18:43:50.765Z I "[SSE]","heartbeat"
2024-09-08T18:43:50.765Z I "[SSE]","state:","connected"
2024-09-08T18:46:17.116Z I "[SSE]","state:","connected"